<?xml version="1.0" encoding="UTF-8"?>
<testsuite xmlns:xsi="http://www.w3.org/2001/XMLSchema-instance" xsi:noNamespaceSchemaLocation="https://maven.apache.org/surefire/maven-surefire-plugin/xsd/surefire-test-report-3.0.xsd" version="3.0" name="com.rapidsecure.rapidsecure.RapidsecureApplicationTests" time="20.34" tests="1" errors="0" skipped="0" failures="0">
  <properties>
    <property name="java.specification.version" value="21"/>
    <property name="sun.jnu.encoding" value="UTF-8"/>
    <property name="java.class.path" value="/home/sucode/Documentos/rapid/rapidsecure-backend/target/test-classes:/home/sucode/Documentos/rapid/rapidsecure-backend/target/classes:/home/sucode/.m2/repository/org/springframework/boot/spring-boot-starter-data-jpa/3.3.1/spring-boot-starter-data-jpa-3.3.1.jar:/home/sucode/.m2/repository/org/springframework/boot/spring-boot-starter-aop/3.3.1/spring-boot-starter-aop-3.3.1.jar:/home/sucode/.m2/repository/org/springframework/spring-aop/6.1.10/spring-aop-6.1.10.jar:/home/sucode/.m2/repository/org/aspectj/aspectjweaver/1.9.22/aspectjweaver-1.9.22.jar:/home/sucode/.m2/repository/org/springframework/boot/spring-boot-starter-jdbc/3.3.1/spring-boot-starter-jdbc-3.3.1.jar:/home/sucode/.m2/repository/com/zaxxer/HikariCP/5.1.0/HikariCP-5.1.0.jar:/home/sucode/.m2/repository/org/springframework/spring-jdbc/6.1.10/spring-jdbc-6.1.10.jar:/home/sucode/.m2/repository/org/hibernate/orm/hibernate-core/6.5.2.Final/hibernate-core-6.5.2.Final.jar:/home/sucode/.m2/repository/jakarta/persistence/jakarta.persistence-api/3.1.0/jakarta.persistence-api-3.1.0.jar:/home/sucode/.m2/repository/jakarta/transaction/jakarta.transaction-api/2.0.1/jakarta.transaction-api-2.0.1.jar:/home/sucode/.m2/repository/org/jboss/logging/jboss-logging/3.5.3.Final/jboss-logging-3.5.3.Final.jar:/home/sucode/.m2/repository/org/hibernate/common/hibernate-commons-annotations/6.0.6.Final/hibernate-commons-annotations-6.0.6.Final.jar:/home/sucode/.m2/repository/io/smallrye/jandex/3.1.2/jandex-3.1.2.jar:/home/sucode/.m2/repository/com/fasterxml/classmate/1.7.0/classmate-1.7.0.jar:/home/sucode/.m2/repository/net/bytebuddy/byte-buddy/1.14.17/byte-buddy-1.14.17.jar:/home/sucode/.m2/repository/org/glassfish/jaxb/jaxb-runtime/4.0.5/jaxb-runtime-4.0.5.jar:/home/sucode/.m2/repository/org/glassfish/jaxb/jaxb-core/4.0.5/jaxb-core-4.0.5.jar:/home/sucode/.m2/repository/org/eclipse/angus/angus-activation/2.0.2/angus-activation-2.0.2.jar:/home/sucode/.m2/repository/org/glassfish/jaxb/txw2/4.0.5/txw2-4.0.5.jar:/home/sucode/.m2/repository/com/sun/istack/istack-commons-runtime/4.1.2/istack-commons-runtime-4.1.2.jar:/home/sucode/.m2/repository/jakarta/inject/jakarta.inject-api/2.0.1/jakarta.inject-api-2.0.1.jar:/home/sucode/.m2/repository/org/antlr/antlr4-runtime/4.13.0/antlr4-runtime-4.13.0.jar:/home/sucode/.m2/repository/org/springframework/data/spring-data-jpa/3.3.1/spring-data-jpa-3.3.1.jar:/home/sucode/.m2/repository/org/springframework/data/spring-data-commons/3.3.1/spring-data-commons-3.3.1.jar:/home/sucode/.m2/repository/org/springframework/spring-orm/6.1.10/spring-orm-6.1.10.jar:/home/sucode/.m2/repository/org/springframework/spring-context/6.1.10/spring-context-6.1.10.jar:/home/sucode/.m2/repository/org/springframework/spring-tx/6.1.10/spring-tx-6.1.10.jar:/home/sucode/.m2/repository/org/springframework/spring-beans/6.1.10/spring-beans-6.1.10.jar:/home/sucode/.m2/repository/jakarta/annotation/jakarta.annotation-api/2.1.1/jakarta.annotation-api-2.1.1.jar:/home/sucode/.m2/repository/org/slf4j/slf4j-api/2.0.13/slf4j-api-2.0.13.jar:/home/sucode/.m2/repository/org/springframework/spring-aspects/6.1.10/spring-aspects-6.1.10.jar:/home/sucode/.m2/repository/org/springframework/boot/spring-boot-starter-web/3.3.1/spring-boot-starter-web-3.3.1.jar:/home/sucode/.m2/repository/org/springframework/boot/spring-boot-starter/3.3.1/spring-boot-starter-3.3.1.jar:/home/sucode/.m2/repository/org/springframework/boot/spring-boot/3.3.1/spring-boot-3.3.1.jar:/home/sucode/.m2/repository/org/springframework/boot/spring-boot-autoconfigure/3.3.1/spring-boot-autoconfigure-3.3.1.jar:/home/sucode/.m2/repository/org/springframework/boot/spring-boot-starter-logging/3.3.1/spring-boot-starter-logging-3.3.1.jar:/home/sucode/.m2/repository/ch/qos/logback/logback-classic/1.5.6/logback-classic-1.5.6.jar:/home/sucode/.m2/repository/ch/qos/logback/logback-core/1.5.6/logback-core-1.5.6.jar:/home/sucode/.m2/repository/org/apache/logging/log4j/log4j-to-slf4j/2.23.1/log4j-to-slf4j-2.23.1.jar:/home/sucode/.m2/repository/org/apache/logging/log4j/log4j-api/2.23.1/log4j-api-2.23.1.jar:/home/sucode/.m2/repository/org/slf4j/jul-to-slf4j/2.0.13/jul-to-slf4j-2.0.13.jar:/home/sucode/.m2/repository/org/yaml/snakeyaml/2.2/snakeyaml-2.2.jar:/home/sucode/.m2/repository/org/springframework/boot/spring-boot-starter-json/3.3.1/spring-boot-starter-json-3.3.1.jar:/home/sucode/.m2/repository/com/fasterxml/jackson/core/jackson-databind/2.17.1/jackson-databind-2.17.1.jar:/home/sucode/.m2/repository/com/fasterxml/jackson/core/jackson-annotations/2.17.1/jackson-annotations-2.17.1.jar:/home/sucode/.m2/repository/com/fasterxml/jackson/core/jackson-core/2.17.1/jackson-core-2.17.1.jar:/home/sucode/.m2/repository/com/fasterxml/jackson/datatype/jackson-datatype-jdk8/2.17.1/jackson-datatype-jdk8-2.17.1.jar:/home/sucode/.m2/repository/com/fasterxml/jackson/datatype/jackson-datatype-jsr310/2.17.1/jackson-datatype-jsr310-2.17.1.jar:/home/sucode/.m2/repository/com/fasterxml/jackson/module/jackson-module-parameter-names/2.17.1/jackson-module-parameter-names-2.17.1.jar:/home/sucode/.m2/repository/org/springframework/boot/spring-boot-starter-tomcat/3.3.1/spring-boot-starter-tomcat-3.3.1.jar:/home/sucode/.m2/repository/org/apache/tomcat/embed/tomcat-embed-core/10.1.25/tomcat-embed-core-10.1.25.jar:/home/sucode/.m2/repository/org/apache/tomcat/embed/tomcat-embed-el/10.1.25/tomcat-embed-el-10.1.25.jar:/home/sucode/.m2/repository/org/apache/tomcat/embed/tomcat-embed-websocket/10.1.25/tomcat-embed-websocket-10.1.25.jar:/home/sucode/.m2/repository/org/springframework/spring-web/6.1.10/spring-web-6.1.10.jar:/home/sucode/.m2/repository/io/micrometer/micrometer-observation/1.13.1/micrometer-observation-1.13.1.jar:/home/sucode/.m2/repository/io/micrometer/micrometer-commons/1.13.1/micrometer-commons-1.13.1.jar:/home/sucode/.m2/repository/org/springframework/spring-webmvc/6.1.10/spring-webmvc-6.1.10.jar:/home/sucode/.m2/repository/org/springframework/spring-expression/6.1.10/spring-expression-6.1.10.jar:/home/sucode/.m2/repository/org/postgresql/postgresql/42.7.3/postgresql-42.7.3.jar:/home/sucode/.m2/repository/org/checkerframework/checker-qual/3.42.0/checker-qual-3.42.0.jar:/home/sucode/.m2/repository/org/springframework/boot/spring-boot-starter-test/3.3.1/spring-boot-starter-test-3.3.1.jar:/home/sucode/.m2/repository/org/springframework/boot/spring-boot-test/3.3.1/spring-boot-test-3.3.1.jar:/home/sucode/.m2/repository/org/springframework/boot/spring-boot-test-autoconfigure/3.3.1/spring-boot-test-autoconfigure-3.3.1.jar:/home/sucode/.m2/repository/com/jayway/jsonpath/json-path/2.9.0/json-path-2.9.0.jar:/home/sucode/.m2/repository/jakarta/xml/bind/jakarta.xml.bind-api/4.0.2/jakarta.xml.bind-api-4.0.2.jar:/home/sucode/.m2/repository/jakarta/activation/jakarta.activation-api/2.1.3/jakarta.activation-api-2.1.3.jar:/home/sucode/.m2/repository/net/minidev/json-smart/2.5.1/json-smart-2.5.1.jar:/home/sucode/.m2/repository/net/minidev/accessors-smart/2.5.1/accessors-smart-2.5.1.jar:/home/sucode/.m2/repository/org/ow2/asm/asm/9.6/asm-9.6.jar:/home/sucode/.m2/repository/org/assertj/assertj-core/3.25.3/assertj-core-3.25.3.jar:/home/sucode/.m2/repository/org/awaitility/awaitility/4.2.1/awaitility-4.2.1.jar:/home/sucode/.m2/repository/org/hamcrest/hamcrest/2.2/hamcrest-2.2.jar:/home/sucode/.m2/repository/org/junit/jupiter/junit-jupiter/5.10.2/junit-jupiter-5.10.2.jar:/home/sucode/.m2/repository/org/junit/jupiter/junit-jupiter-api/5.10.2/junit-jupiter-api-5.10.2.jar:/home/sucode/.m2/repository/org/opentest4j/opentest4j/1.3.0/opentest4j-1.3.0.jar:/home/sucode/.m2/repository/org/junit/platform/junit-platform-commons/1.10.2/junit-platform-commons-1.10.2.jar:/home/sucode/.m2/repository/org/apiguardian/apiguardian-api/1.1.2/apiguardian-api-1.1.2.jar:/home/sucode/.m2/repository/org/junit/jupiter/junit-jupiter-params/5.10.2/junit-jupiter-params-5.10.2.jar:/home/sucode/.m2/repository/org/junit/jupiter/junit-jupiter-engine/5.10.2/junit-jupiter-engine-5.10.2.jar:/home/sucode/.m2/repository/org/junit/platform/junit-platform-engine/1.10.2/junit-platform-engine-1.10.2.jar:/home/sucode/.m2/repository/org/mockito/mockito-core/5.11.0/mockito-core-5.11.0.jar:/home/sucode/.m2/repository/net/bytebuddy/byte-buddy-agent/1.14.17/byte-buddy-agent-1.14.17.jar:/home/sucode/.m2/repository/org/objenesis/objenesis/3.3/objenesis-3.3.jar:/home/sucode/.m2/repository/org/mockito/mockito-junit-jupiter/5.11.0/mockito-junit-jupiter-5.11.0.jar:/home/sucode/.m2/repository/org/skyscreamer/jsonassert/1.5.1/jsonassert-1.5.1.jar:/home/sucode/.m2/repository/com/vaadin/external/google/android-json/0.0.20131108.vaadin1/android-json-0.0.20131108.vaadin1.jar:/home/sucode/.m2/repository/org/springframework/spring-core/6.1.10/spring-core-6.1.10.jar:/home/sucode/.m2/repository/org/springframework/spring-jcl/6.1.10/spring-jcl-6.1.10.jar:/home/sucode/.m2/repository/org/springframework/spring-test/6.1.10/spring-test-6.1.10.jar:/home/sucode/.m2/repository/org/xmlunit/xmlunit-core/2.9.1/xmlunit-core-2.9.1.jar:/home/sucode/.m2/repository/javax/servlet/javax.servlet-api/4.0.1/javax.servlet-api-4.0.1.jar:/home/sucode/.m2/repository/org/springdoc/springdoc-openapi-starter-webmvc-ui/2.6.0/springdoc-openapi-starter-webmvc-ui-2.6.0.jar:/home/sucode/.m2/repository/org/springdoc/springdoc-openapi-starter-webmvc-api/2.6.0/springdoc-openapi-starter-webmvc-api-2.6.0.jar:/home/sucode/.m2/repository/org/springdoc/springdoc-openapi-starter-common/2.6.0/springdoc-openapi-starter-common-2.6.0.jar:/home/sucode/.m2/repository/io/swagger/core/v3/swagger-core-jakarta/2.2.22/swagger-core-jakarta-2.2.22.jar:/home/sucode/.m2/repository/org/apache/commons/commons-lang3/3.14.0/commons-lang3-3.14.0.jar:/home/sucode/.m2/repository/io/swagger/core/v3/swagger-annotations-jakarta/2.2.22/swagger-annotations-jakarta-2.2.22.jar:/home/sucode/.m2/repository/io/swagger/core/v3/swagger-models-jakarta/2.2.22/swagger-models-jakarta-2.2.22.jar:/home/sucode/.m2/repository/jakarta/validation/jakarta.validation-api/3.0.2/jakarta.validation-api-3.0.2.jar:/home/sucode/.m2/repository/com/fasterxml/jackson/dataformat/jackson-dataformat-yaml/2.17.1/jackson-dataformat-yaml-2.17.1.jar:/home/sucode/.m2/repository/org/webjars/swagger-ui/5.17.14/swagger-ui-5.17.14.jar:"/>
    <property name="java.vm.vendor" value="Ubuntu"/>
    <property name="sun.arch.data.model" value="64"/>
    <property name="java.vendor.url" value="https://ubuntu.com/"/>
    <property name="user.timezone" value="America/Guayaquil"/>
    <property name="org.jboss.logging.provider" value="slf4j"/>
    <property name="os.name" value="Linux"/>
    <property name="java.vm.specification.version" value="21"/>
    <property name="sun.java.launcher" value="SUN_STANDARD"/>
    <property name="user.country" value="EC"/>
    <property name="sun.boot.library.path" value="/usr/lib/jvm/java-21-openjdk-amd64/lib"/>
    <property name="sun.java.command" value="/home/sucode/Documentos/rapid/rapidsecure-backend/target/surefire/surefirebooter-20240810205900646_3.jar /home/sucode/Documentos/rapid/rapidsecure-backend/target/surefire 2024-08-10T20-58-56_701-jvmRun1 surefire-20240810205900646_1tmp surefire_0-20240810205900646_2tmp"/>
    <property name="jdk.debug" value="release"/>
    <property name="surefire.test.class.path" value="/home/sucode/Documentos/rapid/rapidsecure-backend/target/test-classes:/home/sucode/Documentos/rapid/rapidsecure-backend/target/classes:/home/sucode/.m2/repository/org/springframework/boot/spring-boot-starter-data-jpa/3.3.1/spring-boot-starter-data-jpa-3.3.1.jar:/home/sucode/.m2/repository/org/springframework/boot/spring-boot-starter-aop/3.3.1/spring-boot-starter-aop-3.3.1.jar:/home/sucode/.m2/repository/org/springframework/spring-aop/6.1.10/spring-aop-6.1.10.jar:/home/sucode/.m2/repository/org/aspectj/aspectjweaver/1.9.22/aspectjweaver-1.9.22.jar:/home/sucode/.m2/repository/org/springframework/boot/spring-boot-starter-jdbc/3.3.1/spring-boot-starter-jdbc-3.3.1.jar:/home/sucode/.m2/repository/com/zaxxer/HikariCP/5.1.0/HikariCP-5.1.0.jar:/home/sucode/.m2/repository/org/springframework/spring-jdbc/6.1.10/spring-jdbc-6.1.10.jar:/home/sucode/.m2/repository/org/hibernate/orm/hibernate-core/6.5.2.Final/hibernate-core-6.5.2.Final.jar:/home/sucode/.m2/repository/jakarta/persistence/jakarta.persistence-api/3.1.0/jakarta.persistence-api-3.1.0.jar:/home/sucode/.m2/repository/jakarta/transaction/jakarta.transaction-api/2.0.1/jakarta.transaction-api-2.0.1.jar:/home/sucode/.m2/repository/org/jboss/logging/jboss-logging/3.5.3.Final/jboss-logging-3.5.3.Final.jar:/home/sucode/.m2/repository/org/hibernate/common/hibernate-commons-annotations/6.0.6.Final/hibernate-commons-annotations-6.0.6.Final.jar:/home/sucode/.m2/repository/io/smallrye/jandex/3.1.2/jandex-3.1.2.jar:/home/sucode/.m2/repository/com/fasterxml/classmate/1.7.0/classmate-1.7.0.jar:/home/sucode/.m2/repository/net/bytebuddy/byte-buddy/1.14.17/byte-buddy-1.14.17.jar:/home/sucode/.m2/repository/org/glassfish/jaxb/jaxb-runtime/4.0.5/jaxb-runtime-4.0.5.jar:/home/sucode/.m2/repository/org/glassfish/jaxb/jaxb-core/4.0.5/jaxb-core-4.0.5.jar:/home/sucode/.m2/repository/org/eclipse/angus/angus-activation/2.0.2/angus-activation-2.0.2.jar:/home/sucode/.m2/repository/org/glassfish/jaxb/txw2/4.0.5/txw2-4.0.5.jar:/home/sucode/.m2/repository/com/sun/istack/istack-commons-runtime/4.1.2/istack-commons-runtime-4.1.2.jar:/home/sucode/.m2/repository/jakarta/inject/jakarta.inject-api/2.0.1/jakarta.inject-api-2.0.1.jar:/home/sucode/.m2/repository/org/antlr/antlr4-runtime/4.13.0/antlr4-runtime-4.13.0.jar:/home/sucode/.m2/repository/org/springframework/data/spring-data-jpa/3.3.1/spring-data-jpa-3.3.1.jar:/home/sucode/.m2/repository/org/springframework/data/spring-data-commons/3.3.1/spring-data-commons-3.3.1.jar:/home/sucode/.m2/repository/org/springframework/spring-orm/6.1.10/spring-orm-6.1.10.jar:/home/sucode/.m2/repository/org/springframework/spring-context/6.1.10/spring-context-6.1.10.jar:/home/sucode/.m2/repository/org/springframework/spring-tx/6.1.10/spring-tx-6.1.10.jar:/home/sucode/.m2/repository/org/springframework/spring-beans/6.1.10/spring-beans-6.1.10.jar:/home/sucode/.m2/repository/jakarta/annotation/jakarta.annotation-api/2.1.1/jakarta.annotation-api-2.1.1.jar:/home/sucode/.m2/repository/org/slf4j/slf4j-api/2.0.13/slf4j-api-2.0.13.jar:/home/sucode/.m2/repository/org/springframework/spring-aspects/6.1.10/spring-aspects-6.1.10.jar:/home/sucode/.m2/repository/org/springframework/boot/spring-boot-starter-web/3.3.1/spring-boot-starter-web-3.3.1.jar:/home/sucode/.m2/repository/org/springframework/boot/spring-boot-starter/3.3.1/spring-boot-starter-3.3.1.jar:/home/sucode/.m2/repository/org/springframework/boot/spring-boot/3.3.1/spring-boot-3.3.1.jar:/home/sucode/.m2/repository/org/springframework/boot/spring-boot-autoconfigure/3.3.1/spring-boot-autoconfigure-3.3.1.jar:/home/sucode/.m2/repository/org/springframework/boot/spring-boot-starter-logging/3.3.1/spring-boot-starter-logging-3.3.1.jar:/home/sucode/.m2/repository/ch/qos/logback/logback-classic/1.5.6/logback-classic-1.5.6.jar:/home/sucode/.m2/repository/ch/qos/logback/logback-core/1.5.6/logback-core-1.5.6.jar:/home/sucode/.m2/repository/org/apache/logging/log4j/log4j-to-slf4j/2.23.1/log4j-to-slf4j-2.23.1.jar:/home/sucode/.m2/repository/org/apache/logging/log4j/log4j-api/2.23.1/log4j-api-2.23.1.jar:/home/sucode/.m2/repository/org/slf4j/jul-to-slf4j/2.0.13/jul-to-slf4j-2.0.13.jar:/home/sucode/.m2/repository/org/yaml/snakeyaml/2.2/snakeyaml-2.2.jar:/home/sucode/.m2/repository/org/springframework/boot/spring-boot-starter-json/3.3.1/spring-boot-starter-json-3.3.1.jar:/home/sucode/.m2/repository/com/fasterxml/jackson/core/jackson-databind/2.17.1/jackson-databind-2.17.1.jar:/home/sucode/.m2/repository/com/fasterxml/jackson/core/jackson-annotations/2.17.1/jackson-annotations-2.17.1.jar:/home/sucode/.m2/repository/com/fasterxml/jackson/core/jackson-core/2.17.1/jackson-core-2.17.1.jar:/home/sucode/.m2/repository/com/fasterxml/jackson/datatype/jackson-datatype-jdk8/2.17.1/jackson-datatype-jdk8-2.17.1.jar:/home/sucode/.m2/repository/com/fasterxml/jackson/datatype/jackson-datatype-jsr310/2.17.1/jackson-datatype-jsr310-2.17.1.jar:/home/sucode/.m2/repository/com/fasterxml/jackson/module/jackson-module-parameter-names/2.17.1/jackson-module-parameter-names-2.17.1.jar:/home/sucode/.m2/repository/org/springframework/boot/spring-boot-starter-tomcat/3.3.1/spring-boot-starter-tomcat-3.3.1.jar:/home/sucode/.m2/repository/org/apache/tomcat/embed/tomcat-embed-core/10.1.25/tomcat-embed-core-10.1.25.jar:/home/sucode/.m2/repository/org/apache/tomcat/embed/tomcat-embed-el/10.1.25/tomcat-embed-el-10.1.25.jar:/home/sucode/.m2/repository/org/apache/tomcat/embed/tomcat-embed-websocket/10.1.25/tomcat-embed-websocket-10.1.25.jar:/home/sucode/.m2/repository/org/springframework/spring-web/6.1.10/spring-web-6.1.10.jar:/home/sucode/.m2/repository/io/micrometer/micrometer-observation/1.13.1/micrometer-observation-1.13.1.jar:/home/sucode/.m2/repository/io/micrometer/micrometer-commons/1.13.1/micrometer-commons-1.13.1.jar:/home/sucode/.m2/repository/org/springframework/spring-webmvc/6.1.10/spring-webmvc-6.1.10.jar:/home/sucode/.m2/repository/org/springframework/spring-expression/6.1.10/spring-expression-6.1.10.jar:/home/sucode/.m2/repository/org/postgresql/postgresql/42.7.3/postgresql-42.7.3.jar:/home/sucode/.m2/repository/org/checkerframework/checker-qual/3.42.0/checker-qual-3.42.0.jar:/home/sucode/.m2/repository/org/springframework/boot/spring-boot-starter-test/3.3.1/spring-boot-starter-test-3.3.1.jar:/home/sucode/.m2/repository/org/springframework/boot/spring-boot-test/3.3.1/spring-boot-test-3.3.1.jar:/home/sucode/.m2/repository/org/springframework/boot/spring-boot-test-autoconfigure/3.3.1/spring-boot-test-autoconfigure-3.3.1.jar:/home/sucode/.m2/repository/com/jayway/jsonpath/json-path/2.9.0/json-path-2.9.0.jar:/home/sucode/.m2/repository/jakarta/xml/bind/jakarta.xml.bind-api/4.0.2/jakarta.xml.bind-api-4.0.2.jar:/home/sucode/.m2/repository/jakarta/activation/jakarta.activation-api/2.1.3/jakarta.activation-api-2.1.3.jar:/home/sucode/.m2/repository/net/minidev/json-smart/2.5.1/json-smart-2.5.1.jar:/home/sucode/.m2/repository/net/minidev/accessors-smart/2.5.1/accessors-smart-2.5.1.jar:/home/sucode/.m2/repository/org/ow2/asm/asm/9.6/asm-9.6.jar:/home/sucode/.m2/repository/org/assertj/assertj-core/3.25.3/assertj-core-3.25.3.jar:/home/sucode/.m2/repository/org/awaitility/awaitility/4.2.1/awaitility-4.2.1.jar:/home/sucode/.m2/repository/org/hamcrest/hamcrest/2.2/hamcrest-2.2.jar:/home/sucode/.m2/repository/org/junit/jupiter/junit-jupiter/5.10.2/junit-jupiter-5.10.2.jar:/home/sucode/.m2/repository/org/junit/jupiter/junit-jupiter-api/5.10.2/junit-jupiter-api-5.10.2.jar:/home/sucode/.m2/repository/org/opentest4j/opentest4j/1.3.0/opentest4j-1.3.0.jar:/home/sucode/.m2/repository/org/junit/platform/junit-platform-commons/1.10.2/junit-platform-commons-1.10.2.jar:/home/sucode/.m2/repository/org/apiguardian/apiguardian-api/1.1.2/apiguardian-api-1.1.2.jar:/home/sucode/.m2/repository/org/junit/jupiter/junit-jupiter-params/5.10.2/junit-jupiter-params-5.10.2.jar:/home/sucode/.m2/repository/org/junit/jupiter/junit-jupiter-engine/5.10.2/junit-jupiter-engine-5.10.2.jar:/home/sucode/.m2/repository/org/junit/platform/junit-platform-engine/1.10.2/junit-platform-engine-1.10.2.jar:/home/sucode/.m2/repository/org/mockito/mockito-core/5.11.0/mockito-core-5.11.0.jar:/home/sucode/.m2/repository/net/bytebuddy/byte-buddy-agent/1.14.17/byte-buddy-agent-1.14.17.jar:/home/sucode/.m2/repository/org/objenesis/objenesis/3.3/objenesis-3.3.jar:/home/sucode/.m2/repository/org/mockito/mockito-junit-jupiter/5.11.0/mockito-junit-jupiter-5.11.0.jar:/home/sucode/.m2/repository/org/skyscreamer/jsonassert/1.5.1/jsonassert-1.5.1.jar:/home/sucode/.m2/repository/com/vaadin/external/google/android-json/0.0.20131108.vaadin1/android-json-0.0.20131108.vaadin1.jar:/home/sucode/.m2/repository/org/springframework/spring-core/6.1.10/spring-core-6.1.10.jar:/home/sucode/.m2/repository/org/springframework/spring-jcl/6.1.10/spring-jcl-6.1.10.jar:/home/sucode/.m2/repository/org/springframework/spring-test/6.1.10/spring-test-6.1.10.jar:/home/sucode/.m2/repository/org/xmlunit/xmlunit-core/2.9.1/xmlunit-core-2.9.1.jar:/home/sucode/.m2/repository/javax/servlet/javax.servlet-api/4.0.1/javax.servlet-api-4.0.1.jar:/home/sucode/.m2/repository/org/springdoc/springdoc-openapi-starter-webmvc-ui/2.6.0/springdoc-openapi-starter-webmvc-ui-2.6.0.jar:/home/sucode/.m2/repository/org/springdoc/springdoc-openapi-starter-webmvc-api/2.6.0/springdoc-openapi-starter-webmvc-api-2.6.0.jar:/home/sucode/.m2/repository/org/springdoc/springdoc-openapi-starter-common/2.6.0/springdoc-openapi-starter-common-2.6.0.jar:/home/sucode/.m2/repository/io/swagger/core/v3/swagger-core-jakarta/2.2.22/swagger-core-jakarta-2.2.22.jar:/home/sucode/.m2/repository/org/apache/commons/commons-lang3/3.14.0/commons-lang3-3.14.0.jar:/home/sucode/.m2/repository/io/swagger/core/v3/swagger-annotations-jakarta/2.2.22/swagger-annotations-jakarta-2.2.22.jar:/home/sucode/.m2/repository/io/swagger/core/v3/swagger-models-jakarta/2.2.22/swagger-models-jakarta-2.2.22.jar:/home/sucode/.m2/repository/jakarta/validation/jakarta.validation-api/3.0.2/jakarta.validation-api-3.0.2.jar:/home/sucode/.m2/repository/com/fasterxml/jackson/dataformat/jackson-dataformat-yaml/2.17.1/jackson-dataformat-yaml-2.17.1.jar:/home/sucode/.m2/repository/org/webjars/swagger-ui/5.17.14/swagger-ui-5.17.14.jar:"/>
    <property name="sun.cpu.endian" value="little"/>
    <property name="user.home" value="/home/sucode"/>
    <property name="user.language" value="es"/>
    <property name="java.specification.vendor" value="Oracle Corporation"/>
    <property name="java.version.date" value="2024-07-16"/>
    <property name="java.home" value="/usr/lib/jvm/java-21-openjdk-amd64"/>
    <property name="file.separator" value="/"/>
    <property name="basedir" value="/home/sucode/Documentos/rapid/rapidsecure-backend"/>
    <property name="java.vm.compressedOopsMode" value="Zero based"/>
    <property name="line.separator" value="&#10;"/>
    <property name="java.vm.specification.vendor" value="Oracle Corporation"/>
    <property name="java.specification.name" value="Java Platform API Specification"/>
    <property name="FILE_LOG_CHARSET" value="UTF-8"/>
    <property name="java.awt.headless" value="true"/>
    <property name="surefire.real.class.path" value="/home/sucode/Documentos/rapid/rapidsecure-backend/target/surefire/surefirebooter-20240810205900646_3.jar"/>
    <property name="sun.management.compiler" value="HotSpot 64-Bit Tiered Compilers"/>
    <property name="java.runtime.version" value="21.0.4+7-Ubuntu-1ubuntu222.04"/>
    <property name="user.name" value="sucode"/>
    <property name="stdout.encoding" value="UTF-8"/>
    <property name="path.separator" value=":"/>
    <property name="os.version" value="6.5.0-45-generic"/>
    <property name="java.runtime.name" value="OpenJDK Runtime Environment"/>
    <property name="file.encoding" value="UTF-8"/>
    <property name="java.vm.name" value="OpenJDK 64-Bit Server VM"/>
    <property name="localRepository" value="/home/sucode/.m2/repository"/>
    <property name="java.vendor.url.bug" value="https://bugs.launchpad.net/ubuntu/+source/openjdk-21"/>
    <property name="java.io.tmpdir" value="/tmp"/>
    <property name="com.zaxxer.hikari.pool_number" value="1"/>
    <property name="java.version" value="21.0.4"/>
    <property name="user.dir" value="/home/sucode/Documentos/rapid/rapidsecure-backend"/>
    <property name="os.arch" value="amd64"/>
    <property name="java.vm.specification.name" value="Java Virtual Machine Specification"/>
    <property name="PID" value="40026"/>
    <property name="CONSOLE_LOG_CHARSET" value="UTF-8"/>
    <property name="native.encoding" value="UTF-8"/>
    <property name="java.library.path" value="/usr/java/packages/lib:/usr/lib/x86_64-linux-gnu/jni:/lib/x86_64-linux-gnu:/usr/lib/x86_64-linux-gnu:/usr/lib/jni:/lib:/usr/lib"/>
    <property name="java.vm.info" value="mixed mode, sharing"/>
    <property name="stderr.encoding" value="UTF-8"/>
    <property name="java.vendor" value="Ubuntu"/>
    <property name="java.vm.version" value="21.0.4+7-Ubuntu-1ubuntu222.04"/>
    <property name="sun.io.unicode.encoding" value="UnicodeLittle"/>
    <property name="java.class.version" value="65.0"/>
    <property name="LOGGED_APPLICATION_NAME" value="[rapidsecure] "/>
  </properties>
  <testcase name="contextLoads" classname="com.rapidsecure.rapidsecure.RapidsecureApplicationTests" time="0.789">
    <system-out><![CDATA[20:59:01.954 [main] INFO org.springframework.test.context.support.AnnotationConfigContextLoaderUtils -- Could not detect default configuration classes for test class [com.rapidsecure.rapidsecure.RapidsecureApplicationTests]: RapidsecureApplicationTests does not declare any static, non-private, non-final, nested classes annotated with @Configuration.
20:59:02.137 [main] INFO org.springframework.boot.test.context.SpringBootTestContextBootstrapper -- Found @SpringBootConfiguration com.rapidsecure.rapidsecure.RapidsecureApplication for test class com.rapidsecure.rapidsecure.RapidsecureApplicationTests

  .   ____          _            __ _ _
 /\\ / ___'_ __ _ _(_)_ __  __ _ \ \ \ \
( ( )\___ | '_ | '_| | '_ \/ _` | \ \ \ \
 \\/  ___)| |_)| | | | | || (_| |  ) ) ) )
  '  |____| .__|_| |_|_| |_\__, | / / / /
 =========|_|==============|___/=/_/_/_/

 :: Spring Boot ::                (v3.3.1)

2024-08-10T20:59:03.070-05:00  INFO 40026 --- [rapidsecure] [           main] c.r.r.RapidsecureApplicationTests        : Starting RapidsecureApplicationTests using Java 21.0.4 with PID 40026 (started by sucode in /home/sucode/Documentos/rapid/rapidsecure-backend)
2024-08-10T20:59:03.074-05:00  INFO 40026 --- [rapidsecure] [           main] c.r.r.RapidsecureApplicationTests        : No active profile set, falling back to 1 default profile: "default"
2024-08-10T20:59:03.177-05:00 DEBUG 40026 --- [rapidsecure] [           main] o.s.w.c.s.GenericWebApplicationContext   : Refreshing org.springframework.web.context.support.GenericWebApplicationContext@4152d38d
2024-08-10T20:59:05.342-05:00  INFO 40026 --- [rapidsecure] [           main] .s.d.r.c.RepositoryConfigurationDelegate : Bootstrapping Spring Data JPA repositories in DEFAULT mode.
2024-08-10T20:59:05.445-05:00  INFO 40026 --- [rapidsecure] [           main] .s.d.r.c.RepositoryConfigurationDelegate : Finished Spring Data repository scanning in 91 ms. Found 5 JPA repository interfaces.
2024-08-10T20:59:06.529-05:00 DEBUG 40026 --- [rapidsecure] [           main] o.hibernate.jpa.internal.util.LogHelper  : PersistenceUnitInfo [
	name: default
	persistence provider classname: null
	classloader: jdk.internal.loader.ClassLoaders$AppClassLoader@4f2410ac
	excludeUnlistedClasses: true
	JTA datasource: null
	Non JTA datasource: HikariDataSource (null)
	Transaction type: RESOURCE_LOCAL
	PU root URL: file:/home/sucode/Documentos/rapid/rapidsecure-backend/target/test-classes/
	Shared Cache Mode: UNSPECIFIED
	Validation Mode: AUTO
	Jar files URLs []
	Managed classes names [
		com.rapidsecure.rapidsecure.entity.Estado
		com.rapidsecure.rapidsecure.entity.Persona
		com.rapidsecure.rapidsecure.entity.ReporteEmergencia
		com.rapidsecure.rapidsecure.entity.Rol
		com.rapidsecure.rapidsecure.entity.TipoEmergencia]
	Mapping files names []
	Properties []
2024-08-10T20:59:06.545-05:00 DEBUG 40026 --- [rapidsecure] [           main] o.h.i.internal.IntegratorServiceImpl     : Adding Integrator [org.hibernate.boot.beanvalidation.BeanValidationIntegrator].
2024-08-10T20:59:06.547-05:00 DEBUG 40026 --- [rapidsecure] [           main] o.h.i.internal.IntegratorServiceImpl     : Adding Integrator [org.hibernate.cache.internal.CollectionCacheInvalidator].
2024-08-10T20:59:06.599-05:00  INFO 40026 --- [rapidsecure] [           main] org.hibernate.Version                    : HHH000412: Hibernate ORM core version 6.5.2.Final
2024-08-10T20:59:06.603-05:00 DEBUG 40026 --- [rapidsecure] [           main] org.hibernate.cfg.Environment            : HHH000206: 'hibernate.properties' not found
2024-08-10T20:59:06.640-05:00 DEBUG 40026 --- [rapidsecure] [           main] org.hibernate.orm.idgen.factory          : Registering IdentifierGenerator strategy [uuid2] -> [org.hibernate.id.UUIDGenerator]
2024-08-10T20:59:06.641-05:00 DEBUG 40026 --- [rapidsecure] [           main] org.hibernate.orm.idgen.factory          : Registering IdentifierGenerator strategy [guid] -> [org.hibernate.id.GUIDGenerator]
2024-08-10T20:59:06.643-05:00 DEBUG 40026 --- [rapidsecure] [           main] org.hibernate.orm.idgen.factory          : Registering IdentifierGenerator strategy [uuid] -> [org.hibernate.id.UUIDHexGenerator]
2024-08-10T20:59:06.643-05:00 DEBUG 40026 --- [rapidsecure] [           main] org.hibernate.orm.idgen.factory          : Registering IdentifierGenerator strategy [uuid.hex] -> [org.hibernate.id.UUIDHexGenerator]
2024-08-10T20:59:06.644-05:00 DEBUG 40026 --- [rapidsecure] [           main] org.hibernate.orm.idgen.factory          : Registering IdentifierGenerator strategy [assigned] -> [org.hibernate.id.Assigned]
2024-08-10T20:59:06.645-05:00 DEBUG 40026 --- [rapidsecure] [           main] org.hibernate.orm.idgen.factory          : Registering IdentifierGenerator strategy [identity] -> [org.hibernate.id.IdentityGenerator]
2024-08-10T20:59:06.647-05:00 DEBUG 40026 --- [rapidsecure] [           main] org.hibernate.orm.idgen.factory          : Registering IdentifierGenerator strategy [select] -> [org.hibernate.id.SelectGenerator]
2024-08-10T20:59:06.648-05:00 DEBUG 40026 --- [rapidsecure] [           main] org.hibernate.orm.idgen.factory          : Registering IdentifierGenerator strategy [sequence] -> [org.hibernate.id.enhanced.SequenceStyleGenerator]
2024-08-10T20:59:06.649-05:00 DEBUG 40026 --- [rapidsecure] [           main] org.hibernate.orm.idgen.factory          : Registering IdentifierGenerator strategy [increment] -> [org.hibernate.id.IncrementGenerator]
2024-08-10T20:59:06.650-05:00 DEBUG 40026 --- [rapidsecure] [           main] org.hibernate.orm.idgen.factory          : Registering IdentifierGenerator strategy [foreign] -> [org.hibernate.id.ForeignGenerator]
2024-08-10T20:59:06.652-05:00 DEBUG 40026 --- [rapidsecure] [           main] org.hibernate.orm.idgen.factory          : Registering IdentifierGenerator strategy [enhanced-sequence] -> [org.hibernate.id.enhanced.SequenceStyleGenerator]
2024-08-10T20:59:06.654-05:00 DEBUG 40026 --- [rapidsecure] [           main] org.hibernate.orm.idgen.factory          : Registering IdentifierGenerator strategy [enhanced-table] -> [org.hibernate.id.enhanced.TableGenerator]
2024-08-10T20:59:06.667-05:00 DEBUG 40026 --- [rapidsecure] [           main] o.h.c.internal.RegionFactoryInitiator    : Cannot default RegionFactory based on registered strategies as `[]` RegionFactory strategies were registered
2024-08-10T20:59:06.670-05:00  INFO 40026 --- [rapidsecure] [           main] o.h.c.internal.RegionFactoryInitiator    : HHH000026: Second-level cache disabled
2024-08-10T20:59:06.803-05:00 DEBUG 40026 --- [rapidsecure] [           main] org.hibernate.type.BasicTypeRegistry     : Adding type registration boolean -> org.hibernate.type.BasicTypeReference@1d289d3f
2024-08-10T20:59:06.804-05:00 DEBUG 40026 --- [rapidsecure] [           main] org.hibernate.type.BasicTypeRegistry     : Adding type registration boolean -> org.hibernate.type.BasicTypeReference@1d289d3f
2024-08-10T20:59:06.804-05:00 DEBUG 40026 --- [rapidsecure] [           main] org.hibernate.type.BasicTypeRegistry     : Adding type registration java.lang.Boolean -> org.hibernate.type.BasicTypeReference@1d289d3f
2024-08-10T20:59:06.804-05:00 DEBUG 40026 --- [rapidsecure] [           main] org.hibernate.type.BasicTypeRegistry     : Adding type registration numeric_boolean -> org.hibernate.type.BasicTypeReference@10f405ff
2024-08-10T20:59:06.805-05:00 DEBUG 40026 --- [rapidsecure] [           main] org.hibernate.type.BasicTypeRegistry     : Adding type registration org.hibernate.type.NumericBooleanConverter -> org.hibernate.type.BasicTypeReference@10f405ff
2024-08-10T20:59:06.805-05:00 DEBUG 40026 --- [rapidsecure] [           main] org.hibernate.type.BasicTypeRegistry     : Adding type registration true_false -> org.hibernate.type.BasicTypeReference@7f27f59b
2024-08-10T20:59:06.805-05:00 DEBUG 40026 --- [rapidsecure] [           main] org.hibernate.type.BasicTypeRegistry     : Adding type registration org.hibernate.type.TrueFalseConverter -> org.hibernate.type.BasicTypeReference@7f27f59b
2024-08-10T20:59:06.806-05:00 DEBUG 40026 --- [rapidsecure] [           main] org.hibernate.type.BasicTypeRegistry     : Adding type registration yes_no -> org.hibernate.type.BasicTypeReference@1c98b4eb
2024-08-10T20:59:06.806-05:00 DEBUG 40026 --- [rapidsecure] [           main] org.hibernate.type.BasicTypeRegistry     : Adding type registration org.hibernate.type.YesNoConverter -> org.hibernate.type.BasicTypeReference@1c98b4eb
2024-08-10T20:59:06.807-05:00 DEBUG 40026 --- [rapidsecure] [           main] org.hibernate.type.BasicTypeRegistry     : Adding type registration byte -> org.hibernate.type.BasicTypeReference@45801322
2024-08-10T20:59:06.807-05:00 DEBUG 40026 --- [rapidsecure] [           main] org.hibernate.type.BasicTypeRegistry     : Adding type registration byte -> org.hibernate.type.BasicTypeReference@45801322
2024-08-10T20:59:06.808-05:00 DEBUG 40026 --- [rapidsecure] [           main] org.hibernate.type.BasicTypeRegistry     : Adding type registration java.lang.Byte -> org.hibernate.type.BasicTypeReference@45801322
2024-08-10T20:59:06.808-05:00 DEBUG 40026 --- [rapidsecure] [           main] org.hibernate.type.BasicTypeRegistry     : Adding type registration binary -> org.hibernate.type.BasicTypeReference@756b2d90
2024-08-10T20:59:06.808-05:00 DEBUG 40026 --- [rapidsecure] [           main] org.hibernate.type.BasicTypeRegistry     : Adding type registration byte[] -> org.hibernate.type.BasicTypeReference@756b2d90
2024-08-10T20:59:06.809-05:00 DEBUG 40026 --- [rapidsecure] [           main] org.hibernate.type.BasicTypeRegistry     : Adding type registration [B -> org.hibernate.type.BasicTypeReference@756b2d90
2024-08-10T20:59:06.809-05:00 DEBUG 40026 --- [rapidsecure] [           main] org.hibernate.type.BasicTypeRegistry     : Adding type registration binary_wrapper -> org.hibernate.type.BasicTypeReference@3520958b
2024-08-10T20:59:06.809-05:00 DEBUG 40026 --- [rapidsecure] [           main] org.hibernate.type.BasicTypeRegistry     : Adding type registration wrapper-binary -> org.hibernate.type.BasicTypeReference@3520958b
2024-08-10T20:59:06.809-05:00 DEBUG 40026 --- [rapidsecure] [           main] org.hibernate.type.BasicTypeRegistry     : Adding type registration image -> org.hibernate.type.BasicTypeReference@6cc64028
2024-08-10T20:59:06.809-05:00 DEBUG 40026 --- [rapidsecure] [           main] org.hibernate.type.BasicTypeRegistry     : Adding type registration blob -> org.hibernate.type.BasicTypeReference@291a4791
2024-08-10T20:59:06.810-05:00 DEBUG 40026 --- [rapidsecure] [           main] org.hibernate.type.BasicTypeRegistry     : Adding type registration java.sql.Blob -> org.hibernate.type.BasicTypeReference@291a4791
2024-08-10T20:59:06.810-05:00 DEBUG 40026 --- [rapidsecure] [           main] org.hibernate.type.BasicTypeRegistry     : Adding type registration materialized_blob -> org.hibernate.type.BasicTypeReference@5b1e88f
2024-08-10T20:59:06.810-05:00 DEBUG 40026 --- [rapidsecure] [           main] org.hibernate.type.BasicTypeRegistry     : Adding type registration materialized_blob_wrapper -> org.hibernate.type.BasicTypeReference@340cb97f
2024-08-10T20:59:06.811-05:00 DEBUG 40026 --- [rapidsecure] [           main] org.hibernate.type.BasicTypeRegistry     : Adding type registration short -> org.hibernate.type.BasicTypeReference@6a1568d6
2024-08-10T20:59:06.811-05:00 DEBUG 40026 --- [rapidsecure] [           main] org.hibernate.type.BasicTypeRegistry     : Adding type registration short -> org.hibernate.type.BasicTypeReference@6a1568d6
2024-08-10T20:59:06.811-05:00 DEBUG 40026 --- [rapidsecure] [           main] org.hibernate.type.BasicTypeRegistry     : Adding type registration java.lang.Short -> org.hibernate.type.BasicTypeReference@6a1568d6
2024-08-10T20:59:06.811-05:00 DEBUG 40026 --- [rapidsecure] [           main] org.hibernate.type.BasicTypeRegistry     : Adding type registration integer -> org.hibernate.type.BasicTypeReference@11c88cca
2024-08-10T20:59:06.812-05:00 DEBUG 40026 --- [rapidsecure] [           main] org.hibernate.type.BasicTypeRegistry     : Adding type registration int -> org.hibernate.type.BasicTypeReference@11c88cca
2024-08-10T20:59:06.812-05:00 DEBUG 40026 --- [rapidsecure] [           main] org.hibernate.type.BasicTypeRegistry     : Adding type registration java.lang.Integer -> org.hibernate.type.BasicTypeReference@11c88cca
2024-08-10T20:59:06.812-05:00 DEBUG 40026 --- [rapidsecure] [           main] org.hibernate.type.BasicTypeRegistry     : Adding type registration long -> org.hibernate.type.BasicTypeReference@1b37fbec
2024-08-10T20:59:06.813-05:00 DEBUG 40026 --- [rapidsecure] [           main] org.hibernate.type.BasicTypeRegistry     : Adding type registration long -> org.hibernate.type.BasicTypeReference@1b37fbec
2024-08-10T20:59:06.813-05:00 DEBUG 40026 --- [rapidsecure] [           main] org.hibernate.type.BasicTypeRegistry     : Adding type registration java.lang.Long -> org.hibernate.type.BasicTypeReference@1b37fbec
2024-08-10T20:59:06.813-05:00 DEBUG 40026 --- [rapidsecure] [           main] org.hibernate.type.BasicTypeRegistry     : Adding type registration float -> org.hibernate.type.BasicTypeReference@4a216eb4
2024-08-10T20:59:06.813-05:00 DEBUG 40026 --- [rapidsecure] [           main] org.hibernate.type.BasicTypeRegistry     : Adding type registration float -> org.hibernate.type.BasicTypeReference@4a216eb4
2024-08-10T20:59:06.814-05:00 DEBUG 40026 --- [rapidsecure] [           main] org.hibernate.type.BasicTypeRegistry     : Adding type registration java.lang.Float -> org.hibernate.type.BasicTypeReference@4a216eb4
2024-08-10T20:59:06.814-05:00 DEBUG 40026 --- [rapidsecure] [           main] org.hibernate.type.BasicTypeRegistry     : Adding type registration double -> org.hibernate.type.BasicTypeReference@bb3ecfe
2024-08-10T20:59:06.814-05:00 DEBUG 40026 --- [rapidsecure] [           main] org.hibernate.type.BasicTypeRegistry     : Adding type registration double -> org.hibernate.type.BasicTypeReference@bb3ecfe
2024-08-10T20:59:06.814-05:00 DEBUG 40026 --- [rapidsecure] [           main] org.hibernate.type.BasicTypeRegistry     : Adding type registration java.lang.Double -> org.hibernate.type.BasicTypeReference@bb3ecfe
2024-08-10T20:59:06.814-05:00 DEBUG 40026 --- [rapidsecure] [           main] org.hibernate.type.BasicTypeRegistry     : Adding type registration big_integer -> org.hibernate.type.BasicTypeReference@5ec88f9e
2024-08-10T20:59:06.815-05:00 DEBUG 40026 --- [rapidsecure] [           main] org.hibernate.type.BasicTypeRegistry     : Adding type registration java.math.BigInteger -> org.hibernate.type.BasicTypeReference@5ec88f9e
2024-08-10T20:59:06.817-05:00 DEBUG 40026 --- [rapidsecure] [           main] org.hibernate.type.BasicTypeRegistry     : Adding type registration big_decimal -> org.hibernate.type.BasicTypeReference@7a04f730
2024-08-10T20:59:06.818-05:00 DEBUG 40026 --- [rapidsecure] [           main] org.hibernate.type.BasicTypeRegistry     : Adding type registration java.math.BigDecimal -> org.hibernate.type.BasicTypeReference@7a04f730
2024-08-10T20:59:06.819-05:00 DEBUG 40026 --- [rapidsecure] [           main] org.hibernate.type.BasicTypeRegistry     : Adding type registration character -> org.hibernate.type.BasicTypeReference@3b11620a
2024-08-10T20:59:06.819-05:00 DEBUG 40026 --- [rapidsecure] [           main] org.hibernate.type.BasicTypeRegistry     : Adding type registration char -> org.hibernate.type.BasicTypeReference@3b11620a
2024-08-10T20:59:06.819-05:00 DEBUG 40026 --- [rapidsecure] [           main] org.hibernate.type.BasicTypeRegistry     : Adding type registration java.lang.Character -> org.hibernate.type.BasicTypeReference@3b11620a
2024-08-10T20:59:06.819-05:00 DEBUG 40026 --- [rapidsecure] [           main] org.hibernate.type.BasicTypeRegistry     : Adding type registration character_nchar -> org.hibernate.type.BasicTypeReference@2fd1ad8a
2024-08-10T20:59:06.820-05:00 DEBUG 40026 --- [rapidsecure] [           main] org.hibernate.type.BasicTypeRegistry     : Adding type registration string -> org.hibernate.type.BasicTypeReference@357f6391
2024-08-10T20:59:06.820-05:00 DEBUG 40026 --- [rapidsecure] [           main] org.hibernate.type.BasicTypeRegistry     : Adding type registration java.lang.String -> org.hibernate.type.BasicTypeReference@357f6391
2024-08-10T20:59:06.821-05:00 DEBUG 40026 --- [rapidsecure] [           main] org.hibernate.type.BasicTypeRegistry     : Adding type registration nstring -> org.hibernate.type.BasicTypeReference@689faf79
2024-08-10T20:59:06.821-05:00 DEBUG 40026 --- [rapidsecure] [           main] org.hibernate.type.BasicTypeRegistry     : Adding type registration characters -> org.hibernate.type.BasicTypeReference@582e9152
2024-08-10T20:59:06.823-05:00 DEBUG 40026 --- [rapidsecure] [           main] org.hibernate.type.BasicTypeRegistry     : Adding type registration char[] -> org.hibernate.type.BasicTypeReference@582e9152
2024-08-10T20:59:06.826-05:00 DEBUG 40026 --- [rapidsecure] [           main] org.hibernate.type.BasicTypeRegistry     : Adding type registration [C -> org.hibernate.type.BasicTypeReference@582e9152
2024-08-10T20:59:06.826-05:00 DEBUG 40026 --- [rapidsecure] [           main] org.hibernate.type.BasicTypeRegistry     : Adding type registration wrapper-characters -> org.hibernate.type.BasicTypeReference@7a31ca20
2024-08-10T20:59:06.827-05:00 DEBUG 40026 --- [rapidsecure] [           main] org.hibernate.type.BasicTypeRegistry     : Adding type registration text -> org.hibernate.type.BasicTypeReference@349c4d1c
2024-08-10T20:59:06.827-05:00 DEBUG 40026 --- [rapidsecure] [           main] org.hibernate.type.BasicTypeRegistry     : Adding type registration ntext -> org.hibernate.type.BasicTypeReference@21edd891
2024-08-10T20:59:06.827-05:00 DEBUG 40026 --- [rapidsecure] [           main] org.hibernate.type.BasicTypeRegistry     : Adding type registration clob -> org.hibernate.type.BasicTypeReference@de579ff
2024-08-10T20:59:06.827-05:00 DEBUG 40026 --- [rapidsecure] [           main] org.hibernate.type.BasicTypeRegistry     : Adding type registration java.sql.Clob -> org.hibernate.type.BasicTypeReference@de579ff
2024-08-10T20:59:06.828-05:00 DEBUG 40026 --- [rapidsecure] [           main] org.hibernate.type.BasicTypeRegistry     : Adding type registration nclob -> org.hibernate.type.BasicTypeReference@7971c2a9
2024-08-10T20:59:06.828-05:00 DEBUG 40026 --- [rapidsecure] [           main] org.hibernate.type.BasicTypeRegistry     : Adding type registration java.sql.NClob -> org.hibernate.type.BasicTypeReference@7971c2a9
2024-08-10T20:59:06.828-05:00 DEBUG 40026 --- [rapidsecure] [           main] org.hibernate.type.BasicTypeRegistry     : Adding type registration materialized_clob -> org.hibernate.type.BasicTypeReference@2fd39436
2024-08-10T20:59:06.829-05:00 DEBUG 40026 --- [rapidsecure] [           main] org.hibernate.type.BasicTypeRegistry     : Adding type registration materialized_clob_char_array -> org.hibernate.type.BasicTypeReference@60b5e80d
2024-08-10T20:59:06.829-05:00 DEBUG 40026 --- [rapidsecure] [           main] org.hibernate.type.BasicTypeRegistry     : Adding type registration materialized_clob_character_array -> org.hibernate.type.BasicTypeReference@46394f65
2024-08-10T20:59:06.829-05:00 DEBUG 40026 --- [rapidsecure] [           main] org.hibernate.type.BasicTypeRegistry     : Adding type registration materialized_nclob -> org.hibernate.type.BasicTypeReference@31aab981
2024-08-10T20:59:06.830-05:00 DEBUG 40026 --- [rapidsecure] [           main] org.hibernate.type.BasicTypeRegistry     : Adding type registration materialized_nclob_character_array -> org.hibernate.type.BasicTypeReference@26be9a6
2024-08-10T20:59:06.830-05:00 DEBUG 40026 --- [rapidsecure] [           main] org.hibernate.type.BasicTypeRegistry     : Adding type registration materialized_nclob_char_array -> org.hibernate.type.BasicTypeReference@4d518c66
2024-08-10T20:59:06.830-05:00 DEBUG 40026 --- [rapidsecure] [           main] org.hibernate.type.BasicTypeRegistry     : Adding type registration Duration -> org.hibernate.type.BasicTypeReference@411fa0ce
2024-08-10T20:59:06.831-05:00 DEBUG 40026 --- [rapidsecure] [           main] org.hibernate.type.BasicTypeRegistry     : Adding type registration java.time.Duration -> org.hibernate.type.BasicTypeReference@411fa0ce
2024-08-10T20:59:06.831-05:00 DEBUG 40026 --- [rapidsecure] [           main] org.hibernate.type.BasicTypeRegistry     : Adding type registration LocalDateTime -> org.hibernate.type.BasicTypeReference@251d7fdd
2024-08-10T20:59:06.831-05:00 DEBUG 40026 --- [rapidsecure] [           main] org.hibernate.type.BasicTypeRegistry     : Adding type registration java.time.LocalDateTime -> org.hibernate.type.BasicTypeReference@251d7fdd
2024-08-10T20:59:06.831-05:00 DEBUG 40026 --- [rapidsecure] [           main] org.hibernate.type.BasicTypeRegistry     : Adding type registration LocalDate -> org.hibernate.type.BasicTypeReference@78e68401
2024-08-10T20:59:06.832-05:00 DEBUG 40026 --- [rapidsecure] [           main] org.hibernate.type.BasicTypeRegistry     : Adding type registration java.time.LocalDate -> org.hibernate.type.BasicTypeReference@78e68401
2024-08-10T20:59:06.832-05:00 DEBUG 40026 --- [rapidsecure] [           main] org.hibernate.type.BasicTypeRegistry     : Adding type registration LocalTime -> org.hibernate.type.BasicTypeReference@391515c7
2024-08-10T20:59:06.832-05:00 DEBUG 40026 --- [rapidsecure] [           main] org.hibernate.type.BasicTypeRegistry     : Adding type registration java.time.LocalTime -> org.hibernate.type.BasicTypeReference@391515c7
2024-08-10T20:59:06.832-05:00 DEBUG 40026 --- [rapidsecure] [           main] org.hibernate.type.BasicTypeRegistry     : Adding type registration OffsetDateTime -> org.hibernate.type.BasicTypeReference@5b0dbfb
2024-08-10T20:59:06.833-05:00 DEBUG 40026 --- [rapidsecure] [           main] org.hibernate.type.BasicTypeRegistry     : Adding type registration java.time.OffsetDateTime -> org.hibernate.type.BasicTypeReference@5b0dbfb
2024-08-10T20:59:06.833-05:00 DEBUG 40026 --- [rapidsecure] [           main] org.hibernate.type.BasicTypeRegistry     : Adding type registration OffsetDateTimeWithTimezone -> org.hibernate.type.BasicTypeReference@4b9dbf07
2024-08-10T20:59:06.833-05:00 DEBUG 40026 --- [rapidsecure] [           main] org.hibernate.type.BasicTypeRegistry     : Adding type registration OffsetDateTimeWithoutTimezone -> org.hibernate.type.BasicTypeReference@797fcf9
2024-08-10T20:59:06.833-05:00 DEBUG 40026 --- [rapidsecure] [           main] org.hibernate.type.BasicTypeRegistry     : Adding type registration OffsetTime -> org.hibernate.type.BasicTypeReference@16bd7ae1
2024-08-10T20:59:06.834-05:00 DEBUG 40026 --- [rapidsecure] [           main] org.hibernate.type.BasicTypeRegistry     : Adding type registration java.time.OffsetTime -> org.hibernate.type.BasicTypeReference@16bd7ae1
2024-08-10T20:59:06.838-05:00 DEBUG 40026 --- [rapidsecure] [           main] org.hibernate.type.BasicTypeRegistry     : Adding type registration OffsetTimeUtc -> org.hibernate.type.BasicTypeReference@15d114ce
2024-08-10T20:59:06.842-05:00 DEBUG 40026 --- [rapidsecure] [           main] org.hibernate.type.BasicTypeRegistry     : Adding type registration OffsetTimeWithTimezone -> org.hibernate.type.BasicTypeReference@3312f4f4
2024-08-10T20:59:06.843-05:00 DEBUG 40026 --- [rapidsecure] [           main] org.hibernate.type.BasicTypeRegistry     : Adding type registration OffsetTimeWithoutTimezone -> org.hibernate.type.BasicTypeReference@b5aa65b
2024-08-10T20:59:06.844-05:00 DEBUG 40026 --- [rapidsecure] [           main] org.hibernate.type.BasicTypeRegistry     : Adding type registration ZonedDateTime -> org.hibernate.type.BasicTypeReference@76cdafa3
2024-08-10T20:59:06.845-05:00 DEBUG 40026 --- [rapidsecure] [           main] org.hibernate.type.BasicTypeRegistry     : Adding type registration java.time.ZonedDateTime -> org.hibernate.type.BasicTypeReference@76cdafa3
2024-08-10T20:59:06.845-05:00 DEBUG 40026 --- [rapidsecure] [           main] org.hibernate.type.BasicTypeRegistry     : Adding type registration ZonedDateTimeWithTimezone -> org.hibernate.type.BasicTypeReference@6b27b2d0
2024-08-10T20:59:06.845-05:00 DEBUG 40026 --- [rapidsecure] [           main] org.hibernate.type.BasicTypeRegistry     : Adding type registration ZonedDateTimeWithoutTimezone -> org.hibernate.type.BasicTypeReference@4fb64e14
2024-08-10T20:59:06.845-05:00 DEBUG 40026 --- [rapidsecure] [           main] org.hibernate.type.BasicTypeRegistry     : Adding type registration date -> org.hibernate.type.BasicTypeReference@118041c7
2024-08-10T20:59:06.845-05:00 DEBUG 40026 --- [rapidsecure] [           main] org.hibernate.type.BasicTypeRegistry     : Adding type registration java.sql.Date -> org.hibernate.type.BasicTypeReference@118041c7
2024-08-10T20:59:06.846-05:00 DEBUG 40026 --- [rapidsecure] [           main] org.hibernate.type.BasicTypeRegistry     : Adding type registration time -> org.hibernate.type.BasicTypeReference@a2b54e3
2024-08-10T20:59:06.846-05:00 DEBUG 40026 --- [rapidsecure] [           main] org.hibernate.type.BasicTypeRegistry     : Adding type registration java.sql.Time -> org.hibernate.type.BasicTypeReference@a2b54e3
2024-08-10T20:59:06.846-05:00 DEBUG 40026 --- [rapidsecure] [           main] org.hibernate.type.BasicTypeRegistry     : Adding type registration timestamp -> org.hibernate.type.BasicTypeReference@5c4cc644
2024-08-10T20:59:06.846-05:00 DEBUG 40026 --- [rapidsecure] [           main] org.hibernate.type.BasicTypeRegistry     : Adding type registration java.sql.Timestamp -> org.hibernate.type.BasicTypeReference@5c4cc644
2024-08-10T20:59:06.846-05:00 DEBUG 40026 --- [rapidsecure] [           main] org.hibernate.type.BasicTypeRegistry     : Adding type registration java.util.Date -> org.hibernate.type.BasicTypeReference@5c4cc644
2024-08-10T20:59:06.846-05:00 DEBUG 40026 --- [rapidsecure] [           main] org.hibernate.type.BasicTypeRegistry     : Adding type registration calendar -> org.hibernate.type.BasicTypeReference@21f7e537
2024-08-10T20:59:06.846-05:00 DEBUG 40026 --- [rapidsecure] [           main] org.hibernate.type.BasicTypeRegistry     : Adding type registration java.util.Calendar -> org.hibernate.type.BasicTypeReference@21f7e537
2024-08-10T20:59:06.847-05:00 DEBUG 40026 --- [rapidsecure] [           main] org.hibernate.type.BasicTypeRegistry     : Adding type registration java.util.GregorianCalendar -> org.hibernate.type.BasicTypeReference@21f7e537
2024-08-10T20:59:06.847-05:00 DEBUG 40026 --- [rapidsecure] [           main] org.hibernate.type.BasicTypeRegistry     : Adding type registration calendar_date -> org.hibernate.type.BasicTypeReference@32ea16b7
2024-08-10T20:59:06.847-05:00 DEBUG 40026 --- [rapidsecure] [           main] org.hibernate.type.BasicTypeRegistry     : Adding type registration calendar_time -> org.hibernate.type.BasicTypeReference@62b6c045
2024-08-10T20:59:06.847-05:00 DEBUG 40026 --- [rapidsecure] [           main] org.hibernate.type.BasicTypeRegistry     : Adding type registration instant -> org.hibernate.type.BasicTypeReference@58f254b1
2024-08-10T20:59:06.847-05:00 DEBUG 40026 --- [rapidsecure] [           main] org.hibernate.type.BasicTypeRegistry     : Adding type registration java.time.Instant -> org.hibernate.type.BasicTypeReference@58f254b1
2024-08-10T20:59:06.851-05:00 DEBUG 40026 --- [rapidsecure] [           main] org.hibernate.type.BasicTypeRegistry     : Adding type registration uuid -> org.hibernate.type.BasicTypeReference@46b2dcc5
2024-08-10T20:59:06.851-05:00 DEBUG 40026 --- [rapidsecure] [           main] org.hibernate.type.BasicTypeRegistry     : Adding type registration java.util.UUID -> org.hibernate.type.BasicTypeReference@46b2dcc5
2024-08-10T20:59:06.852-05:00 DEBUG 40026 --- [rapidsecure] [           main] org.hibernate.type.BasicTypeRegistry     : Adding type registration pg-uuid -> org.hibernate.type.BasicTypeReference@46b2dcc5
2024-08-10T20:59:06.854-05:00 DEBUG 40026 --- [rapidsecure] [           main] org.hibernate.type.BasicTypeRegistry     : Adding type registration uuid-binary -> org.hibernate.type.BasicTypeReference@240f350a
2024-08-10T20:59:06.855-05:00 DEBUG 40026 --- [rapidsecure] [           main] org.hibernate.type.BasicTypeRegistry     : Adding type registration uuid-char -> org.hibernate.type.BasicTypeReference@706f6d26
2024-08-10T20:59:06.857-05:00 DEBUG 40026 --- [rapidsecure] [           main] org.hibernate.type.BasicTypeRegistry     : Adding type registration class -> org.hibernate.type.BasicTypeReference@3af2f846
2024-08-10T20:59:06.857-05:00 DEBUG 40026 --- [rapidsecure] [           main] org.hibernate.type.BasicTypeRegistry     : Adding type registration java.lang.Class -> org.hibernate.type.BasicTypeReference@3af2f846
2024-08-10T20:59:06.857-05:00 DEBUG 40026 --- [rapidsecure] [           main] org.hibernate.type.BasicTypeRegistry     : Adding type registration currency -> org.hibernate.type.BasicTypeReference@6af65f29
2024-08-10T20:59:06.857-05:00 DEBUG 40026 --- [rapidsecure] [           main] org.hibernate.type.BasicTypeRegistry     : Adding type registration Currency -> org.hibernate.type.BasicTypeReference@6af65f29
2024-08-10T20:59:06.861-05:00 DEBUG 40026 --- [rapidsecure] [           main] org.hibernate.type.BasicTypeRegistry     : Adding type registration java.util.Currency -> org.hibernate.type.BasicTypeReference@6af65f29
2024-08-10T20:59:06.861-05:00 DEBUG 40026 --- [rapidsecure] [           main] org.hibernate.type.BasicTypeRegistry     : Adding type registration locale -> org.hibernate.type.BasicTypeReference@3c81cd82
2024-08-10T20:59:06.861-05:00 DEBUG 40026 --- [rapidsecure] [           main] org.hibernate.type.BasicTypeRegistry     : Adding type registration java.util.Locale -> org.hibernate.type.BasicTypeReference@3c81cd82
2024-08-10T20:59:06.862-05:00 DEBUG 40026 --- [rapidsecure] [           main] org.hibernate.type.BasicTypeRegistry     : Adding type registration serializable -> org.hibernate.type.BasicTypeReference@111c229c
2024-08-10T20:59:06.862-05:00 DEBUG 40026 --- [rapidsecure] [           main] org.hibernate.type.BasicTypeRegistry     : Adding type registration java.io.Serializable -> org.hibernate.type.BasicTypeReference@111c229c
2024-08-10T20:59:06.862-05:00 DEBUG 40026 --- [rapidsecure] [           main] org.hibernate.type.BasicTypeRegistry     : Adding type registration timezone -> org.hibernate.type.BasicTypeReference@49cb3881
2024-08-10T20:59:06.862-05:00 DEBUG 40026 --- [rapidsecure] [           main] org.hibernate.type.BasicTypeRegistry     : Adding type registration java.util.TimeZone -> org.hibernate.type.BasicTypeReference@49cb3881
2024-08-10T20:59:06.862-05:00 DEBUG 40026 --- [rapidsecure] [           main] org.hibernate.type.BasicTypeRegistry     : Adding type registration ZoneOffset -> org.hibernate.type.BasicTypeReference@1a14fdf0
2024-08-10T20:59:06.862-05:00 DEBUG 40026 --- [rapidsecure] [           main] org.hibernate.type.BasicTypeRegistry     : Adding type registration java.time.ZoneOffset -> org.hibernate.type.BasicTypeReference@1a14fdf0
2024-08-10T20:59:06.862-05:00 DEBUG 40026 --- [rapidsecure] [           main] org.hibernate.type.BasicTypeRegistry     : Adding type registration url -> org.hibernate.type.BasicTypeReference@284bdeed
2024-08-10T20:59:06.863-05:00 DEBUG 40026 --- [rapidsecure] [           main] org.hibernate.type.BasicTypeRegistry     : Adding type registration java.net.URL -> org.hibernate.type.BasicTypeReference@284bdeed
2024-08-10T20:59:06.863-05:00 DEBUG 40026 --- [rapidsecure] [           main] org.hibernate.type.BasicTypeRegistry     : Adding type registration vector -> org.hibernate.type.BasicTypeReference@58b311ba
2024-08-10T20:59:06.863-05:00 DEBUG 40026 --- [rapidsecure] [           main] org.hibernate.type.BasicTypeRegistry     : Adding type registration row_version -> org.hibernate.type.BasicTypeReference@482c351d
2024-08-10T20:59:06.872-05:00 DEBUG 40026 --- [rapidsecure] [           main] org.hibernate.type.BasicTypeRegistry     : Adding type registration object -> org.hibernate.type.JavaObjectType@1511d157
2024-08-10T20:59:06.874-05:00 DEBUG 40026 --- [rapidsecure] [           main] org.hibernate.type.BasicTypeRegistry     : Adding type registration java.lang.Object -> org.hibernate.type.JavaObjectType@1511d157
2024-08-10T20:59:06.876-05:00 DEBUG 40026 --- [rapidsecure] [           main] org.hibernate.type.BasicTypeRegistry     : Adding type registration null -> org.hibernate.type.NullType@5a4d4f9c
2024-08-10T20:59:06.877-05:00 DEBUG 40026 --- [rapidsecure] [           main] org.hibernate.type.BasicTypeRegistry     : Adding type registration imm_date -> org.hibernate.type.BasicTypeReference@153d6d74
2024-08-10T20:59:06.877-05:00 DEBUG 40026 --- [rapidsecure] [           main] org.hibernate.type.BasicTypeRegistry     : Adding type registration imm_time -> org.hibernate.type.BasicTypeReference@6c9b44bf
2024-08-10T20:59:06.877-05:00 DEBUG 40026 --- [rapidsecure] [           main] org.hibernate.type.BasicTypeRegistry     : Adding type registration imm_timestamp -> org.hibernate.type.BasicTypeReference@299b9851
2024-08-10T20:59:06.877-05:00 DEBUG 40026 --- [rapidsecure] [           main] org.hibernate.type.BasicTypeRegistry     : Adding type registration imm_calendar -> org.hibernate.type.BasicTypeReference@191a0351
2024-08-10T20:59:06.877-05:00 DEBUG 40026 --- [rapidsecure] [           main] org.hibernate.type.BasicTypeRegistry     : Adding type registration imm_calendar_date -> org.hibernate.type.BasicTypeReference@67328bcb
2024-08-10T20:59:06.878-05:00 DEBUG 40026 --- [rapidsecure] [           main] org.hibernate.type.BasicTypeRegistry     : Adding type registration imm_calendar_time -> org.hibernate.type.BasicTypeReference@51ba952e
2024-08-10T20:59:06.878-05:00 DEBUG 40026 --- [rapidsecure] [           main] org.hibernate.type.BasicTypeRegistry     : Adding type registration imm_binary -> org.hibernate.type.BasicTypeReference@2416c658
2024-08-10T20:59:06.878-05:00 DEBUG 40026 --- [rapidsecure] [           main] org.hibernate.type.BasicTypeRegistry     : Adding type registration imm_serializable -> org.hibernate.type.BasicTypeReference@6d5f4900
2024-08-10T20:59:06.892-05:00 DEBUG 40026 --- [rapidsecure] [           main] o.h.boot.internal.BootstrapContextImpl   : Injecting JPA temp ClassLoader [org.springframework.instrument.classloading.SimpleThrowawayClassLoader@76216830] into BootstrapContext; was [null]
2024-08-10T20:59:06.892-05:00 DEBUG 40026 --- [rapidsecure] [           main] o.h.boot.internal.ClassLoaderAccessImpl  : ClassLoaderAccessImpl#injectTempClassLoader(org.springframework.instrument.classloading.SimpleThrowawayClassLoader@76216830) [was null]
2024-08-10T20:59:06.893-05:00 DEBUG 40026 --- [rapidsecure] [           main] o.h.boot.internal.BootstrapContextImpl   : Injecting ScanEnvironment [org.hibernate.jpa.boot.internal.StandardJpaScanEnvironmentImpl@57186526] into BootstrapContext; was [null]
2024-08-10T20:59:06.893-05:00 DEBUG 40026 --- [rapidsecure] [           main] o.h.boot.internal.BootstrapContextImpl   : Injecting ScanOptions [org.hibernate.boot.archive.scan.internal.StandardScanOptions@391d1e33] into BootstrapContext; was [org.hibernate.boot.archive.scan.internal.StandardScanOptions@66f16742]
2024-08-10T20:59:07.393-05:00  INFO 40026 --- [rapidsecure] [           main] o.s.o.j.p.SpringPersistenceUnitInfo      : No LoadTimeWeaver setup: ignoring JPA class transformer
2024-08-10T20:59:07.394-05:00 DEBUG 40026 --- [rapidsecure] [           main] o.h.boot.internal.BootstrapContextImpl   : Injecting JPA temp ClassLoader [null] into BootstrapContext; was [org.springframework.instrument.classloading.SimpleThrowawayClassLoader@76216830]
2024-08-10T20:59:07.394-05:00 DEBUG 40026 --- [rapidsecure] [           main] o.h.boot.internal.ClassLoaderAccessImpl  : ClassLoaderAccessImpl#injectTempClassLoader(null) [was org.springframework.instrument.classloading.SimpleThrowawayClassLoader@76216830]
2024-08-10T20:59:07.455-05:00  INFO 40026 --- [rapidsecure] [           main] com.zaxxer.hikari.HikariDataSource       : HikariPool-1 - Starting...
2024-08-10T20:59:10.234-05:00  INFO 40026 --- [rapidsecure] [           main] com.zaxxer.hikari.pool.HikariPool        : HikariPool-1 - Added connection org.postgresql.jdbc.PgConnection@7956f93a
2024-08-10T20:59:10.236-05:00  INFO 40026 --- [rapidsecure] [           main] com.zaxxer.hikari.HikariDataSource       : HikariPool-1 - Start completed.
2024-08-10T20:59:10.248-05:00 DEBUG 40026 --- [rapidsecure] [           main] o.h.e.j.e.i.JdbcEnvironmentInitiator     : Database ->
	   name : PostgreSQL
	version : 16.4 (Debian 16.4-1.pgdg120+1)
	  major : 16
	  minor : 4
2024-08-10T20:59:10.248-05:00 DEBUG 40026 --- [rapidsecure] [           main] o.h.e.j.e.i.JdbcEnvironmentInitiator     : Driver ->
	   name : PostgreSQL JDBC Driver
	version : 42.7.3
	  major : 42
	  minor : 7
2024-08-10T20:59:10.249-05:00 DEBUG 40026 --- [rapidsecure] [           main] o.h.e.j.e.i.JdbcEnvironmentInitiator     : JDBC version : 4.2
2024-08-10T20:59:10.470-05:00  WARN 40026 --- [rapidsecure] [           main] org.hibernate.orm.deprecation            : HHH90000025: PostgreSQLDialect does not need to be specified explicitly using 'hibernate.dialect' (remove the property setting and it will be selected by default)
2024-08-10T20:59:10.472-05:00 DEBUG 40026 --- [rapidsecure] [           main] org.hibernate.orm.dialect                : HHH035001: Using dialect: org.hibernate.dialect.PostgreSQLDialect, version: 16.4
2024-08-10T20:59:10.482-05:00 DEBUG 40026 --- [rapidsecure] [           main] o.h.e.j.env.spi.IdentifierHelperBuilder  : JDBC driver metadata reported database stores quoted identifiers in neither upper, lower nor mixed case
2024-08-10T20:59:11.045-05:00 DEBUG 40026 --- [rapidsecure] [           main] org.hibernate.orm.jdbc.lob               : HHH10010004: Disabling contextual LOB creation as Dialect reported it is not supported
2024-08-10T20:59:11.060-05:00 DEBUG 40026 --- [rapidsecure] [           main] o.h.t.d.sql.spi.DdlTypeRegistry          : addDescriptor(2003, org.hibernate.type.descriptor.sql.internal.ArrayDdlTypeImpl@37bda983) replaced previous registration(org.hibernate.type.descriptor.sql.internal.ArrayDdlTypeImpl@284d4885)
2024-08-10T20:59:11.060-05:00 DEBUG 40026 --- [rapidsecure] [           main] o.h.t.d.sql.spi.DdlTypeRegistry          : addDescriptor(6, org.hibernate.type.descriptor.sql.internal.CapacityDependentDdlType@1201e064) replaced previous registration(org.hibernate.type.descriptor.sql.internal.DdlTypeImpl@a69f9d)
2024-08-10T20:59:11.062-05:00 DEBUG 40026 --- [rapidsecure] [           main] o.h.t.d.jdbc.spi.JdbcTypeRegistry        : addDescriptor(2004, BlobTypeDescriptor(BLOB_BINDING)) replaced previous registration(BlobTypeDescriptor(DEFAULT))
2024-08-10T20:59:11.063-05:00 DEBUG 40026 --- [rapidsecure] [           main] o.h.t.d.jdbc.spi.JdbcTypeRegistry        : addDescriptor(2005, ClobTypeDescriptor(CLOB_BINDING)) replaced previous registration(ClobTypeDescriptor(DEFAULT))
2024-08-10T20:59:11.072-05:00 DEBUG 40026 --- [rapidsecure] [           main] org.hibernate.type.BasicTypeRegistry     : Adding type registration JAVA_OBJECT -> org.hibernate.type.JavaObjectType@40b31a16
2024-08-10T20:59:11.072-05:00 DEBUG 40026 --- [rapidsecure] [           main] org.hibernate.type.BasicTypeRegistry     : Adding type registration java.lang.Object -> org.hibernate.type.JavaObjectType@40b31a16
2024-08-10T20:59:11.072-05:00 DEBUG 40026 --- [rapidsecure] [           main] org.hibernate.type.BasicTypeRegistry     : Type registration key [java.lang.Object] overrode previous entry : `org.hibernate.type.JavaObjectType@1511d157`
2024-08-10T20:59:11.076-05:00 DEBUG 40026 --- [rapidsecure] [           main] org.hibernate.type.BasicTypeRegistry     : Adding type registration org.hibernate.type.DurationType -> basicType@1(java.time.Duration,3015)
2024-08-10T20:59:11.076-05:00 DEBUG 40026 --- [rapidsecure] [           main] org.hibernate.type.BasicTypeRegistry     : Adding type registration Duration -> basicType@1(java.time.Duration,3015)
2024-08-10T20:59:11.076-05:00 DEBUG 40026 --- [rapidsecure] [           main] org.hibernate.type.BasicTypeRegistry     : Adding type registration java.time.Duration -> basicType@1(java.time.Duration,3015)
2024-08-10T20:59:11.079-05:00 DEBUG 40026 --- [rapidsecure] [           main] org.hibernate.type.BasicTypeRegistry     : Adding type registration org.hibernate.type.OffsetDateTimeType -> basicType@2(java.time.OffsetDateTime,3003)
2024-08-10T20:59:11.079-05:00 DEBUG 40026 --- [rapidsecure] [           main] org.hibernate.type.BasicTypeRegistry     : Adding type registration OffsetDateTime -> basicType@2(java.time.OffsetDateTime,3003)
2024-08-10T20:59:11.079-05:00 DEBUG 40026 --- [rapidsecure] [           main] org.hibernate.type.BasicTypeRegistry     : Adding type registration java.time.OffsetDateTime -> basicType@2(java.time.OffsetDateTime,3003)
2024-08-10T20:59:11.080-05:00 DEBUG 40026 --- [rapidsecure] [           main] org.hibernate.type.BasicTypeRegistry     : Adding type registration org.hibernate.type.ZonedDateTimeType -> basicType@3(java.time.ZonedDateTime,3003)
2024-08-10T20:59:11.080-05:00 DEBUG 40026 --- [rapidsecure] [           main] org.hibernate.type.BasicTypeRegistry     : Adding type registration ZonedDateTime -> basicType@3(java.time.ZonedDateTime,3003)
2024-08-10T20:59:11.080-05:00 DEBUG 40026 --- [rapidsecure] [           main] org.hibernate.type.BasicTypeRegistry     : Adding type registration java.time.ZonedDateTime -> basicType@3(java.time.ZonedDateTime,3003)
2024-08-10T20:59:11.081-05:00 DEBUG 40026 --- [rapidsecure] [           main] org.hibernate.type.BasicTypeRegistry     : Adding type registration org.hibernate.type.OffsetTimeType -> basicType@4(java.time.OffsetTime,3007)
2024-08-10T20:59:11.081-05:00 DEBUG 40026 --- [rapidsecure] [           main] org.hibernate.type.BasicTypeRegistry     : Adding type registration OffsetTime -> basicType@4(java.time.OffsetTime,3007)
2024-08-10T20:59:11.082-05:00 DEBUG 40026 --- [rapidsecure] [           main] org.hibernate.type.BasicTypeRegistry     : Adding type registration java.time.OffsetTime -> basicType@4(java.time.OffsetTime,3007)
2024-08-10T20:59:11.083-05:00 DEBUG 40026 --- [rapidsecure] [           main] o.h.type.spi.TypeConfiguration$Scope     : Scoping TypeConfiguration [org.hibernate.type.spi.TypeConfiguration@32a033b6] to MetadataBuildingContext [org.hibernate.boot.internal.MetadataBuildingContextRootImpl@5f6e2ad9]
2024-08-10T20:59:11.112-05:00 DEBUG 40026 --- [rapidsecure] [           main] o.h.boot.model.relational.Namespace      : Created database namespace [logicalName=Name{catalog=null, schema=null}, physicalName=Name{catalog=null, schema=null}]
2024-08-10T20:59:11.156-05:00 DEBUG 40026 --- [rapidsecure] [           main] o.h.boot.model.internal.EntityBinder     : Binding entity from annotated class: com.rapidsecure.rapidsecure.entity.Estado
2024-08-10T20:59:11.169-05:00 DEBUG 40026 --- [rapidsecure] [           main] o.h.boot.model.internal.EntityBinder     : Import with entity name Estado
2024-08-10T20:59:11.177-05:00 DEBUG 40026 --- [rapidsecure] [           main] o.h.boot.model.internal.EntityBinder     : Bind entity com.rapidsecure.rapidsecure.entity.Estado on table estado
2024-08-10T20:59:11.187-05:00 DEBUG 40026 --- [rapidsecure] [           main] o.h.boot.model.internal.AnnotatedColumn  : Binding column: AnnotatedDiscriminatorColumn(column='DTYPE')
2024-08-10T20:59:11.204-05:00 DEBUG 40026 --- [rapidsecure] [           main] o.h.boot.model.internal.AnnotatedColumn  : Binding column: AnnotatedColumn()
2024-08-10T20:59:11.205-05:00 DEBUG 40026 --- [rapidsecure] [           main] o.h.boot.internal.ClassLoaderAccessImpl  : Not known whether passed class name [com.rapidsecure.rapidsecure.entity.Estado] is safe
2024-08-10T20:59:11.205-05:00 DEBUG 40026 --- [rapidsecure] [           main] o.h.boot.internal.ClassLoaderAccessImpl  : No temp ClassLoader provided; using live ClassLoader for loading potentially unsafe class : com.rapidsecure.rapidsecure.entity.Estado
2024-08-10T20:59:11.209-05:00 DEBUG 40026 --- [rapidsecure] [           main] o.h.boot.model.internal.PropertyBinder   : MetadataSourceProcessor property id with lazy=false
2024-08-10T20:59:11.214-05:00 DEBUG 40026 --- [rapidsecure] [           main] o.h.b.m.internal.AbstractPropertyHolder  : Attempting to locate auto-apply AttributeConverter for property [com.rapidsecure.rapidsecure.entity.Estado:id]
2024-08-10T20:59:11.218-05:00 DEBUG 40026 --- [rapidsecure] [           main] o.h.b.model.internal.BasicValueBinder    : building BasicValue for id
2024-08-10T20:59:11.220-05:00 DEBUG 40026 --- [rapidsecure] [           main] org.hibernate.mapping.BasicValue         : Skipping column re-registration: estado.id
2024-08-10T20:59:11.221-05:00 DEBUG 40026 --- [rapidsecure] [           main] o.h.boot.model.internal.PropertyBinder   : Building property id
2024-08-10T20:59:11.224-05:00 DEBUG 40026 --- [rapidsecure] [           main] o.h.boot.model.internal.BinderHelper     : #makeIdGenerator(BasicValue([Column(id)]), id, identity, , ...)
2024-08-10T20:59:11.226-05:00 DEBUG 40026 --- [rapidsecure] [           main] o.h.boot.model.internal.AnnotatedColumn  : Binding column: AnnotatedColumn()
2024-08-10T20:59:11.226-05:00 DEBUG 40026 --- [rapidsecure] [           main] o.h.boot.model.internal.PropertyBinder   : MetadataSourceProcessor property nombre with lazy=false
2024-08-10T20:59:11.226-05:00 DEBUG 40026 --- [rapidsecure] [           main] o.h.b.m.internal.AbstractPropertyHolder  : Attempting to locate auto-apply AttributeConverter for property [com.rapidsecure.rapidsecure.entity.Estado:nombre]
2024-08-10T20:59:11.227-05:00 DEBUG 40026 --- [rapidsecure] [           main] o.h.b.model.internal.BasicValueBinder    : building BasicValue for nombre
2024-08-10T20:59:11.227-05:00 DEBUG 40026 --- [rapidsecure] [           main] org.hibernate.mapping.BasicValue         : Skipping column re-registration: estado.nombre
2024-08-10T20:59:11.227-05:00 DEBUG 40026 --- [rapidsecure] [           main] o.h.boot.model.internal.PropertyBinder   : Building property nombre
2024-08-10T20:59:11.230-05:00 DEBUG 40026 --- [rapidsecure] [           main] o.h.b.r.c.i.ClassLoaderServiceImpl       : HHH000194: Package not found or no package-info.java: com.rapidsecure.rapidsecure.entity
2024-08-10T20:59:11.235-05:00 DEBUG 40026 --- [rapidsecure] [           main] o.h.boot.model.internal.EntityBinder     : Binding entity from annotated class: com.rapidsecure.rapidsecure.entity.Persona
2024-08-10T20:59:11.235-05:00 DEBUG 40026 --- [rapidsecure] [           main] o.h.boot.model.internal.EntityBinder     : Import with entity name Persona
2024-08-10T20:59:11.235-05:00 DEBUG 40026 --- [rapidsecure] [           main] o.h.boot.model.internal.EntityBinder     : Bind entity com.rapidsecure.rapidsecure.entity.Persona on table persona
2024-08-10T20:59:11.235-05:00 DEBUG 40026 --- [rapidsecure] [           main] o.h.boot.model.internal.AnnotatedColumn  : Binding column: AnnotatedDiscriminatorColumn(column='DTYPE')
2024-08-10T20:59:11.243-05:00 DEBUG 40026 --- [rapidsecure] [           main] o.h.boot.model.internal.AnnotatedColumn  : Binding column: AnnotatedColumn()
2024-08-10T20:59:11.243-05:00 DEBUG 40026 --- [rapidsecure] [           main] o.h.boot.internal.ClassLoaderAccessImpl  : Not known whether passed class name [com.rapidsecure.rapidsecure.entity.Persona] is safe
2024-08-10T20:59:11.243-05:00 DEBUG 40026 --- [rapidsecure] [           main] o.h.boot.internal.ClassLoaderAccessImpl  : No temp ClassLoader provided; using live ClassLoader for loading potentially unsafe class : com.rapidsecure.rapidsecure.entity.Persona
2024-08-10T20:59:11.243-05:00 DEBUG 40026 --- [rapidsecure] [           main] o.h.boot.model.internal.PropertyBinder   : MetadataSourceProcessor property id with lazy=false
2024-08-10T20:59:11.243-05:00 DEBUG 40026 --- [rapidsecure] [           main] o.h.b.m.internal.AbstractPropertyHolder  : Attempting to locate auto-apply AttributeConverter for property [com.rapidsecure.rapidsecure.entity.Persona:id]
2024-08-10T20:59:11.244-05:00 DEBUG 40026 --- [rapidsecure] [           main] o.h.b.model.internal.BasicValueBinder    : building BasicValue for id
2024-08-10T20:59:11.244-05:00 DEBUG 40026 --- [rapidsecure] [           main] org.hibernate.mapping.BasicValue         : Skipping column re-registration: persona.id
2024-08-10T20:59:11.244-05:00 DEBUG 40026 --- [rapidsecure] [           main] o.h.boot.model.internal.PropertyBinder   : Building property id
2024-08-10T20:59:11.244-05:00 DEBUG 40026 --- [rapidsecure] [           main] o.h.boot.model.internal.BinderHelper     : #makeIdGenerator(BasicValue([Column(id)]), id, identity, , ...)
2024-08-10T20:59:11.245-05:00 DEBUG 40026 --- [rapidsecure] [           main] o.h.boot.model.internal.AnnotatedColumn  : Binding column: AnnotatedColumn()
2024-08-10T20:59:11.245-05:00 DEBUG 40026 --- [rapidsecure] [           main] o.h.boot.model.internal.PropertyBinder   : MetadataSourceProcessor property cedula with lazy=false
2024-08-10T20:59:11.245-05:00 DEBUG 40026 --- [rapidsecure] [           main] o.h.b.m.internal.AbstractPropertyHolder  : Attempting to locate auto-apply AttributeConverter for property [com.rapidsecure.rapidsecure.entity.Persona:cedula]
2024-08-10T20:59:11.245-05:00 DEBUG 40026 --- [rapidsecure] [           main] o.h.b.model.internal.BasicValueBinder    : building BasicValue for cedula
2024-08-10T20:59:11.245-05:00 DEBUG 40026 --- [rapidsecure] [           main] org.hibernate.mapping.BasicValue         : Skipping column re-registration: persona.cedula
2024-08-10T20:59:11.246-05:00 DEBUG 40026 --- [rapidsecure] [           main] o.h.boot.model.internal.PropertyBinder   : Building property cedula
2024-08-10T20:59:11.246-05:00 DEBUG 40026 --- [rapidsecure] [           main] o.h.boot.model.internal.AnnotatedColumn  : Binding column: AnnotatedColumn()
2024-08-10T20:59:11.246-05:00 DEBUG 40026 --- [rapidsecure] [           main] o.h.boot.model.internal.PropertyBinder   : MetadataSourceProcessor property correo with lazy=false
2024-08-10T20:59:11.246-05:00 DEBUG 40026 --- [rapidsecure] [           main] o.h.b.m.internal.AbstractPropertyHolder  : Attempting to locate auto-apply AttributeConverter for property [com.rapidsecure.rapidsecure.entity.Persona:correo]
2024-08-10T20:59:11.247-05:00 DEBUG 40026 --- [rapidsecure] [           main] o.h.b.model.internal.BasicValueBinder    : building BasicValue for correo
2024-08-10T20:59:11.247-05:00 DEBUG 40026 --- [rapidsecure] [           main] org.hibernate.mapping.BasicValue         : Skipping column re-registration: persona.correo
2024-08-10T20:59:11.247-05:00 DEBUG 40026 --- [rapidsecure] [           main] o.h.boot.model.internal.PropertyBinder   : Building property correo
2024-08-10T20:59:11.248-05:00 DEBUG 40026 --- [rapidsecure] [           main] o.h.boot.model.internal.AnnotatedColumn  : Binding column: AnnotatedColumn()
2024-08-10T20:59:11.248-05:00 DEBUG 40026 --- [rapidsecure] [           main] o.h.boot.model.internal.PropertyBinder   : MetadataSourceProcessor property nombre with lazy=false
2024-08-10T20:59:11.249-05:00 DEBUG 40026 --- [rapidsecure] [           main] o.h.b.m.internal.AbstractPropertyHolder  : Attempting to locate auto-apply AttributeConverter for property [com.rapidsecure.rapidsecure.entity.Persona:nombre]
2024-08-10T20:59:11.249-05:00 DEBUG 40026 --- [rapidsecure] [           main] o.h.b.model.internal.BasicValueBinder    : building BasicValue for nombre
2024-08-10T20:59:11.249-05:00 DEBUG 40026 --- [rapidsecure] [           main] org.hibernate.mapping.BasicValue         : Skipping column re-registration: persona.nombre
2024-08-10T20:59:11.249-05:00 DEBUG 40026 --- [rapidsecure] [           main] o.h.boot.model.internal.PropertyBinder   : Building property nombre
2024-08-10T20:59:11.250-05:00 DEBUG 40026 --- [rapidsecure] [           main] o.h.boot.model.internal.AnnotatedColumn  : Binding column: AnnotatedColumn()
2024-08-10T20:59:11.250-05:00 DEBUG 40026 --- [rapidsecure] [           main] o.h.boot.model.internal.PropertyBinder   : MetadataSourceProcessor property password with lazy=false
2024-08-10T20:59:11.250-05:00 DEBUG 40026 --- [rapidsecure] [           main] o.h.b.m.internal.AbstractPropertyHolder  : Attempting to locate auto-apply AttributeConverter for property [com.rapidsecure.rapidsecure.entity.Persona:password]
2024-08-10T20:59:11.250-05:00 DEBUG 40026 --- [rapidsecure] [           main] o.h.b.model.internal.BasicValueBinder    : building BasicValue for password
2024-08-10T20:59:11.250-05:00 DEBUG 40026 --- [rapidsecure] [           main] org.hibernate.mapping.BasicValue         : Skipping column re-registration: persona.password
2024-08-10T20:59:11.251-05:00 DEBUG 40026 --- [rapidsecure] [           main] o.h.boot.model.internal.PropertyBinder   : Building property password
2024-08-10T20:59:11.253-05:00 DEBUG 40026 --- [rapidsecure] [           main] o.h.boot.model.internal.AnnotatedColumn  : Binding column: AnnotatedJoinColumn(column='rol_id')
2024-08-10T20:59:11.254-05:00 DEBUG 40026 --- [rapidsecure] [           main] o.h.boot.model.internal.AnnotatedColumn  : Binding column: AnnotatedColumn()
2024-08-10T20:59:11.259-05:00 DEBUG 40026 --- [rapidsecure] [           main] o.h.boot.model.internal.PropertyBinder   : Building property rol
2024-08-10T20:59:11.260-05:00 DEBUG 40026 --- [rapidsecure] [           main] o.h.boot.model.internal.AnnotatedColumn  : Binding column: AnnotatedColumn()
2024-08-10T20:59:11.260-05:00 DEBUG 40026 --- [rapidsecure] [           main] o.h.boot.model.internal.PropertyBinder   : MetadataSourceProcessor property telefono with lazy=false
2024-08-10T20:59:11.260-05:00 DEBUG 40026 --- [rapidsecure] [           main] o.h.b.m.internal.AbstractPropertyHolder  : Attempting to locate auto-apply AttributeConverter for property [com.rapidsecure.rapidsecure.entity.Persona:telefono]
2024-08-10T20:59:11.260-05:00 DEBUG 40026 --- [rapidsecure] [           main] o.h.b.model.internal.BasicValueBinder    : building BasicValue for telefono
2024-08-10T20:59:11.261-05:00 DEBUG 40026 --- [rapidsecure] [           main] org.hibernate.mapping.BasicValue         : Skipping column re-registration: persona.telefono
2024-08-10T20:59:11.261-05:00 DEBUG 40026 --- [rapidsecure] [           main] o.h.boot.model.internal.PropertyBinder   : Building property telefono
2024-08-10T20:59:11.262-05:00 DEBUG 40026 --- [rapidsecure] [           main] o.h.b.r.c.i.ClassLoaderServiceImpl       : HHH000194: Package not found or no package-info.java: com.rapidsecure.rapidsecure.entity
2024-08-10T20:59:11.263-05:00 DEBUG 40026 --- [rapidsecure] [           main] o.h.boot.model.internal.EntityBinder     : Binding entity from annotated class: com.rapidsecure.rapidsecure.entity.ReporteEmergencia
2024-08-10T20:59:11.263-05:00 DEBUG 40026 --- [rapidsecure] [           main] o.h.boot.model.internal.EntityBinder     : Import with entity name ReporteEmergencia
2024-08-10T20:59:11.264-05:00 DEBUG 40026 --- [rapidsecure] [           main] o.h.boot.model.internal.EntityBinder     : Bind entity com.rapidsecure.rapidsecure.entity.ReporteEmergencia on table reporte_emergencia
2024-08-10T20:59:11.265-05:00 DEBUG 40026 --- [rapidsecure] [           main] o.h.boot.model.internal.AnnotatedColumn  : Binding column: AnnotatedDiscriminatorColumn(column='DTYPE')
2024-08-10T20:59:11.268-05:00 DEBUG 40026 --- [rapidsecure] [           main] o.h.boot.model.internal.AnnotatedColumn  : Binding column: AnnotatedColumn()
2024-08-10T20:59:11.268-05:00 DEBUG 40026 --- [rapidsecure] [           main] o.h.boot.internal.ClassLoaderAccessImpl  : Not known whether passed class name [com.rapidsecure.rapidsecure.entity.ReporteEmergencia] is safe
2024-08-10T20:59:11.268-05:00 DEBUG 40026 --- [rapidsecure] [           main] o.h.boot.internal.ClassLoaderAccessImpl  : No temp ClassLoader provided; using live ClassLoader for loading potentially unsafe class : com.rapidsecure.rapidsecure.entity.ReporteEmergencia
2024-08-10T20:59:11.268-05:00 DEBUG 40026 --- [rapidsecure] [           main] o.h.boot.model.internal.PropertyBinder   : MetadataSourceProcessor property id with lazy=false
2024-08-10T20:59:11.268-05:00 DEBUG 40026 --- [rapidsecure] [           main] o.h.b.m.internal.AbstractPropertyHolder  : Attempting to locate auto-apply AttributeConverter for property [com.rapidsecure.rapidsecure.entity.ReporteEmergencia:id]
2024-08-10T20:59:11.269-05:00 DEBUG 40026 --- [rapidsecure] [           main] o.h.b.model.internal.BasicValueBinder    : building BasicValue for id
2024-08-10T20:59:11.269-05:00 DEBUG 40026 --- [rapidsecure] [           main] org.hibernate.mapping.BasicValue         : Skipping column re-registration: reporte_emergencia.id
2024-08-10T20:59:11.269-05:00 DEBUG 40026 --- [rapidsecure] [           main] o.h.boot.model.internal.PropertyBinder   : Building property id
2024-08-10T20:59:11.269-05:00 DEBUG 40026 --- [rapidsecure] [           main] o.h.boot.model.internal.BinderHelper     : #makeIdGenerator(BasicValue([Column(id)]), id, identity, , ...)
2024-08-10T20:59:11.270-05:00 DEBUG 40026 --- [rapidsecure] [           main] o.h.boot.model.internal.AnnotatedColumn  : Binding column: AnnotatedColumn()
2024-08-10T20:59:11.270-05:00 DEBUG 40026 --- [rapidsecure] [           main] o.h.boot.model.internal.PropertyBinder   : MetadataSourceProcessor property descripcion with lazy=false
2024-08-10T20:59:11.271-05:00 DEBUG 40026 --- [rapidsecure] [           main] o.h.b.m.internal.AbstractPropertyHolder  : Attempting to locate auto-apply AttributeConverter for property [com.rapidsecure.rapidsecure.entity.ReporteEmergencia:descripcion]
2024-08-10T20:59:11.271-05:00 DEBUG 40026 --- [rapidsecure] [           main] o.h.b.model.internal.BasicValueBinder    : building BasicValue for descripcion
2024-08-10T20:59:11.271-05:00 DEBUG 40026 --- [rapidsecure] [           main] org.hibernate.mapping.BasicValue         : Skipping column re-registration: reporte_emergencia.descripcion
2024-08-10T20:59:11.271-05:00 DEBUG 40026 --- [rapidsecure] [           main] o.h.boot.model.internal.PropertyBinder   : Building property descripcion
2024-08-10T20:59:11.272-05:00 DEBUG 40026 --- [rapidsecure] [           main] o.h.boot.model.internal.AnnotatedColumn  : Binding column: AnnotatedJoinColumn(column='estado_id')
2024-08-10T20:59:11.272-05:00 DEBUG 40026 --- [rapidsecure] [           main] o.h.boot.model.internal.AnnotatedColumn  : Binding column: AnnotatedColumn()
2024-08-10T20:59:11.272-05:00 DEBUG 40026 --- [rapidsecure] [           main] o.h.boot.model.internal.PropertyBinder   : Building property estado
2024-08-10T20:59:11.273-05:00 DEBUG 40026 --- [rapidsecure] [           main] o.h.boot.model.internal.AnnotatedColumn  : Binding column: AnnotatedColumn()
2024-08-10T20:59:11.273-05:00 DEBUG 40026 --- [rapidsecure] [           main] o.h.boot.model.internal.PropertyBinder   : MetadataSourceProcessor property fechaHoraReporte with lazy=false
2024-08-10T20:59:11.273-05:00 DEBUG 40026 --- [rapidsecure] [           main] o.h.b.m.internal.AbstractPropertyHolder  : Attempting to locate auto-apply AttributeConverter for property [com.rapidsecure.rapidsecure.entity.ReporteEmergencia:fechaHoraReporte]
2024-08-10T20:59:11.273-05:00 DEBUG 40026 --- [rapidsecure] [           main] o.h.b.model.internal.BasicValueBinder    : building BasicValue for fechaHoraReporte
2024-08-10T20:59:11.273-05:00 DEBUG 40026 --- [rapidsecure] [           main] org.hibernate.mapping.BasicValue         : Skipping column re-registration: reporte_emergencia.fecha_hora_reporte
2024-08-10T20:59:11.274-05:00 DEBUG 40026 --- [rapidsecure] [           main] o.h.boot.model.internal.PropertyBinder   : Building property fechaHoraReporte
2024-08-10T20:59:11.274-05:00 DEBUG 40026 --- [rapidsecure] [           main] o.h.boot.model.internal.AnnotatedColumn  : Binding column: AnnotatedColumn()
2024-08-10T20:59:11.274-05:00 DEBUG 40026 --- [rapidsecure] [           main] o.h.boot.model.internal.PropertyBinder   : MetadataSourceProcessor property latitud with lazy=false
2024-08-10T20:59:11.274-05:00 DEBUG 40026 --- [rapidsecure] [           main] o.h.b.m.internal.AbstractPropertyHolder  : Attempting to locate auto-apply AttributeConverter for property [com.rapidsecure.rapidsecure.entity.ReporteEmergencia:latitud]
2024-08-10T20:59:11.275-05:00 DEBUG 40026 --- [rapidsecure] [           main] o.h.b.model.internal.BasicValueBinder    : building BasicValue for latitud
2024-08-10T20:59:11.275-05:00 DEBUG 40026 --- [rapidsecure] [           main] org.hibernate.mapping.BasicValue         : Skipping column re-registration: reporte_emergencia.latitud
2024-08-10T20:59:11.275-05:00 DEBUG 40026 --- [rapidsecure] [           main] o.h.boot.model.internal.PropertyBinder   : Building property latitud
2024-08-10T20:59:11.275-05:00 DEBUG 40026 --- [rapidsecure] [           main] o.h.boot.model.internal.AnnotatedColumn  : Binding column: AnnotatedColumn()
2024-08-10T20:59:11.275-05:00 DEBUG 40026 --- [rapidsecure] [           main] o.h.boot.model.internal.PropertyBinder   : MetadataSourceProcessor property longitud with lazy=false
2024-08-10T20:59:11.275-05:00 DEBUG 40026 --- [rapidsecure] [           main] o.h.b.m.internal.AbstractPropertyHolder  : Attempting to locate auto-apply AttributeConverter for property [com.rapidsecure.rapidsecure.entity.ReporteEmergencia:longitud]
2024-08-10T20:59:11.275-05:00 DEBUG 40026 --- [rapidsecure] [           main] o.h.b.model.internal.BasicValueBinder    : building BasicValue for longitud
2024-08-10T20:59:11.275-05:00 DEBUG 40026 --- [rapidsecure] [           main] org.hibernate.mapping.BasicValue         : Skipping column re-registration: reporte_emergencia.longitud
2024-08-10T20:59:11.276-05:00 DEBUG 40026 --- [rapidsecure] [           main] o.h.boot.model.internal.PropertyBinder   : Building property longitud
2024-08-10T20:59:11.276-05:00 DEBUG 40026 --- [rapidsecure] [           main] o.h.boot.model.internal.AnnotatedColumn  : Binding column: AnnotatedJoinColumn(column='persona_id')
2024-08-10T20:59:11.276-05:00 DEBUG 40026 --- [rapidsecure] [           main] o.h.boot.model.internal.AnnotatedColumn  : Binding column: AnnotatedColumn()
2024-08-10T20:59:11.276-05:00 DEBUG 40026 --- [rapidsecure] [           main] o.h.boot.model.internal.PropertyBinder   : Building property persona
2024-08-10T20:59:11.277-05:00 DEBUG 40026 --- [rapidsecure] [           main] o.h.boot.model.internal.AnnotatedColumn  : Binding column: AnnotatedJoinColumn(column='tipo_emergencia_id')
2024-08-10T20:59:11.277-05:00 DEBUG 40026 --- [rapidsecure] [           main] o.h.boot.model.internal.AnnotatedColumn  : Binding column: AnnotatedColumn()
2024-08-10T20:59:11.277-05:00 DEBUG 40026 --- [rapidsecure] [           main] o.h.boot.model.internal.PropertyBinder   : Building property tipoEmergencia
2024-08-10T20:59:11.278-05:00 DEBUG 40026 --- [rapidsecure] [           main] o.h.boot.model.internal.AnnotatedColumn  : Binding column: AnnotatedColumn()
2024-08-10T20:59:11.278-05:00 DEBUG 40026 --- [rapidsecure] [           main] o.h.boot.model.internal.PropertyBinder   : MetadataSourceProcessor property ubicacion with lazy=false
2024-08-10T20:59:11.278-05:00 DEBUG 40026 --- [rapidsecure] [           main] o.h.b.m.internal.AbstractPropertyHolder  : Attempting to locate auto-apply AttributeConverter for property [com.rapidsecure.rapidsecure.entity.ReporteEmergencia:ubicacion]
2024-08-10T20:59:11.279-05:00 DEBUG 40026 --- [rapidsecure] [           main] o.h.b.model.internal.BasicValueBinder    : building BasicValue for ubicacion
2024-08-10T20:59:11.279-05:00 DEBUG 40026 --- [rapidsecure] [           main] org.hibernate.mapping.BasicValue         : Skipping column re-registration: reporte_emergencia.ubicacion
2024-08-10T20:59:11.279-05:00 DEBUG 40026 --- [rapidsecure] [           main] o.h.boot.model.internal.PropertyBinder   : Building property ubicacion
2024-08-10T20:59:11.280-05:00 DEBUG 40026 --- [rapidsecure] [           main] o.h.b.r.c.i.ClassLoaderServiceImpl       : HHH000194: Package not found or no package-info.java: com.rapidsecure.rapidsecure.entity
2024-08-10T20:59:11.282-05:00 DEBUG 40026 --- [rapidsecure] [           main] o.h.boot.model.internal.EntityBinder     : Binding entity from annotated class: com.rapidsecure.rapidsecure.entity.Rol
2024-08-10T20:59:11.282-05:00 DEBUG 40026 --- [rapidsecure] [           main] o.h.boot.model.internal.EntityBinder     : Import with entity name Rol
2024-08-10T20:59:11.282-05:00 DEBUG 40026 --- [rapidsecure] [           main] o.h.boot.model.internal.EntityBinder     : Bind entity com.rapidsecure.rapidsecure.entity.Rol on table rol
2024-08-10T20:59:11.283-05:00 DEBUG 40026 --- [rapidsecure] [           main] o.h.boot.model.internal.AnnotatedColumn  : Binding column: AnnotatedDiscriminatorColumn(column='DTYPE')
2024-08-10T20:59:11.284-05:00 DEBUG 40026 --- [rapidsecure] [           main] o.h.boot.model.internal.AnnotatedColumn  : Binding column: AnnotatedColumn()
2024-08-10T20:59:11.284-05:00 DEBUG 40026 --- [rapidsecure] [           main] o.h.boot.internal.ClassLoaderAccessImpl  : Not known whether passed class name [com.rapidsecure.rapidsecure.entity.Rol] is safe
2024-08-10T20:59:11.284-05:00 DEBUG 40026 --- [rapidsecure] [           main] o.h.boot.internal.ClassLoaderAccessImpl  : No temp ClassLoader provided; using live ClassLoader for loading potentially unsafe class : com.rapidsecure.rapidsecure.entity.Rol
2024-08-10T20:59:11.284-05:00 DEBUG 40026 --- [rapidsecure] [           main] o.h.boot.model.internal.PropertyBinder   : MetadataSourceProcessor property id with lazy=false
2024-08-10T20:59:11.285-05:00 DEBUG 40026 --- [rapidsecure] [           main] o.h.b.m.internal.AbstractPropertyHolder  : Attempting to locate auto-apply AttributeConverter for property [com.rapidsecure.rapidsecure.entity.Rol:id]
2024-08-10T20:59:11.285-05:00 DEBUG 40026 --- [rapidsecure] [           main] o.h.b.model.internal.BasicValueBinder    : building BasicValue for id
2024-08-10T20:59:11.285-05:00 DEBUG 40026 --- [rapidsecure] [           main] org.hibernate.mapping.BasicValue         : Skipping column re-registration: rol.id
2024-08-10T20:59:11.285-05:00 DEBUG 40026 --- [rapidsecure] [           main] o.h.boot.model.internal.PropertyBinder   : Building property id
2024-08-10T20:59:11.285-05:00 DEBUG 40026 --- [rapidsecure] [           main] o.h.boot.model.internal.BinderHelper     : #makeIdGenerator(BasicValue([Column(id)]), id, identity, , ...)
2024-08-10T20:59:11.286-05:00 DEBUG 40026 --- [rapidsecure] [           main] o.h.boot.model.internal.AnnotatedColumn  : Binding column: AnnotatedColumn()
2024-08-10T20:59:11.286-05:00 DEBUG 40026 --- [rapidsecure] [           main] o.h.boot.model.internal.PropertyBinder   : MetadataSourceProcessor property nombre with lazy=false
2024-08-10T20:59:11.286-05:00 DEBUG 40026 --- [rapidsecure] [           main] o.h.b.m.internal.AbstractPropertyHolder  : Attempting to locate auto-apply AttributeConverter for property [com.rapidsecure.rapidsecure.entity.Rol:nombre]
2024-08-10T20:59:11.286-05:00 DEBUG 40026 --- [rapidsecure] [           main] o.h.b.model.internal.BasicValueBinder    : building BasicValue for nombre
2024-08-10T20:59:11.286-05:00 DEBUG 40026 --- [rapidsecure] [           main] org.hibernate.mapping.BasicValue         : Skipping column re-registration: rol.nombre
2024-08-10T20:59:11.286-05:00 DEBUG 40026 --- [rapidsecure] [           main] o.h.boot.model.internal.PropertyBinder   : Building property nombre
2024-08-10T20:59:11.287-05:00 DEBUG 40026 --- [rapidsecure] [           main] o.h.b.r.c.i.ClassLoaderServiceImpl       : HHH000194: Package not found or no package-info.java: com.rapidsecure.rapidsecure.entity
2024-08-10T20:59:11.287-05:00 DEBUG 40026 --- [rapidsecure] [           main] o.h.boot.model.internal.EntityBinder     : Binding entity from annotated class: com.rapidsecure.rapidsecure.entity.TipoEmergencia
2024-08-10T20:59:11.288-05:00 DEBUG 40026 --- [rapidsecure] [           main] o.h.boot.model.internal.EntityBinder     : Import with entity name TipoEmergencia
2024-08-10T20:59:11.288-05:00 DEBUG 40026 --- [rapidsecure] [           main] o.h.boot.model.internal.EntityBinder     : Bind entity com.rapidsecure.rapidsecure.entity.TipoEmergencia on table tipo_emergencia
2024-08-10T20:59:11.288-05:00 DEBUG 40026 --- [rapidsecure] [           main] o.h.boot.model.internal.AnnotatedColumn  : Binding column: AnnotatedDiscriminatorColumn(column='DTYPE')
2024-08-10T20:59:11.289-05:00 DEBUG 40026 --- [rapidsecure] [           main] o.h.boot.model.internal.AnnotatedColumn  : Binding column: AnnotatedColumn()
2024-08-10T20:59:11.289-05:00 DEBUG 40026 --- [rapidsecure] [           main] o.h.boot.internal.ClassLoaderAccessImpl  : Not known whether passed class name [com.rapidsecure.rapidsecure.entity.TipoEmergencia] is safe
2024-08-10T20:59:11.290-05:00 DEBUG 40026 --- [rapidsecure] [           main] o.h.boot.internal.ClassLoaderAccessImpl  : No temp ClassLoader provided; using live ClassLoader for loading potentially unsafe class : com.rapidsecure.rapidsecure.entity.TipoEmergencia
2024-08-10T20:59:11.290-05:00 DEBUG 40026 --- [rapidsecure] [           main] o.h.boot.model.internal.PropertyBinder   : MetadataSourceProcessor property id with lazy=false
2024-08-10T20:59:11.290-05:00 DEBUG 40026 --- [rapidsecure] [           main] o.h.b.m.internal.AbstractPropertyHolder  : Attempting to locate auto-apply AttributeConverter for property [com.rapidsecure.rapidsecure.entity.TipoEmergencia:id]
2024-08-10T20:59:11.290-05:00 DEBUG 40026 --- [rapidsecure] [           main] o.h.b.model.internal.BasicValueBinder    : building BasicValue for id
2024-08-10T20:59:11.290-05:00 DEBUG 40026 --- [rapidsecure] [           main] org.hibernate.mapping.BasicValue         : Skipping column re-registration: tipo_emergencia.id
2024-08-10T20:59:11.290-05:00 DEBUG 40026 --- [rapidsecure] [           main] o.h.boot.model.internal.PropertyBinder   : Building property id
2024-08-10T20:59:11.290-05:00 DEBUG 40026 --- [rapidsecure] [           main] o.h.boot.model.internal.BinderHelper     : #makeIdGenerator(BasicValue([Column(id)]), id, identity, , ...)
2024-08-10T20:59:11.291-05:00 DEBUG 40026 --- [rapidsecure] [           main] o.h.boot.model.internal.AnnotatedColumn  : Binding column: AnnotatedColumn()
2024-08-10T20:59:11.291-05:00 DEBUG 40026 --- [rapidsecure] [           main] o.h.boot.model.internal.PropertyBinder   : MetadataSourceProcessor property descripcion with lazy=false
2024-08-10T20:59:11.291-05:00 DEBUG 40026 --- [rapidsecure] [           main] o.h.b.m.internal.AbstractPropertyHolder  : Attempting to locate auto-apply AttributeConverter for property [com.rapidsecure.rapidsecure.entity.TipoEmergencia:descripcion]
2024-08-10T20:59:11.291-05:00 DEBUG 40026 --- [rapidsecure] [           main] o.h.b.model.internal.BasicValueBinder    : building BasicValue for descripcion
2024-08-10T20:59:11.292-05:00 DEBUG 40026 --- [rapidsecure] [           main] org.hibernate.mapping.BasicValue         : Skipping column re-registration: tipo_emergencia.descripcion
2024-08-10T20:59:11.292-05:00 DEBUG 40026 --- [rapidsecure] [           main] o.h.boot.model.internal.PropertyBinder   : Building property descripcion
2024-08-10T20:59:11.292-05:00 DEBUG 40026 --- [rapidsecure] [           main] o.h.boot.model.internal.AnnotatedColumn  : Binding column: AnnotatedColumn()
2024-08-10T20:59:11.292-05:00 DEBUG 40026 --- [rapidsecure] [           main] o.h.boot.model.internal.PropertyBinder   : MetadataSourceProcessor property nombre with lazy=false
2024-08-10T20:59:11.292-05:00 DEBUG 40026 --- [rapidsecure] [           main] o.h.b.m.internal.AbstractPropertyHolder  : Attempting to locate auto-apply AttributeConverter for property [com.rapidsecure.rapidsecure.entity.TipoEmergencia:nombre]
2024-08-10T20:59:11.292-05:00 DEBUG 40026 --- [rapidsecure] [           main] o.h.b.model.internal.BasicValueBinder    : building BasicValue for nombre
2024-08-10T20:59:11.293-05:00 DEBUG 40026 --- [rapidsecure] [           main] org.hibernate.mapping.BasicValue         : Skipping column re-registration: tipo_emergencia.nombre
2024-08-10T20:59:11.293-05:00 DEBUG 40026 --- [rapidsecure] [           main] o.h.boot.model.internal.PropertyBinder   : Building property nombre
2024-08-10T20:59:11.293-05:00 DEBUG 40026 --- [rapidsecure] [           main] o.h.b.r.c.i.ClassLoaderServiceImpl       : HHH000194: Package not found or no package-info.java: com.rapidsecure.rapidsecure.entity
2024-08-10T20:59:11.295-05:00 DEBUG 40026 --- [rapidsecure] [           main] o.h.b.model.internal.BasicValueBinder    : Starting `BasicValueBinder#fillSimpleValue` for id
2024-08-10T20:59:11.297-05:00 DEBUG 40026 --- [rapidsecure] [           main] o.h.b.model.internal.BasicValueBinder    : Starting `BasicValueBinder#fillSimpleValue` for nombre
2024-08-10T20:59:11.297-05:00 DEBUG 40026 --- [rapidsecure] [           main] o.h.b.model.internal.BasicValueBinder    : Starting `BasicValueBinder#fillSimpleValue` for id
2024-08-10T20:59:11.297-05:00 DEBUG 40026 --- [rapidsecure] [           main] o.h.b.model.internal.BasicValueBinder    : Starting `BasicValueBinder#fillSimpleValue` for cedula
2024-08-10T20:59:11.298-05:00 DEBUG 40026 --- [rapidsecure] [           main] o.h.b.model.internal.BasicValueBinder    : Starting `BasicValueBinder#fillSimpleValue` for correo
2024-08-10T20:59:11.298-05:00 DEBUG 40026 --- [rapidsecure] [           main] o.h.b.model.internal.BasicValueBinder    : Starting `BasicValueBinder#fillSimpleValue` for nombre
2024-08-10T20:59:11.298-05:00 DEBUG 40026 --- [rapidsecure] [           main] o.h.b.model.internal.BasicValueBinder    : Starting `BasicValueBinder#fillSimpleValue` for password
2024-08-10T20:59:11.298-05:00 DEBUG 40026 --- [rapidsecure] [           main] o.h.b.model.internal.BasicValueBinder    : Starting `BasicValueBinder#fillSimpleValue` for telefono
2024-08-10T20:59:11.298-05:00 DEBUG 40026 --- [rapidsecure] [           main] o.h.b.model.internal.BasicValueBinder    : Starting `BasicValueBinder#fillSimpleValue` for id
2024-08-10T20:59:11.299-05:00 DEBUG 40026 --- [rapidsecure] [           main] o.h.b.model.internal.BasicValueBinder    : Starting `BasicValueBinder#fillSimpleValue` for descripcion
2024-08-10T20:59:11.299-05:00 DEBUG 40026 --- [rapidsecure] [           main] o.h.b.model.internal.BasicValueBinder    : Starting `BasicValueBinder#fillSimpleValue` for fechaHoraReporte
2024-08-10T20:59:11.299-05:00 DEBUG 40026 --- [rapidsecure] [           main] o.h.b.model.internal.BasicValueBinder    : Starting `BasicValueBinder#fillSimpleValue` for latitud
2024-08-10T20:59:11.299-05:00 DEBUG 40026 --- [rapidsecure] [           main] o.h.b.model.internal.BasicValueBinder    : Starting `BasicValueBinder#fillSimpleValue` for longitud
2024-08-10T20:59:11.299-05:00 DEBUG 40026 --- [rapidsecure] [           main] o.h.b.model.internal.BasicValueBinder    : Starting `BasicValueBinder#fillSimpleValue` for ubicacion
2024-08-10T20:59:11.300-05:00 DEBUG 40026 --- [rapidsecure] [           main] o.h.b.model.internal.BasicValueBinder    : Starting `BasicValueBinder#fillSimpleValue` for id
2024-08-10T20:59:11.300-05:00 DEBUG 40026 --- [rapidsecure] [           main] o.h.b.model.internal.BasicValueBinder    : Starting `BasicValueBinder#fillSimpleValue` for nombre
2024-08-10T20:59:11.300-05:00 DEBUG 40026 --- [rapidsecure] [           main] o.h.b.model.internal.BasicValueBinder    : Starting `BasicValueBinder#fillSimpleValue` for id
2024-08-10T20:59:11.300-05:00 DEBUG 40026 --- [rapidsecure] [           main] o.h.b.model.internal.BasicValueBinder    : Starting `BasicValueBinder#fillSimpleValue` for descripcion
2024-08-10T20:59:11.300-05:00 DEBUG 40026 --- [rapidsecure] [           main] o.h.b.model.internal.BasicValueBinder    : Starting `BasicValueBinder#fillSimpleValue` for nombre
2024-08-10T20:59:11.306-05:00 DEBUG 40026 --- [rapidsecure] [           main] org.hibernate.mapping.PrimaryKey         : Forcing column [id] to be non-null as it is part of the primary key for table [estado]
2024-08-10T20:59:11.306-05:00 DEBUG 40026 --- [rapidsecure] [           main] org.hibernate.mapping.PrimaryKey         : Forcing column [id] to be non-null as it is part of the primary key for table [persona]
2024-08-10T20:59:11.306-05:00 DEBUG 40026 --- [rapidsecure] [           main] org.hibernate.mapping.PrimaryKey         : Forcing column [id] to be non-null as it is part of the primary key for table [reporte_emergencia]
2024-08-10T20:59:11.306-05:00 DEBUG 40026 --- [rapidsecure] [           main] org.hibernate.mapping.PrimaryKey         : Forcing column [id] to be non-null as it is part of the primary key for table [rol]
2024-08-10T20:59:11.307-05:00 DEBUG 40026 --- [rapidsecure] [           main] org.hibernate.mapping.PrimaryKey         : Forcing column [id] to be non-null as it is part of the primary key for table [tipo_emergencia]
2024-08-10T20:59:11.391-05:00 DEBUG 40026 --- [rapidsecure] [           main] o.hibernate.internal.SessionFactoryImpl  : Building session factory
2024-08-10T20:59:11.481-05:00 DEBUG 40026 --- [rapidsecure] [           main] .h.s.i.SessionFactoryServiceRegistryImpl : EventListenerRegistry access via ServiceRegistry is deprecated.  Use `sessionFactory.getEventEngine().getListenerRegistry()` instead
2024-08-10T20:59:11.484-05:00 DEBUG 40026 --- [rapidsecure] [           main] o.hibernate.internal.SessionFactoryImpl  : Instantiating SessionFactory with settings: {java.specification.version=21, hibernate.resource.beans.container=org.springframework.orm.hibernate5.SpringBeanContainer@51d88c38, hibernate.connection.handling_mode=DELAYED_ACQUISITION_AND_HOLD, sun.jnu.encoding=UTF-8, hibernate.dialect=org.hibernate.dialect.PostgreSQLDialect, hibernate.implicit_naming_strategy=org.springframework.boot.orm.jpa.hibernate.SpringImplicitNamingStrategy, java.class.path=/home/sucode/Documentos/rapid/rapidsecure-backend/target/test-classes:/home/sucode/Documentos/rapid/rapidsecure-backend/target/classes:/home/sucode/.m2/repository/org/springframework/boot/spring-boot-starter-data-jpa/3.3.1/spring-boot-starter-data-jpa-3.3.1.jar:/home/sucode/.m2/repository/org/springframework/boot/spring-boot-starter-aop/3.3.1/spring-boot-starter-aop-3.3.1.jar:/home/sucode/.m2/repository/org/springframework/spring-aop/6.1.10/spring-aop-6.1.10.jar:/home/sucode/.m2/repository/org/aspectj/aspectjweaver/1.9.22/aspectjweaver-1.9.22.jar:/home/sucode/.m2/repository/org/springframework/boot/spring-boot-starter-jdbc/3.3.1/spring-boot-starter-jdbc-3.3.1.jar:/home/sucode/.m2/repository/com/zaxxer/HikariCP/5.1.0/HikariCP-5.1.0.jar:/home/sucode/.m2/repository/org/springframework/spring-jdbc/6.1.10/spring-jdbc-6.1.10.jar:/home/sucode/.m2/repository/org/hibernate/orm/hibernate-core/6.5.2.Final/hibernate-core-6.5.2.Final.jar:/home/sucode/.m2/repository/jakarta/persistence/jakarta.persistence-api/3.1.0/jakarta.persistence-api-3.1.0.jar:/home/sucode/.m2/repository/jakarta/transaction/jakarta.transaction-api/2.0.1/jakarta.transaction-api-2.0.1.jar:/home/sucode/.m2/repository/org/jboss/logging/jboss-logging/3.5.3.Final/jboss-logging-3.5.3.Final.jar:/home/sucode/.m2/repository/org/hibernate/common/hibernate-commons-annotations/6.0.6.Final/hibernate-commons-annotations-6.0.6.Final.jar:/home/sucode/.m2/repository/io/smallrye/jandex/3.1.2/jandex-3.1.2.jar:/home/sucode/.m2/repository/com/fasterxml/classmate/1.7.0/classmate-1.7.0.jar:/home/sucode/.m2/repository/net/bytebuddy/byte-buddy/1.14.17/byte-buddy-1.14.17.jar:/home/sucode/.m2/repository/org/glassfish/jaxb/jaxb-runtime/4.0.5/jaxb-runtime-4.0.5.jar:/home/sucode/.m2/repository/org/glassfish/jaxb/jaxb-core/4.0.5/jaxb-core-4.0.5.jar:/home/sucode/.m2/repository/org/eclipse/angus/angus-activation/2.0.2/angus-activation-2.0.2.jar:/home/sucode/.m2/repository/org/glassfish/jaxb/txw2/4.0.5/txw2-4.0.5.jar:/home/sucode/.m2/repository/com/sun/istack/istack-commons-runtime/4.1.2/istack-commons-runtime-4.1.2.jar:/home/sucode/.m2/repository/jakarta/inject/jakarta.inject-api/2.0.1/jakarta.inject-api-2.0.1.jar:/home/sucode/.m2/repository/org/antlr/antlr4-runtime/4.13.0/antlr4-runtime-4.13.0.jar:/home/sucode/.m2/repository/org/springframework/data/spring-data-jpa/3.3.1/spring-data-jpa-3.3.1.jar:/home/sucode/.m2/repository/org/springframework/data/spring-data-commons/3.3.1/spring-data-commons-3.3.1.jar:/home/sucode/.m2/repository/org/springframework/spring-orm/6.1.10/spring-orm-6.1.10.jar:/home/sucode/.m2/repository/org/springframework/spring-context/6.1.10/spring-context-6.1.10.jar:/home/sucode/.m2/repository/org/springframework/spring-tx/6.1.10/spring-tx-6.1.10.jar:/home/sucode/.m2/repository/org/springframework/spring-beans/6.1.10/spring-beans-6.1.10.jar:/home/sucode/.m2/repository/jakarta/annotation/jakarta.annotation-api/2.1.1/jakarta.annotation-api-2.1.1.jar:/home/sucode/.m2/repository/org/slf4j/slf4j-api/2.0.13/slf4j-api-2.0.13.jar:/home/sucode/.m2/repository/org/springframework/spring-aspects/6.1.10/spring-aspects-6.1.10.jar:/home/sucode/.m2/repository/org/springframework/boot/spring-boot-starter-web/3.3.1/spring-boot-starter-web-3.3.1.jar:/home/sucode/.m2/repository/org/springframework/boot/spring-boot-starter/3.3.1/spring-boot-starter-3.3.1.jar:/home/sucode/.m2/repository/org/springframework/boot/spring-boot/3.3.1/spring-boot-3.3.1.jar:/home/sucode/.m2/repository/org/springframework/boot/spring-boot-autoconfigure/3.3.1/spring-boot-autoconfigure-3.3.1.jar:/home/sucode/.m2/repository/org/springframework/boot/spring-boot-starter-logging/3.3.1/spring-boot-starter-logging-3.3.1.jar:/home/sucode/.m2/repository/ch/qos/logback/logback-classic/1.5.6/logback-classic-1.5.6.jar:/home/sucode/.m2/repository/ch/qos/logback/logback-core/1.5.6/logback-core-1.5.6.jar:/home/sucode/.m2/repository/org/apache/logging/log4j/log4j-to-slf4j/2.23.1/log4j-to-slf4j-2.23.1.jar:/home/sucode/.m2/repository/org/apache/logging/log4j/log4j-api/2.23.1/log4j-api-2.23.1.jar:/home/sucode/.m2/repository/org/slf4j/jul-to-slf4j/2.0.13/jul-to-slf4j-2.0.13.jar:/home/sucode/.m2/repository/org/yaml/snakeyaml/2.2/snakeyaml-2.2.jar:/home/sucode/.m2/repository/org/springframework/boot/spring-boot-starter-json/3.3.1/spring-boot-starter-json-3.3.1.jar:/home/sucode/.m2/repository/com/fasterxml/jackson/core/jackson-databind/2.17.1/jackson-databind-2.17.1.jar:/home/sucode/.m2/repository/com/fasterxml/jackson/core/jackson-annotations/2.17.1/jackson-annotations-2.17.1.jar:/home/sucode/.m2/repository/com/fasterxml/jackson/core/jackson-core/2.17.1/jackson-core-2.17.1.jar:/home/sucode/.m2/repository/com/fasterxml/jackson/datatype/jackson-datatype-jdk8/2.17.1/jackson-datatype-jdk8-2.17.1.jar:/home/sucode/.m2/repository/com/fasterxml/jackson/datatype/jackson-datatype-jsr310/2.17.1/jackson-datatype-jsr310-2.17.1.jar:/home/sucode/.m2/repository/com/fasterxml/jackson/module/jackson-module-parameter-names/2.17.1/jackson-module-parameter-names-2.17.1.jar:/home/sucode/.m2/repository/org/springframework/boot/spring-boot-starter-tomcat/3.3.1/spring-boot-starter-tomcat-3.3.1.jar:/home/sucode/.m2/repository/org/apache/tomcat/embed/tomcat-embed-core/10.1.25/tomcat-embed-core-10.1.25.jar:/home/sucode/.m2/repository/org/apache/tomcat/embed/tomcat-embed-el/10.1.25/tomcat-embed-el-10.1.25.jar:/home/sucode/.m2/repository/org/apache/tomcat/embed/tomcat-embed-websocket/10.1.25/tomcat-embed-websocket-10.1.25.jar:/home/sucode/.m2/repository/org/springframework/spring-web/6.1.10/spring-web-6.1.10.jar:/home/sucode/.m2/repository/io/micrometer/micrometer-observation/1.13.1/micrometer-observation-1.13.1.jar:/home/sucode/.m2/repository/io/micrometer/micrometer-commons/1.13.1/micrometer-commons-1.13.1.jar:/home/sucode/.m2/repository/org/springframework/spring-webmvc/6.1.10/spring-webmvc-6.1.10.jar:/home/sucode/.m2/repository/org/springframework/spring-expression/6.1.10/spring-expression-6.1.10.jar:/home/sucode/.m2/repository/org/postgresql/postgresql/42.7.3/postgresql-42.7.3.jar:/home/sucode/.m2/repository/org/checkerframework/checker-qual/3.42.0/checker-qual-3.42.0.jar:/home/sucode/.m2/repository/org/springframework/boot/spring-boot-starter-test/3.3.1/spring-boot-starter-test-3.3.1.jar:/home/sucode/.m2/repository/org/springframework/boot/spring-boot-test/3.3.1/spring-boot-test-3.3.1.jar:/home/sucode/.m2/repository/org/springframework/boot/spring-boot-test-autoconfigure/3.3.1/spring-boot-test-autoconfigure-3.3.1.jar:/home/sucode/.m2/repository/com/jayway/jsonpath/json-path/2.9.0/json-path-2.9.0.jar:/home/sucode/.m2/repository/jakarta/xml/bind/jakarta.xml.bind-api/4.0.2/jakarta.xml.bind-api-4.0.2.jar:/home/sucode/.m2/repository/jakarta/activation/jakarta.activation-api/2.1.3/jakarta.activation-api-2.1.3.jar:/home/sucode/.m2/repository/net/minidev/json-smart/2.5.1/json-smart-2.5.1.jar:/home/sucode/.m2/repository/net/minidev/accessors-smart/2.5.1/accessors-smart-2.5.1.jar:/home/sucode/.m2/repository/org/ow2/asm/asm/9.6/asm-9.6.jar:/home/sucode/.m2/repository/org/assertj/assertj-core/3.25.3/assertj-core-3.25.3.jar:/home/sucode/.m2/repository/org/awaitility/awaitility/4.2.1/awaitility-4.2.1.jar:/home/sucode/.m2/repository/org/hamcrest/hamcrest/2.2/hamcrest-2.2.jar:/home/sucode/.m2/repository/org/junit/jupiter/junit-jupiter/5.10.2/junit-jupiter-5.10.2.jar:/home/sucode/.m2/repository/org/junit/jupiter/junit-jupiter-api/5.10.2/junit-jupiter-api-5.10.2.jar:/home/sucode/.m2/repository/org/opentest4j/opentest4j/1.3.0/opentest4j-1.3.0.jar:/home/sucode/.m2/repository/org/junit/platform/junit-platform-commons/1.10.2/junit-platform-commons-1.10.2.jar:/home/sucode/.m2/repository/org/apiguardian/apiguardian-api/1.1.2/apiguardian-api-1.1.2.jar:/home/sucode/.m2/repository/org/junit/jupiter/junit-jupiter-params/5.10.2/junit-jupiter-params-5.10.2.jar:/home/sucode/.m2/repository/org/junit/jupiter/junit-jupiter-engine/5.10.2/junit-jupiter-engine-5.10.2.jar:/home/sucode/.m2/repository/org/junit/platform/junit-platform-engine/1.10.2/junit-platform-engine-1.10.2.jar:/home/sucode/.m2/repository/org/mockito/mockito-core/5.11.0/mockito-core-5.11.0.jar:/home/sucode/.m2/repository/net/bytebuddy/byte-buddy-agent/1.14.17/byte-buddy-agent-1.14.17.jar:/home/sucode/.m2/repository/org/objenesis/objenesis/3.3/objenesis-3.3.jar:/home/sucode/.m2/repository/org/mockito/mockito-junit-jupiter/5.11.0/mockito-junit-jupiter-5.11.0.jar:/home/sucode/.m2/repository/org/skyscreamer/jsonassert/1.5.1/jsonassert-1.5.1.jar:/home/sucode/.m2/repository/com/vaadin/external/google/android-json/0.0.20131108.vaadin1/android-json-0.0.20131108.vaadin1.jar:/home/sucode/.m2/repository/org/springframework/spring-core/6.1.10/spring-core-6.1.10.jar:/home/sucode/.m2/repository/org/springframework/spring-jcl/6.1.10/spring-jcl-6.1.10.jar:/home/sucode/.m2/repository/org/springframework/spring-test/6.1.10/spring-test-6.1.10.jar:/home/sucode/.m2/repository/org/xmlunit/xmlunit-core/2.9.1/xmlunit-core-2.9.1.jar:/home/sucode/.m2/repository/javax/servlet/javax.servlet-api/4.0.1/javax.servlet-api-4.0.1.jar:/home/sucode/.m2/repository/org/springdoc/springdoc-openapi-starter-webmvc-ui/2.6.0/springdoc-openapi-starter-webmvc-ui-2.6.0.jar:/home/sucode/.m2/repository/org/springdoc/springdoc-openapi-starter-webmvc-api/2.6.0/springdoc-openapi-starter-webmvc-api-2.6.0.jar:/home/sucode/.m2/repository/org/springdoc/springdoc-openapi-starter-common/2.6.0/springdoc-openapi-starter-common-2.6.0.jar:/home/sucode/.m2/repository/io/swagger/core/v3/swagger-core-jakarta/2.2.22/swagger-core-jakarta-2.2.22.jar:/home/sucode/.m2/repository/org/apache/commons/commons-lang3/3.14.0/commons-lang3-3.14.0.jar:/home/sucode/.m2/repository/io/swagger/core/v3/swagger-annotations-jakarta/2.2.22/swagger-annotations-jakarta-2.2.22.jar:/home/sucode/.m2/repository/io/swagger/core/v3/swagger-models-jakarta/2.2.22/swagger-models-jakarta-2.2.22.jar:/home/sucode/.m2/repository/jakarta/validation/jakarta.validation-api/3.0.2/jakarta.validation-api-3.0.2.jar:/home/sucode/.m2/repository/com/fasterxml/jackson/dataformat/jackson-dataformat-yaml/2.17.1/jackson-dataformat-yaml-2.17.1.jar:/home/sucode/.m2/repository/org/webjars/swagger-ui/5.17.14/swagger-ui-5.17.14.jar:, java.vm.vendor=Ubuntu, sun.arch.data.model=64, java.vendor.url=https://ubuntu.com/, user.timezone=America/Guayaquil, jakarta.persistence.sharedCache.mode=UNSPECIFIED, org.jboss.logging.provider=slf4j, java.vm.specification.version=21, os.name=Linux, jakarta.persistence.nonJtaDataSource=HikariDataSource (HikariPool-1), sun.java.launcher=SUN_STANDARD, user.country=EC, sun.boot.library.path=/usr/lib/jvm/java-21-openjdk-amd64/lib, sun.java.command=/home/sucode/Documentos/rapid/rapidsecure-backend/target/surefire/surefirebooter-20240810205900646_3.jar /home/sucode/Documentos/rapid/rapidsecure-backend/target/surefire 2024-08-10T20-58-56_701-jvmRun1 surefire-20240810205900646_1tmp surefire_0-20240810205900646_2tmp, javax.persistence.nonJtaDataSource=HikariDataSource (HikariPool-1), hibernate.transaction.jta.platform=org.hibernate.engine.transaction.jta.platform.internal.NoJtaPlatform@3ea2f72e, jdk.debug=release, surefire.test.class.path=/home/sucode/Documentos/rapid/rapidsecure-backend/target/test-classes:/home/sucode/Documentos/rapid/rapidsecure-backend/target/classes:/home/sucode/.m2/repository/org/springframework/boot/spring-boot-starter-data-jpa/3.3.1/spring-boot-starter-data-jpa-3.3.1.jar:/home/sucode/.m2/repository/org/springframework/boot/spring-boot-starter-aop/3.3.1/spring-boot-starter-aop-3.3.1.jar:/home/sucode/.m2/repository/org/springframework/spring-aop/6.1.10/spring-aop-6.1.10.jar:/home/sucode/.m2/repository/org/aspectj/aspectjweaver/1.9.22/aspectjweaver-1.9.22.jar:/home/sucode/.m2/repository/org/springframework/boot/spring-boot-starter-jdbc/3.3.1/spring-boot-starter-jdbc-3.3.1.jar:/home/sucode/.m2/repository/com/zaxxer/HikariCP/5.1.0/HikariCP-5.1.0.jar:/home/sucode/.m2/repository/org/springframework/spring-jdbc/6.1.10/spring-jdbc-6.1.10.jar:/home/sucode/.m2/repository/org/hibernate/orm/hibernate-core/6.5.2.Final/hibernate-core-6.5.2.Final.jar:/home/sucode/.m2/repository/jakarta/persistence/jakarta.persistence-api/3.1.0/jakarta.persistence-api-3.1.0.jar:/home/sucode/.m2/repository/jakarta/transaction/jakarta.transaction-api/2.0.1/jakarta.transaction-api-2.0.1.jar:/home/sucode/.m2/repository/org/jboss/logging/jboss-logging/3.5.3.Final/jboss-logging-3.5.3.Final.jar:/home/sucode/.m2/repository/org/hibernate/common/hibernate-commons-annotations/6.0.6.Final/hibernate-commons-annotations-6.0.6.Final.jar:/home/sucode/.m2/repository/io/smallrye/jandex/3.1.2/jandex-3.1.2.jar:/home/sucode/.m2/repository/com/fasterxml/classmate/1.7.0/classmate-1.7.0.jar:/home/sucode/.m2/repository/net/bytebuddy/byte-buddy/1.14.17/byte-buddy-1.14.17.jar:/home/sucode/.m2/repository/org/glassfish/jaxb/jaxb-runtime/4.0.5/jaxb-runtime-4.0.5.jar:/home/sucode/.m2/repository/org/glassfish/jaxb/jaxb-core/4.0.5/jaxb-core-4.0.5.jar:/home/sucode/.m2/repository/org/eclipse/angus/angus-activation/2.0.2/angus-activation-2.0.2.jar:/home/sucode/.m2/repository/org/glassfish/jaxb/txw2/4.0.5/txw2-4.0.5.jar:/home/sucode/.m2/repository/com/sun/istack/istack-commons-runtime/4.1.2/istack-commons-runtime-4.1.2.jar:/home/sucode/.m2/repository/jakarta/inject/jakarta.inject-api/2.0.1/jakarta.inject-api-2.0.1.jar:/home/sucode/.m2/repository/org/antlr/antlr4-runtime/4.13.0/antlr4-runtime-4.13.0.jar:/home/sucode/.m2/repository/org/springframework/data/spring-data-jpa/3.3.1/spring-data-jpa-3.3.1.jar:/home/sucode/.m2/repository/org/springframework/data/spring-data-commons/3.3.1/spring-data-commons-3.3.1.jar:/home/sucode/.m2/repository/org/springframework/spring-orm/6.1.10/spring-orm-6.1.10.jar:/home/sucode/.m2/repository/org/springframework/spring-context/6.1.10/spring-context-6.1.10.jar:/home/sucode/.m2/repository/org/springframework/spring-tx/6.1.10/spring-tx-6.1.10.jar:/home/sucode/.m2/repository/org/springframework/spring-beans/6.1.10/spring-beans-6.1.10.jar:/home/sucode/.m2/repository/jakarta/annotation/jakarta.annotation-api/2.1.1/jakarta.annotation-api-2.1.1.jar:/home/sucode/.m2/repository/org/slf4j/slf4j-api/2.0.13/slf4j-api-2.0.13.jar:/home/sucode/.m2/repository/org/springframework/spring-aspects/6.1.10/spring-aspects-6.1.10.jar:/home/sucode/.m2/repository/org/springframework/boot/spring-boot-starter-web/3.3.1/spring-boot-starter-web-3.3.1.jar:/home/sucode/.m2/repository/org/springframework/boot/spring-boot-starter/3.3.1/spring-boot-starter-3.3.1.jar:/home/sucode/.m2/repository/org/springframework/boot/spring-boot/3.3.1/spring-boot-3.3.1.jar:/home/sucode/.m2/repository/org/springframework/boot/spring-boot-autoconfigure/3.3.1/spring-boot-autoconfigure-3.3.1.jar:/home/sucode/.m2/repository/org/springframework/boot/spring-boot-starter-logging/3.3.1/spring-boot-starter-logging-3.3.1.jar:/home/sucode/.m2/repository/ch/qos/logback/logback-classic/1.5.6/logback-classic-1.5.6.jar:/home/sucode/.m2/repository/ch/qos/logback/logback-core/1.5.6/logback-core-1.5.6.jar:/home/sucode/.m2/repository/org/apache/logging/log4j/log4j-to-slf4j/2.23.1/log4j-to-slf4j-2.23.1.jar:/home/sucode/.m2/repository/org/apache/logging/log4j/log4j-api/2.23.1/log4j-api-2.23.1.jar:/home/sucode/.m2/repository/org/slf4j/jul-to-slf4j/2.0.13/jul-to-slf4j-2.0.13.jar:/home/sucode/.m2/repository/org/yaml/snakeyaml/2.2/snakeyaml-2.2.jar:/home/sucode/.m2/repository/org/springframework/boot/spring-boot-starter-json/3.3.1/spring-boot-starter-json-3.3.1.jar:/home/sucode/.m2/repository/com/fasterxml/jackson/core/jackson-databind/2.17.1/jackson-databind-2.17.1.jar:/home/sucode/.m2/repository/com/fasterxml/jackson/core/jackson-annotations/2.17.1/jackson-annotations-2.17.1.jar:/home/sucode/.m2/repository/com/fasterxml/jackson/core/jackson-core/2.17.1/jackson-core-2.17.1.jar:/home/sucode/.m2/repository/com/fasterxml/jackson/datatype/jackson-datatype-jdk8/2.17.1/jackson-datatype-jdk8-2.17.1.jar:/home/sucode/.m2/repository/com/fasterxml/jackson/datatype/jackson-datatype-jsr310/2.17.1/jackson-datatype-jsr310-2.17.1.jar:/home/sucode/.m2/repository/com/fasterxml/jackson/module/jackson-module-parameter-names/2.17.1/jackson-module-parameter-names-2.17.1.jar:/home/sucode/.m2/repository/org/springframework/boot/spring-boot-starter-tomcat/3.3.1/spring-boot-starter-tomcat-3.3.1.jar:/home/sucode/.m2/repository/org/apache/tomcat/embed/tomcat-embed-core/10.1.25/tomcat-embed-core-10.1.25.jar:/home/sucode/.m2/repository/org/apache/tomcat/embed/tomcat-embed-el/10.1.25/tomcat-embed-el-10.1.25.jar:/home/sucode/.m2/repository/org/apache/tomcat/embed/tomcat-embed-websocket/10.1.25/tomcat-embed-websocket-10.1.25.jar:/home/sucode/.m2/repository/org/springframework/spring-web/6.1.10/spring-web-6.1.10.jar:/home/sucode/.m2/repository/io/micrometer/micrometer-observation/1.13.1/micrometer-observation-1.13.1.jar:/home/sucode/.m2/repository/io/micrometer/micrometer-commons/1.13.1/micrometer-commons-1.13.1.jar:/home/sucode/.m2/repository/org/springframework/spring-webmvc/6.1.10/spring-webmvc-6.1.10.jar:/home/sucode/.m2/repository/org/springframework/spring-expression/6.1.10/spring-expression-6.1.10.jar:/home/sucode/.m2/repository/org/postgresql/postgresql/42.7.3/postgresql-42.7.3.jar:/home/sucode/.m2/repository/org/checkerframework/checker-qual/3.42.0/checker-qual-3.42.0.jar:/home/sucode/.m2/repository/org/springframework/boot/spring-boot-starter-test/3.3.1/spring-boot-starter-test-3.3.1.jar:/home/sucode/.m2/repository/org/springframework/boot/spring-boot-test/3.3.1/spring-boot-test-3.3.1.jar:/home/sucode/.m2/repository/org/springframework/boot/spring-boot-test-autoconfigure/3.3.1/spring-boot-test-autoconfigure-3.3.1.jar:/home/sucode/.m2/repository/com/jayway/jsonpath/json-path/2.9.0/json-path-2.9.0.jar:/home/sucode/.m2/repository/jakarta/xml/bind/jakarta.xml.bind-api/4.0.2/jakarta.xml.bind-api-4.0.2.jar:/home/sucode/.m2/repository/jakarta/activation/jakarta.activation-api/2.1.3/jakarta.activation-api-2.1.3.jar:/home/sucode/.m2/repository/net/minidev/json-smart/2.5.1/json-smart-2.5.1.jar:/home/sucode/.m2/repository/net/minidev/accessors-smart/2.5.1/accessors-smart-2.5.1.jar:/home/sucode/.m2/repository/org/ow2/asm/asm/9.6/asm-9.6.jar:/home/sucode/.m2/repository/org/assertj/assertj-core/3.25.3/assertj-core-3.25.3.jar:/home/sucode/.m2/repository/org/awaitility/awaitility/4.2.1/awaitility-4.2.1.jar:/home/sucode/.m2/repository/org/hamcrest/hamcrest/2.2/hamcrest-2.2.jar:/home/sucode/.m2/repository/org/junit/jupiter/junit-jupiter/5.10.2/junit-jupiter-5.10.2.jar:/home/sucode/.m2/repository/org/junit/jupiter/junit-jupiter-api/5.10.2/junit-jupiter-api-5.10.2.jar:/home/sucode/.m2/repository/org/opentest4j/opentest4j/1.3.0/opentest4j-1.3.0.jar:/home/sucode/.m2/repository/org/junit/platform/junit-platform-commons/1.10.2/junit-platform-commons-1.10.2.jar:/home/sucode/.m2/repository/org/apiguardian/apiguardian-api/1.1.2/apiguardian-api-1.1.2.jar:/home/sucode/.m2/repository/org/junit/jupiter/junit-jupiter-params/5.10.2/junit-jupiter-params-5.10.2.jar:/home/sucode/.m2/repository/org/junit/jupiter/junit-jupiter-engine/5.10.2/junit-jupiter-engine-5.10.2.jar:/home/sucode/.m2/repository/org/junit/platform/junit-platform-engine/1.10.2/junit-platform-engine-1.10.2.jar:/home/sucode/.m2/repository/org/mockito/mockito-core/5.11.0/mockito-core-5.11.0.jar:/home/sucode/.m2/repository/net/bytebuddy/byte-buddy-agent/1.14.17/byte-buddy-agent-1.14.17.jar:/home/sucode/.m2/repository/org/objenesis/objenesis/3.3/objenesis-3.3.jar:/home/sucode/.m2/repository/org/mockito/mockito-junit-jupiter/5.11.0/mockito-junit-jupiter-5.11.0.jar:/home/sucode/.m2/repository/org/skyscreamer/jsonassert/1.5.1/jsonassert-1.5.1.jar:/home/sucode/.m2/repository/com/vaadin/external/google/android-json/0.0.20131108.vaadin1/android-json-0.0.20131108.vaadin1.jar:/home/sucode/.m2/repository/org/springframework/spring-core/6.1.10/spring-core-6.1.10.jar:/home/sucode/.m2/repository/org/springframework/spring-jcl/6.1.10/spring-jcl-6.1.10.jar:/home/sucode/.m2/repository/org/springframework/spring-test/6.1.10/spring-test-6.1.10.jar:/home/sucode/.m2/repository/org/xmlunit/xmlunit-core/2.9.1/xmlunit-core-2.9.1.jar:/home/sucode/.m2/repository/javax/servlet/javax.servlet-api/4.0.1/javax.servlet-api-4.0.1.jar:/home/sucode/.m2/repository/org/springdoc/springdoc-openapi-starter-webmvc-ui/2.6.0/springdoc-openapi-starter-webmvc-ui-2.6.0.jar:/home/sucode/.m2/repository/org/springdoc/springdoc-openapi-starter-webmvc-api/2.6.0/springdoc-openapi-starter-webmvc-api-2.6.0.jar:/home/sucode/.m2/repository/org/springdoc/springdoc-openapi-starter-common/2.6.0/springdoc-openapi-starter-common-2.6.0.jar:/home/sucode/.m2/repository/io/swagger/core/v3/swagger-core-jakarta/2.2.22/swagger-core-jakarta-2.2.22.jar:/home/sucode/.m2/repository/org/apache/commons/commons-lang3/3.14.0/commons-lang3-3.14.0.jar:/home/sucode/.m2/repository/io/swagger/core/v3/swagger-annotations-jakarta/2.2.22/swagger-annotations-jakarta-2.2.22.jar:/home/sucode/.m2/repository/io/swagger/core/v3/swagger-models-jakarta/2.2.22/swagger-models-jakarta-2.2.22.jar:/home/sucode/.m2/repository/jakarta/validation/jakarta.validation-api/3.0.2/jakarta.validation-api-3.0.2.jar:/home/sucode/.m2/repository/com/fasterxml/jackson/dataformat/jackson-dataformat-yaml/2.17.1/jackson-dataformat-yaml-2.17.1.jar:/home/sucode/.m2/repository/org/webjars/swagger-ui/5.17.14/swagger-ui-5.17.14.jar:, sun.cpu.endian=little, hibernate.cdi.extensions=true, user.home=/home/sucode, user.language=es, java.specification.vendor=Oracle Corporation, java.version.date=2024-07-16, java.home=/usr/lib/jvm/java-21-openjdk-amd64, file.separator=/, basedir=/home/sucode/Documentos/rapid/rapidsecure-backend, java.vm.compressedOopsMode=Zero based, line.separator=
, hibernate.persistenceUnitName=default, java.vm.specification.vendor=Oracle Corporation, java.specification.name=Java Platform API Specification, FILE_LOG_CHARSET=UTF-8, hibernate.transaction.coordinator_class=class org.hibernate.resource.transaction.backend.jdbc.internal.JdbcResourceLocalTransactionCoordinatorBuilderImpl, java.awt.headless=true, surefire.real.class.path=/home/sucode/Documentos/rapid/rapidsecure-backend/target/surefire/surefirebooter-20240810205900646_3.jar, jakarta.persistence.validation.mode=AUTO, hibernate.hbm2ddl.auto=update, sun.management.compiler=HotSpot 64-Bit Tiered Compilers, java.runtime.version=21.0.4+7-Ubuntu-1ubuntu222.04, user.name=sucode, stdout.encoding=UTF-8, path.separator=:, os.version=6.5.0-45-generic, java.runtime.name=OpenJDK Runtime Environment, file.encoding=UTF-8, java.vm.name=OpenJDK 64-Bit Server VM, localRepository=/home/sucode/.m2/repository, java.vendor.url.bug=https://bugs.launchpad.net/ubuntu/+source/openjdk-21, java.io.tmpdir=/tmp, java.version=21.0.4, hibernate.physical_naming_strategy=org.hibernate.boot.model.naming.CamelCaseToUnderscoresNamingStrategy, user.dir=/home/sucode/Documentos/rapid/rapidsecure-backend, os.arch=amd64, java.vm.specification.name=Java Virtual Machine Specification, PID=40026, CONSOLE_LOG_CHARSET=UTF-8, hibernate.boot.CfgXmlAccessService.key=org.hibernate.boot.registry.StandardServiceRegistryBuilder$1@57b33c29, native.encoding=UTF-8, java.library.path=/usr/java/packages/lib:/usr/lib/x86_64-linux-gnu/jni:/lib/x86_64-linux-gnu:/usr/lib/x86_64-linux-gnu:/usr/lib/jni:/lib:/usr/lib, stderr.encoding=UTF-8, java.vendor=Ubuntu, java.vm.info=mixed mode, sharing, java.vm.version=21.0.4+7-Ubuntu-1ubuntu222.04, sun.io.unicode.encoding=UnicodeLittle, hibernate.archive.scanner=org.hibernate.boot.archive.scan.internal.DisabledScanner, hibernate.connection.datasource=HikariDataSource (HikariPool-1), java.class.version=65.0, LOGGED_APPLICATION_NAME=[rapidsecure] }
2024-08-10T20:59:11.496-05:00 DEBUG 40026 --- [rapidsecure] [           main] o.hibernate.internal.SessionFactoryImpl  : Session factory constructed with filter configurations : {}
2024-08-10T20:59:11.503-05:00 DEBUG 40026 --- [rapidsecure] [           main] o.h.b.beanvalidation.TypeSafeActivator   : Unable to acquire Bean Validation ValidatorFactory, skipping activation
2024-08-10T20:59:11.612-05:00 DEBUG 40026 --- [rapidsecure] [           main] o.h.q.sqm.function.SqmFunctionRegistry   : Registered SqmFunctionTemplate [NamedSqmFunctionTemplate(max)] under max; prior registration was null
2024-08-10T20:59:11.612-05:00 DEBUG 40026 --- [rapidsecure] [           main] o.h.q.sqm.function.SqmFunctionRegistry   : Registered SqmFunctionTemplate [NamedSqmFunctionTemplate(min)] under min; prior registration was null
2024-08-10T20:59:11.613-05:00 DEBUG 40026 --- [rapidsecure] [           main] o.h.q.sqm.function.SqmFunctionRegistry   : Registered SqmFunctionTemplate [NamedSqmFunctionTemplate(sum)] under sum; prior registration was null
2024-08-10T20:59:11.614-05:00 DEBUG 40026 --- [rapidsecure] [           main] o.h.q.sqm.function.SqmFunctionRegistry   : Registered SqmFunctionTemplate [NamedSqmFunctionTemplate(avg)] under avg; prior registration was null
2024-08-10T20:59:11.617-05:00 DEBUG 40026 --- [rapidsecure] [           main] o.h.q.sqm.function.SqmFunctionRegistry   : Registered SqmFunctionTemplate [org.hibernate.dialect.function.CountFunction@7fd2a67a] under count; prior registration was null
2024-08-10T20:59:11.619-05:00 DEBUG 40026 --- [rapidsecure] [           main] o.h.q.sqm.function.SqmFunctionRegistry   : Registered SqmFunctionTemplate [org.hibernate.dialect.function.EveryAnyEmulation@69e36fe3] under every; prior registration was null
2024-08-10T20:59:11.619-05:00 DEBUG 40026 --- [rapidsecure] [           main] o.h.q.sqm.function.SqmFunctionRegistry   : Registered SqmFunctionTemplate [org.hibernate.dialect.function.EveryAnyEmulation@48d31d25] under any; prior registration was null
2024-08-10T20:59:11.620-05:00 DEBUG 40026 --- [rapidsecure] [           main] o.h.q.sqm.function.SqmFunctionRegistry   : Registered SqmFunctionTemplate [NamedSqmFunctionTemplate(floor)] under floor; prior registration was null
2024-08-10T20:59:11.620-05:00 DEBUG 40026 --- [rapidsecure] [           main] o.h.q.sqm.function.SqmFunctionRegistry   : Registered SqmFunctionTemplate [NamedSqmFunctionTemplate(ceiling)] under ceiling; prior registration was null
2024-08-10T20:59:11.620-05:00 DEBUG 40026 --- [rapidsecure] [           main] o.h.q.sqm.function.SqmFunctionRegistry   : Registered SqmFunctionTemplate [NamedSqmFunctionTemplate(mod)] under mod; prior registration was null
2024-08-10T20:59:11.620-05:00 DEBUG 40026 --- [rapidsecure] [           main] o.h.q.sqm.function.SqmFunctionRegistry   : Registered SqmFunctionTemplate [NamedSqmFunctionTemplate(abs)] under abs; prior registration was null
2024-08-10T20:59:11.620-05:00 DEBUG 40026 --- [rapidsecure] [           main] o.h.q.sqm.function.SqmFunctionRegistry   : Registered SqmFunctionTemplate [NamedSqmFunctionTemplate(sign)] under sign; prior registration was null
2024-08-10T20:59:11.620-05:00 DEBUG 40026 --- [rapidsecure] [           main] o.h.q.sqm.function.SqmFunctionRegistry   : Registered SqmFunctionTemplate [NamedSqmFunctionTemplate(sqrt)] under sqrt; prior registration was null
2024-08-10T20:59:11.620-05:00 DEBUG 40026 --- [rapidsecure] [           main] o.h.q.sqm.function.SqmFunctionRegistry   : Registered SqmFunctionTemplate [NamedSqmFunctionTemplate(ln)] under ln; prior registration was null
2024-08-10T20:59:11.620-05:00 DEBUG 40026 --- [rapidsecure] [           main] o.h.q.sqm.function.SqmFunctionRegistry   : Registered SqmFunctionTemplate [NamedSqmFunctionTemplate(exp)] under exp; prior registration was null
2024-08-10T20:59:11.621-05:00 DEBUG 40026 --- [rapidsecure] [           main] o.h.q.sqm.function.SqmFunctionRegistry   : Registered SqmFunctionTemplate [NamedSqmFunctionTemplate(power)] under power; prior registration was null
2024-08-10T20:59:11.621-05:00 DEBUG 40026 --- [rapidsecure] [           main] o.h.q.sqm.function.SqmFunctionRegistry   : Registered SqmFunctionTemplate [NamedSqmFunctionTemplate(round)] under round; prior registration was null
2024-08-10T20:59:11.621-05:00 DEBUG 40026 --- [rapidsecure] [           main] o.h.q.sqm.function.SqmFunctionRegistry   : Registered SqmFunctionTemplate [NamedSqmFunctionTemplate(sin)] under sin; prior registration was null
2024-08-10T20:59:11.621-05:00 DEBUG 40026 --- [rapidsecure] [           main] o.h.q.sqm.function.SqmFunctionRegistry   : Registered SqmFunctionTemplate [NamedSqmFunctionTemplate(cos)] under cos; prior registration was null
2024-08-10T20:59:11.622-05:00 DEBUG 40026 --- [rapidsecure] [           main] o.h.q.sqm.function.SqmFunctionRegistry   : Registered SqmFunctionTemplate [NamedSqmFunctionTemplate(tan)] under tan; prior registration was null
2024-08-10T20:59:11.622-05:00 DEBUG 40026 --- [rapidsecure] [           main] o.h.q.sqm.function.SqmFunctionRegistry   : Registered SqmFunctionTemplate [NamedSqmFunctionTemplate(asin)] under asin; prior registration was null
2024-08-10T20:59:11.622-05:00 DEBUG 40026 --- [rapidsecure] [           main] o.h.q.sqm.function.SqmFunctionRegistry   : Registered SqmFunctionTemplate [NamedSqmFunctionTemplate(acos)] under acos; prior registration was null
2024-08-10T20:59:11.622-05:00 DEBUG 40026 --- [rapidsecure] [           main] o.h.q.sqm.function.SqmFunctionRegistry   : Registered SqmFunctionTemplate [NamedSqmFunctionTemplate(atan)] under atan; prior registration was null
2024-08-10T20:59:11.622-05:00 DEBUG 40026 --- [rapidsecure] [           main] o.h.q.sqm.function.SqmFunctionRegistry   : Registered SqmFunctionTemplate [NamedSqmFunctionTemplate(atan2)] under atan2; prior registration was null
2024-08-10T20:59:11.624-05:00 DEBUG 40026 --- [rapidsecure] [           main] o.h.q.sqm.function.SqmFunctionRegistry   : Registered SqmFunctionTemplate [org.hibernate.query.sqm.function.PatternBasedSqmFunctionDescriptor@252d8df6] under sinh; prior registration was null
2024-08-10T20:59:11.625-05:00 DEBUG 40026 --- [rapidsecure] [           main] o.h.q.sqm.function.SqmFunctionRegistry   : Registered SqmFunctionTemplate [org.hibernate.query.sqm.function.PatternBasedSqmFunctionDescriptor@36638b59] under cosh; prior registration was null
2024-08-10T20:59:11.625-05:00 DEBUG 40026 --- [rapidsecure] [           main] o.h.q.sqm.function.SqmFunctionRegistry   : Registered SqmFunctionTemplate [org.hibernate.query.sqm.function.PatternBasedSqmFunctionDescriptor@2f8f40cc] under tanh; prior registration was null
2024-08-10T20:59:11.631-05:00 DEBUG 40026 --- [rapidsecure] [           main] o.h.q.sqm.function.SqmFunctionRegistry   : Registered SqmFunctionTemplate [org.hibernate.query.sqm.function.PatternBasedSqmFunctionDescriptor@14d81f2c] under pi; prior registration was null
2024-08-10T20:59:11.631-05:00 DEBUG 40026 --- [rapidsecure] [           main] o.h.q.sqm.function.SqmFunctionRegistry   : Registered SqmFunctionTemplate [org.hibernate.query.sqm.function.PatternBasedSqmFunctionDescriptor@5dd3727c] under log; prior registration was null
2024-08-10T20:59:11.634-05:00 DEBUG 40026 --- [rapidsecure] [           main] o.h.q.sqm.function.SqmFunctionRegistry   : Registered SqmFunctionTemplate [NamedSqmFunctionTemplate(coalesce)] under coalesce; prior registration was null
2024-08-10T20:59:11.634-05:00 DEBUG 40026 --- [rapidsecure] [           main] o.h.q.sqm.function.SqmFunctionRegistry   : Registered SqmFunctionTemplate [NamedSqmFunctionTemplate(nullif)] under nullif; prior registration was null
2024-08-10T20:59:11.634-05:00 DEBUG 40026 --- [rapidsecure] [           main] o.h.q.sqm.function.SqmFunctionRegistry   : Registered SqmFunctionTemplate [NamedSqmFunctionTemplate(left)] under left; prior registration was null
2024-08-10T20:59:11.635-05:00 DEBUG 40026 --- [rapidsecure] [           main] o.h.q.sqm.function.SqmFunctionRegistry   : Registered SqmFunctionTemplate [NamedSqmFunctionTemplate(right)] under right; prior registration was null
2024-08-10T20:59:11.642-05:00 DEBUG 40026 --- [rapidsecure] [           main] o.h.q.sqm.function.SqmFunctionRegistry   : Registered SqmFunctionTemplate [NamedSqmFunctionTemplate(replace)] under replace; prior registration was null
2024-08-10T20:59:11.643-05:00 DEBUG 40026 --- [rapidsecure] [           main] o.h.q.sqm.function.SqmFunctionRegistry   : Registered SqmFunctionTemplate [NamedSqmFunctionTemplate(concat)] under concat; prior registration was null
2024-08-10T20:59:11.643-05:00 DEBUG 40026 --- [rapidsecure] [           main] o.h.q.sqm.function.SqmFunctionRegistry   : Registered SqmFunctionTemplate [NamedSqmFunctionTemplate(lower)] under lower; prior registration was null
2024-08-10T20:59:11.643-05:00 DEBUG 40026 --- [rapidsecure] [           main] o.h.q.sqm.function.SqmFunctionRegistry   : Registered SqmFunctionTemplate [NamedSqmFunctionTemplate(upper)] under upper; prior registration was null
2024-08-10T20:59:11.643-05:00 DEBUG 40026 --- [rapidsecure] [           main] o.h.q.sqm.function.SqmFunctionRegistry   : Registered SqmFunctionTemplate [NamedSqmFunctionTemplate(substring)] under substring; prior registration was null
2024-08-10T20:59:11.644-05:00 DEBUG 40026 --- [rapidsecure] [           main] o.h.q.sqm.function.SqmFunctionRegistry   : Registered SqmFunctionTemplate [NamedSqmFunctionTemplate(locate)] under locate; prior registration was null
2024-08-10T20:59:11.644-05:00 DEBUG 40026 --- [rapidsecure] [           main] o.h.q.sqm.function.SqmFunctionRegistry   : Registered SqmFunctionTemplate [NamedSqmFunctionTemplate(character_length)] under character_length; prior registration was null
2024-08-10T20:59:11.644-05:00 DEBUG 40026 --- [rapidsecure] [           main] o.h.q.sqm.function.SqmFunctionRegistry   : Registering alternate key : length -> character_length
2024-08-10T20:59:11.645-05:00 DEBUG 40026 --- [rapidsecure] [           main] o.h.q.sqm.function.SqmFunctionRegistry   : Registered SqmFunctionTemplate [org.hibernate.dialect.function.LocatePositionEmulation@5dce5c03] under position; prior registration was null
2024-08-10T20:59:11.656-05:00 DEBUG 40026 --- [rapidsecure] [           main] o.h.q.sqm.function.SqmFunctionRegistry   : Registered SqmFunctionTemplate [org.hibernate.dialect.function.InsertSubstringOverlayEmulation@4627dfda] under overlay; prior registration was null
2024-08-10T20:59:11.657-05:00 DEBUG 40026 --- [rapidsecure] [           main] o.h.q.sqm.function.SqmFunctionRegistry   : Registered SqmFunctionTemplate [org.hibernate.dialect.function.TrimFunction@6ab50d1c] under trim; prior registration was null
2024-08-10T20:59:11.658-05:00 DEBUG 40026 --- [rapidsecure] [           main] o.h.q.sqm.function.SqmFunctionRegistry   : Registered SqmFunctionTemplate [org.hibernate.dialect.function.CastFunction@1c2cdc67] under cast; prior registration was null
2024-08-10T20:59:11.659-05:00 DEBUG 40026 --- [rapidsecure] [           main] o.h.q.sqm.function.SqmFunctionRegistry   : Registered SqmFunctionTemplate [org.hibernate.query.sqm.function.PatternBasedSqmFunctionDescriptor@4c28f97e] under collate; prior registration was null
2024-08-10T20:59:11.660-05:00 DEBUG 40026 --- [rapidsecure] [           main] o.h.q.sqm.function.SqmFunctionRegistry   : Registered SqmFunctionTemplate [org.hibernate.dialect.function.ExtractFunction@2b41b8bb] under extract; prior registration was null
2024-08-10T20:59:11.660-05:00 DEBUG 40026 --- [rapidsecure] [           main] o.h.q.sqm.function.SqmFunctionRegistry   : Registered SqmFunctionTemplate [NamedSqmFunctionTemplate(least)] under least; prior registration was null
2024-08-10T20:59:11.660-05:00 DEBUG 40026 --- [rapidsecure] [           main] o.h.q.sqm.function.SqmFunctionRegistry   : Registered SqmFunctionTemplate [NamedSqmFunctionTemplate(greatest)] under greatest; prior registration was null
2024-08-10T20:59:11.661-05:00 DEBUG 40026 --- [rapidsecure] [           main] o.h.q.sqm.function.SqmFunctionRegistry   : Registered SqmFunctionTemplate [org.hibernate.dialect.function.CoalesceIfnullEmulation@396f2724] under ifnull; prior registration was null
2024-08-10T20:59:11.661-05:00 DEBUG 40026 --- [rapidsecure] [           main] o.h.q.sqm.function.SqmFunctionRegistry   : Registered SqmFunctionTemplate [NamedSqmFunctionTemplate(lpad)] under lpad; prior registration was null
2024-08-10T20:59:11.661-05:00 DEBUG 40026 --- [rapidsecure] [           main] o.h.q.sqm.function.SqmFunctionRegistry   : Registered SqmFunctionTemplate [NamedSqmFunctionTemplate(rpad)] under rpad; prior registration was null
2024-08-10T20:59:11.662-05:00 DEBUG 40026 --- [rapidsecure] [           main] o.h.q.sqm.function.SqmFunctionRegistry   : Registered SqmFunctionTemplate [org.hibernate.dialect.function.LpadRpadPadEmulation@199806aa] under pad; prior registration was null
2024-08-10T20:59:11.667-05:00 DEBUG 40026 --- [rapidsecure] [           main] o.h.q.sqm.function.SqmFunctionRegistry   : Registered SqmFunctionTemplate [org.hibernate.dialect.function.CastStrEmulation@7d95166a] under str; prior registration was null
2024-08-10T20:59:11.670-05:00 DEBUG 40026 --- [rapidsecure] [           main] o.h.q.sqm.function.SqmFunctionRegistry   : Registered SqmFunctionTemplate [org.hibernate.dialect.function.FormatFunction@3dad535f] under format; prior registration was null
2024-08-10T20:59:11.671-05:00 DEBUG 40026 --- [rapidsecure] [           main] o.h.q.sqm.function.SqmFunctionRegistry   : Registered SqmFunctionTemplate [org.hibernate.dialect.function.TimestampaddFunction@224d537d] under timestampadd; prior registration was null
2024-08-10T20:59:11.672-05:00 DEBUG 40026 --- [rapidsecure] [           main] o.h.q.sqm.function.SqmFunctionRegistry   : Registered SqmFunctionTemplate [org.hibernate.dialect.function.TimestampdiffFunction@63d0e8d] under timestampdiff; prior registration was null
2024-08-10T20:59:11.672-05:00 DEBUG 40026 --- [rapidsecure] [           main] o.h.q.sqm.function.SqmFunctionRegistry   : Registering alternate key : dateadd -> timestampadd
2024-08-10T20:59:11.672-05:00 DEBUG 40026 --- [rapidsecure] [           main] o.h.q.sqm.function.SqmFunctionRegistry   : Registering alternate key : datediff -> timestampdiff
2024-08-10T20:59:11.673-05:00 DEBUG 40026 --- [rapidsecure] [           main] o.h.q.sqm.function.SqmFunctionRegistry   : Registered SqmFunctionTemplate [org.hibernate.dialect.function.CurrentFunction@448892f1] under current_date; prior registration was null
2024-08-10T20:59:11.673-05:00 DEBUG 40026 --- [rapidsecure] [           main] o.h.q.sqm.function.SqmFunctionRegistry   : Registered SqmFunctionTemplate [org.hibernate.dialect.function.CurrentFunction@1626bddf] under current_time; prior registration was null
2024-08-10T20:59:11.673-05:00 DEBUG 40026 --- [rapidsecure] [           main] o.h.q.sqm.function.SqmFunctionRegistry   : Registered SqmFunctionTemplate [org.hibernate.dialect.function.CurrentFunction@29532e91] under current_timestamp; prior registration was null
2024-08-10T20:59:11.673-05:00 DEBUG 40026 --- [rapidsecure] [           main] o.h.q.sqm.function.SqmFunctionRegistry   : Registering alternate key : current date -> current_date
2024-08-10T20:59:11.682-05:00 DEBUG 40026 --- [rapidsecure] [           main] o.h.q.sqm.function.SqmFunctionRegistry   : Registering alternate key : current time -> current_time
2024-08-10T20:59:11.682-05:00 DEBUG 40026 --- [rapidsecure] [           main] o.h.q.sqm.function.SqmFunctionRegistry   : Registering alternate key : current timestamp -> current_timestamp
2024-08-10T20:59:11.682-05:00 DEBUG 40026 --- [rapidsecure] [           main] o.h.q.sqm.function.SqmFunctionRegistry   : Registered SqmFunctionTemplate [org.hibernate.dialect.function.CurrentFunction@7e691624] under local_date; prior registration was null
2024-08-10T20:59:11.683-05:00 DEBUG 40026 --- [rapidsecure] [           main] o.h.q.sqm.function.SqmFunctionRegistry   : Registered SqmFunctionTemplate [org.hibernate.dialect.function.CurrentFunction@7ef60c02] under local_time; prior registration was null
2024-08-10T20:59:11.683-05:00 DEBUG 40026 --- [rapidsecure] [           main] o.h.q.sqm.function.SqmFunctionRegistry   : Registered SqmFunctionTemplate [org.hibernate.dialect.function.CurrentFunction@5d9d8e46] under local_datetime; prior registration was null
2024-08-10T20:59:11.683-05:00 DEBUG 40026 --- [rapidsecure] [           main] o.h.q.sqm.function.SqmFunctionRegistry   : Registered SqmFunctionTemplate [org.hibernate.dialect.function.CurrentFunction@6d0a14c2] under offset_datetime; prior registration was null
2024-08-10T20:59:11.683-05:00 DEBUG 40026 --- [rapidsecure] [           main] o.h.q.sqm.function.SqmFunctionRegistry   : Registering alternate key : local date -> local_date
2024-08-10T20:59:11.683-05:00 DEBUG 40026 --- [rapidsecure] [           main] o.h.q.sqm.function.SqmFunctionRegistry   : Registering alternate key : local time -> local_time
2024-08-10T20:59:11.683-05:00 DEBUG 40026 --- [rapidsecure] [           main] o.h.q.sqm.function.SqmFunctionRegistry   : Registering alternate key : local datetime -> local_datetime
2024-08-10T20:59:11.683-05:00 DEBUG 40026 --- [rapidsecure] [           main] o.h.q.sqm.function.SqmFunctionRegistry   : Registering alternate key : offset datetime -> offset_datetime
2024-08-10T20:59:11.683-05:00 DEBUG 40026 --- [rapidsecure] [           main] o.h.q.sqm.function.SqmFunctionRegistry   : Registered SqmFunctionTemplate [org.hibernate.dialect.function.CurrentFunction@5b64f771] under instant; prior registration was null
2024-08-10T20:59:11.683-05:00 DEBUG 40026 --- [rapidsecure] [           main] o.h.q.sqm.function.SqmFunctionRegistry   : Registering alternate key : current_instant -> instant
2024-08-10T20:59:11.684-05:00 DEBUG 40026 --- [rapidsecure] [           main] o.h.q.sqm.function.SqmFunctionRegistry   : Registered SqmFunctionTemplate [org.hibernate.dialect.function.SqlFunction@65503a26] under sql; prior registration was null
2024-08-10T20:59:11.684-05:00 DEBUG 40026 --- [rapidsecure] [           main] o.h.q.sqm.function.SqmFunctionRegistry   : Registered SqmFunctionTemplate [NamedSqmFunctionTemplate(cot)] under cot; prior registration was null
2024-08-10T20:59:11.684-05:00 DEBUG 40026 --- [rapidsecure] [           main] o.h.q.sqm.function.SqmFunctionRegistry   : Registered SqmFunctionTemplate [NamedSqmFunctionTemplate(radians)] under radians; prior registration was null
2024-08-10T20:59:11.684-05:00 DEBUG 40026 --- [rapidsecure] [           main] o.h.q.sqm.function.SqmFunctionRegistry   : Registered SqmFunctionTemplate [NamedSqmFunctionTemplate(degrees)] under degrees; prior registration was null
2024-08-10T20:59:11.685-05:00 DEBUG 40026 --- [rapidsecure] [           main] o.h.q.sqm.function.SqmFunctionRegistry   : Registered SqmFunctionTemplate [NamedSqmFunctionTemplate(log)] under log; prior registration was org.hibernate.query.sqm.function.PatternBasedSqmFunctionDescriptor@5dd3727c
2024-08-10T20:59:11.685-05:00 DEBUG 40026 --- [rapidsecure] [           main] o.h.q.sqm.function.SqmFunctionRegistry   : Registered SqmFunctionTemplate [org.hibernate.query.sqm.function.PatternBasedSqmFunctionDescriptor@13aa54f1] under mod; prior registration was NamedSqmFunctionTemplate(mod)
2024-08-10T20:59:11.685-05:00 DEBUG 40026 --- [rapidsecure] [           main] o.h.q.sqm.function.SqmFunctionRegistry   : Registered SqmFunctionTemplate [NamedSqmFunctionTemplate(log10)] under log10; prior registration was null
2024-08-10T20:59:11.685-05:00 DEBUG 40026 --- [rapidsecure] [           main] o.h.q.sqm.function.SqmFunctionRegistry   : Registered SqmFunctionTemplate [NamedSqmFunctionTemplate(tanh)] under tanh; prior registration was org.hibernate.query.sqm.function.PatternBasedSqmFunctionDescriptor@2f8f40cc
2024-08-10T20:59:11.685-05:00 DEBUG 40026 --- [rapidsecure] [           main] o.h.q.sqm.function.SqmFunctionRegistry   : Registered SqmFunctionTemplate [NamedSqmFunctionTemplate(sinh)] under sinh; prior registration was org.hibernate.query.sqm.function.PatternBasedSqmFunctionDescriptor@252d8df6
2024-08-10T20:59:11.685-05:00 DEBUG 40026 --- [rapidsecure] [           main] o.h.q.sqm.function.SqmFunctionRegistry   : Registered SqmFunctionTemplate [NamedSqmFunctionTemplate(cosh)] under cosh; prior registration was org.hibernate.query.sqm.function.PatternBasedSqmFunctionDescriptor@36638b59
2024-08-10T20:59:11.685-05:00 DEBUG 40026 --- [rapidsecure] [           main] o.h.q.sqm.function.SqmFunctionRegistry   : Registered SqmFunctionTemplate [NamedSqmFunctionTemplate(acosh)] under acosh; prior registration was null
2024-08-10T20:59:11.685-05:00 DEBUG 40026 --- [rapidsecure] [           main] o.h.q.sqm.function.SqmFunctionRegistry   : Registered SqmFunctionTemplate [NamedSqmFunctionTemplate(asinh)] under asinh; prior registration was null
2024-08-10T20:59:11.685-05:00 DEBUG 40026 --- [rapidsecure] [           main] o.h.q.sqm.function.SqmFunctionRegistry   : Registered SqmFunctionTemplate [NamedSqmFunctionTemplate(atanh)] under atanh; prior registration was null
2024-08-10T20:59:11.686-05:00 DEBUG 40026 --- [rapidsecure] [           main] o.h.q.sqm.function.SqmFunctionRegistry   : Registered SqmFunctionTemplate [NamedSqmFunctionTemplate(cbrt)] under cbrt; prior registration was null
2024-08-10T20:59:11.686-05:00 DEBUG 40026 --- [rapidsecure] [           main] o.h.q.sqm.function.SqmFunctionRegistry   : Registered SqmFunctionTemplate [NamedSqmFunctionTemplate(pi)] under pi; prior registration was org.hibernate.query.sqm.function.PatternBasedSqmFunctionDescriptor@14d81f2c
2024-08-10T20:59:11.686-05:00 DEBUG 40026 --- [rapidsecure] [           main] o.h.q.sqm.function.SqmFunctionRegistry   : Registered SqmFunctionTemplate [NamedSqmFunctionTemplate(ltrim)] under ltrim; prior registration was null
2024-08-10T20:59:11.686-05:00 DEBUG 40026 --- [rapidsecure] [           main] o.h.q.sqm.function.SqmFunctionRegistry   : Registered SqmFunctionTemplate [NamedSqmFunctionTemplate(rtrim)] under rtrim; prior registration was null
2024-08-10T20:59:11.686-05:00 DEBUG 40026 --- [rapidsecure] [           main] o.h.q.sqm.function.SqmFunctionRegistry   : Registered SqmFunctionTemplate [NamedSqmFunctionTemplate(repeat)] under repeat; prior registration was null
2024-08-10T20:59:11.686-05:00 DEBUG 40026 --- [rapidsecure] [           main] o.h.q.sqm.function.SqmFunctionRegistry   : Registered SqmFunctionTemplate [NamedSqmFunctionTemplate(md5)] under md5; prior registration was null
2024-08-10T20:59:11.686-05:00 DEBUG 40026 --- [rapidsecure] [           main] o.h.q.sqm.function.SqmFunctionRegistry   : Registered SqmFunctionTemplate [NamedSqmFunctionTemplate(initcap)] under initcap; prior registration was null
2024-08-10T20:59:11.686-05:00 DEBUG 40026 --- [rapidsecure] [           main] o.h.q.sqm.function.SqmFunctionRegistry   : Registered SqmFunctionTemplate [NamedSqmFunctionTemplate(substr)] under substr; prior registration was null
2024-08-10T20:59:11.687-05:00 DEBUG 40026 --- [rapidsecure] [           main] o.h.q.sqm.function.SqmFunctionRegistry   : Registered SqmFunctionTemplate [NamedSqmFunctionTemplate(substr)] under substring; prior registration was NamedSqmFunctionTemplate(substring)
2024-08-10T20:59:11.687-05:00 DEBUG 40026 --- [rapidsecure] [           main] o.h.q.sqm.function.SqmFunctionRegistry   : Registered SqmFunctionTemplate [NamedSqmFunctionTemplate(translate)] under translate; prior registration was null
2024-08-10T20:59:11.687-05:00 DEBUG 40026 --- [rapidsecure] [           main] o.h.q.sqm.function.SqmFunctionRegistry   : Registered SqmFunctionTemplate [NamedSqmFunctionTemplate(to_number)] under to_number; prior registration was null
2024-08-10T20:59:11.687-05:00 DEBUG 40026 --- [rapidsecure] [           main] o.h.q.sqm.function.SqmFunctionRegistry   : Registered SqmFunctionTemplate [NamedSqmFunctionTemplate(to_char)] under to_char; prior registration was null
2024-08-10T20:59:11.687-05:00 DEBUG 40026 --- [rapidsecure] [           main] o.h.q.sqm.function.SqmFunctionRegistry   : Registered SqmFunctionTemplate [NamedSqmFunctionTemplate(to_date)] under to_date; prior registration was null
2024-08-10T20:59:11.687-05:00 DEBUG 40026 --- [rapidsecure] [           main] o.h.q.sqm.function.SqmFunctionRegistry   : Registered SqmFunctionTemplate [NamedSqmFunctionTemplate(to_timestamp)] under to_timestamp; prior registration was null
2024-08-10T20:59:11.688-05:00 DEBUG 40026 --- [rapidsecure] [           main] o.h.q.sqm.function.SqmFunctionRegistry   : Registered SqmFunctionTemplate [org.hibernate.dialect.function.ConcatPipeFunction@6408be5] under concat; prior registration was NamedSqmFunctionTemplate(concat)
2024-08-10T20:59:11.688-05:00 DEBUG 40026 --- [rapidsecure] [           main] o.h.q.sqm.function.SqmFunctionRegistry   : Registered SqmFunctionTemplate [NamedSqmFunctionTemplate(localtime)] under localtime; prior registration was null
2024-08-10T20:59:11.689-05:00 DEBUG 40026 --- [rapidsecure] [           main] o.h.q.sqm.function.SqmFunctionRegistry   : Registered SqmFunctionTemplate [NamedSqmFunctionTemplate(localtimestamp)] under localtimestamp; prior registration was null
2024-08-10T20:59:11.689-05:00 DEBUG 40026 --- [rapidsecure] [           main] o.h.q.sqm.function.SqmFunctionRegistry   : Registered SqmFunctionTemplate [NamedSqmFunctionTemplate(localtime)] under local_time; prior registration was org.hibernate.dialect.function.CurrentFunction@7ef60c02
2024-08-10T20:59:11.689-05:00 DEBUG 40026 --- [rapidsecure] [           main] o.h.q.sqm.function.SqmFunctionRegistry   : Registered SqmFunctionTemplate [NamedSqmFunctionTemplate(localtimestamp)] under local_datetime; prior registration was org.hibernate.dialect.function.CurrentFunction@5d9d8e46
2024-08-10T20:59:11.694-05:00 DEBUG 40026 --- [rapidsecure] [           main] o.h.q.sqm.function.SqmFunctionRegistry   : Registered SqmFunctionTemplate [org.hibernate.dialect.function.LengthFunction@549d14fe] under character_length; prior registration was NamedSqmFunctionTemplate(character_length)
2024-08-10T20:59:11.697-05:00 DEBUG 40026 --- [rapidsecure] [           main] o.h.q.sqm.function.SqmFunctionRegistry   : Registering alternate key : length -> character_length
2024-08-10T20:59:11.698-05:00 DEBUG 40026 --- [rapidsecure] [           main] o.h.q.sqm.function.SqmFunctionRegistry   : Registered SqmFunctionTemplate [org.hibernate.dialect.function.LengthFunction@77d54a41] under bit_length; prior registration was null
2024-08-10T20:59:11.709-05:00 DEBUG 40026 --- [rapidsecure] [           main] o.h.q.sqm.function.SqmFunctionRegistry   : Registered SqmFunctionTemplate [org.hibernate.dialect.function.LengthFunction@41026e5c] under octet_length; prior registration was null
2024-08-10T20:59:11.709-05:00 DEBUG 40026 --- [rapidsecure] [           main] o.h.q.sqm.function.SqmFunctionRegistry   : Registered SqmFunctionTemplate [NamedSqmFunctionTemplate(ascii)] under ascii; prior registration was null
2024-08-10T20:59:11.710-05:00 DEBUG 40026 --- [rapidsecure] [           main] o.h.q.sqm.function.SqmFunctionRegistry   : Registered SqmFunctionTemplate [NamedSqmFunctionTemplate(chr)] under chr; prior registration was null
2024-08-10T20:59:11.710-05:00 DEBUG 40026 --- [rapidsecure] [           main] o.h.q.sqm.function.SqmFunctionRegistry   : Registering alternate key : char -> chr
2024-08-10T20:59:11.710-05:00 DEBUG 40026 --- [rapidsecure] [           main] o.h.q.sqm.function.SqmFunctionRegistry   : Registered SqmFunctionTemplate [org.hibernate.query.sqm.function.PatternBasedSqmFunctionDescriptor@12421766] under position; prior registration was org.hibernate.dialect.function.LocatePositionEmulation@5dce5c03
2024-08-10T20:59:11.710-05:00 DEBUG 40026 --- [rapidsecure] [           main] o.h.q.sqm.function.SqmFunctionRegistry   : Registered SqmFunctionTemplate [org.hibernate.query.sqm.function.PatternBasedSqmFunctionDescriptor@2e44cb34] under bitand; prior registration was null
2024-08-10T20:59:11.719-05:00 DEBUG 40026 --- [rapidsecure] [           main] o.h.q.sqm.function.SqmFunctionRegistry   : Registered SqmFunctionTemplate [org.hibernate.query.sqm.function.PatternBasedSqmFunctionDescriptor@731e0bff] under bitor; prior registration was null
2024-08-10T20:59:11.719-05:00 DEBUG 40026 --- [rapidsecure] [           main] o.h.q.sqm.function.SqmFunctionRegistry   : Registered SqmFunctionTemplate [org.hibernate.query.sqm.function.PatternBasedSqmFunctionDescriptor@213ceb4e] under bitxor; prior registration was null
2024-08-10T20:59:11.719-05:00 DEBUG 40026 --- [rapidsecure] [           main] o.h.q.sqm.function.SqmFunctionRegistry   : Registered SqmFunctionTemplate [org.hibernate.query.sqm.function.PatternBasedSqmFunctionDescriptor@23c72128] under bitnot; prior registration was null
2024-08-10T20:59:11.719-05:00 DEBUG 40026 --- [rapidsecure] [           main] o.h.q.sqm.function.SqmFunctionRegistry   : Registered SqmFunctionTemplate [NamedSqmFunctionTemplate(bit_and)] under bit_and; prior registration was null
2024-08-10T20:59:11.720-05:00 DEBUG 40026 --- [rapidsecure] [           main] o.h.q.sqm.function.SqmFunctionRegistry   : Registered SqmFunctionTemplate [NamedSqmFunctionTemplate(bit_or)] under bit_or; prior registration was null
2024-08-10T20:59:11.720-05:00 DEBUG 40026 --- [rapidsecure] [           main] o.h.q.sqm.function.SqmFunctionRegistry   : Registered SqmFunctionTemplate [NamedSqmFunctionTemplate(bool_and)] under bool_and; prior registration was null
2024-08-10T20:59:11.720-05:00 DEBUG 40026 --- [rapidsecure] [           main] o.h.q.sqm.function.SqmFunctionRegistry   : Registering alternate key : every -> bool_and
2024-08-10T20:59:11.720-05:00 DEBUG 40026 --- [rapidsecure] [           main] o.h.q.sqm.function.SqmFunctionRegistry   : Registered SqmFunctionTemplate [NamedSqmFunctionTemplate(bool_or)] under bool_or; prior registration was null
2024-08-10T20:59:11.720-05:00 DEBUG 40026 --- [rapidsecure] [           main] o.h.q.sqm.function.SqmFunctionRegistry   : Registering alternate key : any -> bool_or
2024-08-10T20:59:11.721-05:00 DEBUG 40026 --- [rapidsecure] [           main] o.h.q.sqm.function.SqmFunctionRegistry   : Registered SqmFunctionTemplate [org.hibernate.query.sqm.function.PatternBasedSqmFunctionDescriptor@2bd2430f] under median; prior registration was null
2024-08-10T20:59:11.721-05:00 DEBUG 40026 --- [rapidsecure] [           main] o.h.q.sqm.function.SqmFunctionRegistry   : Registered SqmFunctionTemplate [NamedSqmFunctionTemplate(stddev)] under stddev; prior registration was null
2024-08-10T20:59:11.721-05:00 DEBUG 40026 --- [rapidsecure] [           main] o.h.q.sqm.function.SqmFunctionRegistry   : Registered SqmFunctionTemplate [NamedSqmFunctionTemplate(stddev_pop)] under stddev_pop; prior registration was null
2024-08-10T20:59:11.721-05:00 DEBUG 40026 --- [rapidsecure] [           main] o.h.q.sqm.function.SqmFunctionRegistry   : Registered SqmFunctionTemplate [NamedSqmFunctionTemplate(stddev_samp)] under stddev_samp; prior registration was null
2024-08-10T20:59:11.721-05:00 DEBUG 40026 --- [rapidsecure] [           main] o.h.q.sqm.function.SqmFunctionRegistry   : Registered SqmFunctionTemplate [NamedSqmFunctionTemplate(variance)] under variance; prior registration was null
2024-08-10T20:59:11.721-05:00 DEBUG 40026 --- [rapidsecure] [           main] o.h.q.sqm.function.SqmFunctionRegistry   : Registered SqmFunctionTemplate [NamedSqmFunctionTemplate(var_pop)] under var_pop; prior registration was null
2024-08-10T20:59:11.721-05:00 DEBUG 40026 --- [rapidsecure] [           main] o.h.q.sqm.function.SqmFunctionRegistry   : Registered SqmFunctionTemplate [NamedSqmFunctionTemplate(var_samp)] under var_samp; prior registration was null
2024-08-10T20:59:11.721-05:00 DEBUG 40026 --- [rapidsecure] [           main] o.h.q.sqm.function.SqmFunctionRegistry   : Registered SqmFunctionTemplate [NamedSqmFunctionTemplate(covar_pop)] under covar_pop; prior registration was null
2024-08-10T20:59:11.721-05:00 DEBUG 40026 --- [rapidsecure] [           main] o.h.q.sqm.function.SqmFunctionRegistry   : Registered SqmFunctionTemplate [NamedSqmFunctionTemplate(covar_samp)] under covar_samp; prior registration was null
2024-08-10T20:59:11.721-05:00 DEBUG 40026 --- [rapidsecure] [           main] o.h.q.sqm.function.SqmFunctionRegistry   : Registered SqmFunctionTemplate [NamedSqmFunctionTemplate(corr)] under corr; prior registration was null
2024-08-10T20:59:11.727-05:00 DEBUG 40026 --- [rapidsecure] [           main] o.h.q.sqm.function.SqmFunctionRegistry   : Registered SqmFunctionTemplate [NamedSqmFunctionTemplate(regr_avgx)] under regr_avgx; prior registration was null
2024-08-10T20:59:11.727-05:00 DEBUG 40026 --- [rapidsecure] [           main] o.h.q.sqm.function.SqmFunctionRegistry   : Registered SqmFunctionTemplate [NamedSqmFunctionTemplate(regr_avgy)] under regr_avgy; prior registration was null
2024-08-10T20:59:11.728-05:00 DEBUG 40026 --- [rapidsecure] [           main] o.h.q.sqm.function.SqmFunctionRegistry   : Registered SqmFunctionTemplate [NamedSqmFunctionTemplate(regr_count)] under regr_count; prior registration was null
2024-08-10T20:59:11.728-05:00 DEBUG 40026 --- [rapidsecure] [           main] o.h.q.sqm.function.SqmFunctionRegistry   : Registered SqmFunctionTemplate [NamedSqmFunctionTemplate(regr_intercept)] under regr_intercept; prior registration was null
2024-08-10T20:59:11.728-05:00 DEBUG 40026 --- [rapidsecure] [           main] o.h.q.sqm.function.SqmFunctionRegistry   : Registered SqmFunctionTemplate [NamedSqmFunctionTemplate(regr_r2)] under regr_r2; prior registration was null
2024-08-10T20:59:11.728-05:00 DEBUG 40026 --- [rapidsecure] [           main] o.h.q.sqm.function.SqmFunctionRegistry   : Registered SqmFunctionTemplate [NamedSqmFunctionTemplate(regr_slope)] under regr_slope; prior registration was null
2024-08-10T20:59:11.728-05:00 DEBUG 40026 --- [rapidsecure] [           main] o.h.q.sqm.function.SqmFunctionRegistry   : Registered SqmFunctionTemplate [NamedSqmFunctionTemplate(regr_sxx)] under regr_sxx; prior registration was null
2024-08-10T20:59:11.728-05:00 DEBUG 40026 --- [rapidsecure] [           main] o.h.q.sqm.function.SqmFunctionRegistry   : Registered SqmFunctionTemplate [NamedSqmFunctionTemplate(regr_sxy)] under regr_sxy; prior registration was null
2024-08-10T20:59:11.728-05:00 DEBUG 40026 --- [rapidsecure] [           main] o.h.q.sqm.function.SqmFunctionRegistry   : Registered SqmFunctionTemplate [NamedSqmFunctionTemplate(regr_syy)] under regr_syy; prior registration was null
2024-08-10T20:59:11.730-05:00 DEBUG 40026 --- [rapidsecure] [           main] o.h.q.sqm.function.SqmFunctionRegistry   : Registered SqmFunctionTemplate [org.hibernate.query.sqm.function.PatternBasedSqmFunctionDescriptor@6eb00cbe] under insert; prior registration was null
2024-08-10T20:59:11.732-05:00 DEBUG 40026 --- [rapidsecure] [           main] o.h.q.sqm.function.SqmFunctionRegistry   : Registered SqmFunctionTemplate [org.hibernate.query.sqm.function.MultipatternSqmFunctionDescriptor@c30f26d] under overlay; prior registration was org.hibernate.dialect.function.InsertSubstringOverlayEmulation@4627dfda
2024-08-10T20:59:11.732-05:00 DEBUG 40026 --- [rapidsecure] [           main] o.h.q.sqm.function.SqmFunctionRegistry   : Registered SqmFunctionTemplate [NamedSqmFunctionTemplate(soundex)] under soundex; prior registration was null
2024-08-10T20:59:11.733-05:00 DEBUG 40026 --- [rapidsecure] [           main] o.h.q.sqm.function.SqmFunctionRegistry   : Registered SqmFunctionTemplate [org.hibernate.query.sqm.function.MultipatternSqmFunctionDescriptor@5d74507c] under locate; prior registration was NamedSqmFunctionTemplate(locate)
2024-08-10T20:59:11.733-05:00 DEBUG 40026 --- [rapidsecure] [           main] o.h.q.sqm.function.SqmFunctionRegistry   : Registered SqmFunctionTemplate [NamedSqmFunctionTemplate(row_number)] under row_number; prior registration was null
2024-08-10T20:59:11.734-05:00 DEBUG 40026 --- [rapidsecure] [           main] o.h.q.sqm.function.SqmFunctionRegistry   : Registered SqmFunctionTemplate [NamedSqmFunctionTemplate(lag)] under lag; prior registration was null
2024-08-10T20:59:11.734-05:00 DEBUG 40026 --- [rapidsecure] [           main] o.h.q.sqm.function.SqmFunctionRegistry   : Registered SqmFunctionTemplate [NamedSqmFunctionTemplate(lead)] under lead; prior registration was null
2024-08-10T20:59:11.734-05:00 DEBUG 40026 --- [rapidsecure] [           main] o.h.q.sqm.function.SqmFunctionRegistry   : Registered SqmFunctionTemplate [NamedSqmFunctionTemplate(first_value)] under first_value; prior registration was null
2024-08-10T20:59:11.735-05:00 DEBUG 40026 --- [rapidsecure] [           main] o.h.q.sqm.function.SqmFunctionRegistry   : Registered SqmFunctionTemplate [NamedSqmFunctionTemplate(last_value)] under last_value; prior registration was null
2024-08-10T20:59:11.735-05:00 DEBUG 40026 --- [rapidsecure] [           main] o.h.q.sqm.function.SqmFunctionRegistry   : Registered SqmFunctionTemplate [NamedSqmFunctionTemplate(nth_value)] under nth_value; prior registration was null
2024-08-10T20:59:11.736-05:00 DEBUG 40026 --- [rapidsecure] [           main] o.h.q.sqm.function.SqmFunctionRegistry   : Registered SqmFunctionTemplate [org.hibernate.dialect.function.ListaggStringAggEmulation@40b54762] under listagg; prior registration was null
2024-08-10T20:59:11.739-05:00 DEBUG 40026 --- [rapidsecure] [           main] o.h.q.sqm.function.SqmFunctionRegistry   : Registered SqmFunctionTemplate [org.hibernate.dialect.function.array.PostgreSQLArrayConstructorFunction@5e020dd1] under array; prior registration was null
2024-08-10T20:59:11.739-05:00 DEBUG 40026 --- [rapidsecure] [           main] o.h.q.sqm.function.SqmFunctionRegistry   : Registered SqmFunctionTemplate [org.hibernate.dialect.function.array.PostgreSQLArrayConstructorFunction@4bbc02ef] under array_list; prior registration was null
2024-08-10T20:59:11.740-05:00 DEBUG 40026 --- [rapidsecure] [           main] o.h.q.sqm.function.SqmFunctionRegistry   : Registered SqmFunctionTemplate [org.hibernate.dialect.function.array.ArrayAggFunction@1d9ff1e2] under array_agg; prior registration was null
2024-08-10T20:59:11.745-05:00 DEBUG 40026 --- [rapidsecure] [           main] o.h.q.sqm.function.SqmFunctionRegistry   : Registered SqmFunctionTemplate [org.hibernate.dialect.function.array.PostgreSQLArrayPositionFunction@410f53b2] under array_position; prior registration was null
2024-08-10T20:59:11.752-05:00 DEBUG 40026 --- [rapidsecure] [           main] o.h.q.sqm.function.SqmFunctionRegistry   : Registered SqmFunctionTemplate [org.hibernate.dialect.function.array.PostgreSQLArrayPositionsFunction@2e8986b6] under array_positions; prior registration was null
2024-08-10T20:59:11.755-05:00 DEBUG 40026 --- [rapidsecure] [           main] o.h.q.sqm.function.SqmFunctionRegistry   : Registered SqmFunctionTemplate [org.hibernate.dialect.function.array.PostgreSQLArrayPositionsFunction@67a38] under array_positions_list; prior registration was null
2024-08-10T20:59:11.755-05:00 DEBUG 40026 --- [rapidsecure] [           main] o.h.q.sqm.function.SqmFunctionRegistry   : Registered SqmFunctionTemplate [org.hibernate.query.sqm.function.PatternBasedSqmFunctionDescriptor@7ef4aceb] under array_length; prior registration was null
2024-08-10T20:59:11.757-05:00 DEBUG 40026 --- [rapidsecure] [           main] o.h.q.sqm.function.SqmFunctionRegistry   : Registered SqmFunctionTemplate [org.hibernate.dialect.function.array.PostgreSQLArrayConcatFunction@31433df9] under array_concat; prior registration was null
2024-08-10T20:59:11.758-05:00 DEBUG 40026 --- [rapidsecure] [           main] o.h.q.sqm.function.SqmFunctionRegistry   : Registered SqmFunctionTemplate [org.hibernate.dialect.function.array.PostgreSQLArrayConcatElementFunction@16d4024e] under array_prepend; prior registration was null
2024-08-10T20:59:11.758-05:00 DEBUG 40026 --- [rapidsecure] [           main] o.h.q.sqm.function.SqmFunctionRegistry   : Registered SqmFunctionTemplate [org.hibernate.dialect.function.array.PostgreSQLArrayConcatElementFunction@11e24688] under array_append; prior registration was null
2024-08-10T20:59:11.761-05:00 DEBUG 40026 --- [rapidsecure] [           main] o.h.q.sqm.function.SqmFunctionRegistry   : Registered SqmFunctionTemplate [org.hibernate.dialect.function.array.ArrayContainsOperatorFunction@4f2544b0] under array_contains; prior registration was null
2024-08-10T20:59:11.761-05:00 DEBUG 40026 --- [rapidsecure] [           main] o.h.q.sqm.function.SqmFunctionRegistry   : Registered SqmFunctionTemplate [org.hibernate.dialect.function.array.ArrayContainsOperatorFunction@5bad555b] under array_contains_nullable; prior registration was null
2024-08-10T20:59:11.763-05:00 DEBUG 40026 --- [rapidsecure] [           main] o.h.q.sqm.function.SqmFunctionRegistry   : Registered SqmFunctionTemplate [org.hibernate.dialect.function.array.ArrayOverlapsOperatorFunction@7b64bbad] under array_overlaps; prior registration was null
2024-08-10T20:59:11.763-05:00 DEBUG 40026 --- [rapidsecure] [           main] o.h.q.sqm.function.SqmFunctionRegistry   : Registered SqmFunctionTemplate [org.hibernate.dialect.function.array.ArrayOverlapsOperatorFunction@71eff6a3] under array_overlaps_nullable; prior registration was null
2024-08-10T20:59:11.764-05:00 DEBUG 40026 --- [rapidsecure] [           main] o.h.q.sqm.function.SqmFunctionRegistry   : Registered SqmFunctionTemplate [org.hibernate.query.sqm.function.PatternBasedSqmFunctionDescriptor@236a4d30] under array_get; prior registration was null
2024-08-10T20:59:11.765-05:00 DEBUG 40026 --- [rapidsecure] [           main] o.h.q.sqm.function.SqmFunctionRegistry   : Registered SqmFunctionTemplate [org.hibernate.dialect.function.array.ArraySetUnnestFunction@27a0e6ce] under array_set; prior registration was null
2024-08-10T20:59:11.765-05:00 DEBUG 40026 --- [rapidsecure] [           main] o.h.q.sqm.function.SqmFunctionRegistry   : Registered SqmFunctionTemplate [NamedSqmFunctionTemplate(array_remove)] under array_remove; prior registration was null
2024-08-10T20:59:11.766-05:00 DEBUG 40026 --- [rapidsecure] [           main] o.h.q.sqm.function.SqmFunctionRegistry   : Registered SqmFunctionTemplate [org.hibernate.dialect.function.array.ArrayRemoveIndexUnnestFunction@6c36051c] under array_remove_index; prior registration was null
2024-08-10T20:59:11.766-05:00 DEBUG 40026 --- [rapidsecure] [           main] o.h.q.sqm.function.SqmFunctionRegistry   : Registered SqmFunctionTemplate [org.hibernate.query.sqm.function.PatternBasedSqmFunctionDescriptor@45d46254] under array_slice; prior registration was null
2024-08-10T20:59:11.766-05:00 DEBUG 40026 --- [rapidsecure] [           main] o.h.q.sqm.function.SqmFunctionRegistry   : Registered SqmFunctionTemplate [NamedSqmFunctionTemplate(array_replace)] under array_replace; prior registration was null
2024-08-10T20:59:11.766-05:00 DEBUG 40026 --- [rapidsecure] [           main] o.h.q.sqm.function.SqmFunctionRegistry   : Registered SqmFunctionTemplate [org.hibernate.query.sqm.function.PatternBasedSqmFunctionDescriptor@a240452] under array_trim; prior registration was null
2024-08-10T20:59:11.768-05:00 DEBUG 40026 --- [rapidsecure] [           main] o.h.q.sqm.function.SqmFunctionRegistry   : Registered SqmFunctionTemplate [org.hibernate.dialect.function.array.PostgreSQLArrayFillFunction@58b3eb1] under array_fill; prior registration was null
2024-08-10T20:59:11.768-05:00 DEBUG 40026 --- [rapidsecure] [           main] o.h.q.sqm.function.SqmFunctionRegistry   : Registered SqmFunctionTemplate [org.hibernate.dialect.function.array.PostgreSQLArrayFillFunction@6d7e2795] under array_fill_list; prior registration was null
2024-08-10T20:59:11.769-05:00 DEBUG 40026 --- [rapidsecure] [           main] o.h.q.sqm.function.SqmFunctionRegistry   : Registered SqmFunctionTemplate [org.hibernate.dialect.function.array.ArrayToStringFunction@35d88a54] under array_to_string; prior registration was null
2024-08-10T20:59:11.769-05:00 DEBUG 40026 --- [rapidsecure] [           main] o.h.q.sqm.function.SqmFunctionRegistry   : Registered SqmFunctionTemplate [NamedSqmFunctionTemplate(make_date)] under make_date; prior registration was null
2024-08-10T20:59:11.769-05:00 DEBUG 40026 --- [rapidsecure] [           main] o.h.q.sqm.function.SqmFunctionRegistry   : Registered SqmFunctionTemplate [NamedSqmFunctionTemplate(make_time)] under make_time; prior registration was null
2024-08-10T20:59:11.769-05:00 DEBUG 40026 --- [rapidsecure] [           main] o.h.q.sqm.function.SqmFunctionRegistry   : Registered SqmFunctionTemplate [NamedSqmFunctionTemplate(make_timestamp)] under make_timestamp; prior registration was null
2024-08-10T20:59:11.769-05:00 DEBUG 40026 --- [rapidsecure] [           main] o.h.q.sqm.function.SqmFunctionRegistry   : Registered SqmFunctionTemplate [NamedSqmFunctionTemplate(make_timestamptz)] under make_timestamptz; prior registration was null
2024-08-10T20:59:11.771-05:00 DEBUG 40026 --- [rapidsecure] [           main] o.h.q.sqm.function.SqmFunctionRegistry   : Registered SqmFunctionTemplate [org.hibernate.dialect.function.InverseDistributionFunction@1939a394] under mode; prior registration was null
2024-08-10T20:59:11.771-05:00 DEBUG 40026 --- [rapidsecure] [           main] o.h.q.sqm.function.SqmFunctionRegistry   : Registered SqmFunctionTemplate [org.hibernate.dialect.function.InverseDistributionFunction@e2c627e] under percentile_cont; prior registration was null
2024-08-10T20:59:11.771-05:00 DEBUG 40026 --- [rapidsecure] [           main] o.h.q.sqm.function.SqmFunctionRegistry   : Registered SqmFunctionTemplate [org.hibernate.dialect.function.InverseDistributionFunction@35cbeb54] under percentile_disc; prior registration was null
2024-08-10T20:59:11.772-05:00 DEBUG 40026 --- [rapidsecure] [           main] o.h.q.sqm.function.SqmFunctionRegistry   : Registered SqmFunctionTemplate [org.hibernate.dialect.function.HypotheticalSetFunction@59a2bed1] under rank; prior registration was null
2024-08-10T20:59:11.772-05:00 DEBUG 40026 --- [rapidsecure] [           main] o.h.q.sqm.function.SqmFunctionRegistry   : Registered SqmFunctionTemplate [org.hibernate.dialect.function.HypotheticalSetFunction@49f2646] under dense_rank; prior registration was null
2024-08-10T20:59:11.772-05:00 DEBUG 40026 --- [rapidsecure] [           main] o.h.q.sqm.function.SqmFunctionRegistry   : Registered SqmFunctionTemplate [org.hibernate.dialect.function.HypotheticalSetFunction@4b00d59] under percent_rank; prior registration was null
2024-08-10T20:59:11.772-05:00 DEBUG 40026 --- [rapidsecure] [           main] o.h.q.sqm.function.SqmFunctionRegistry   : Registered SqmFunctionTemplate [org.hibernate.dialect.function.HypotheticalSetFunction@7c048b30] under cume_dist; prior registration was null
2024-08-10T20:59:11.773-05:00 DEBUG 40026 --- [rapidsecure] [           main] o.h.q.sqm.function.SqmFunctionRegistry   : Registered SqmFunctionTemplate [org.hibernate.dialect.function.PostgreSQLMinMaxFunction@11170228] under min; prior registration was NamedSqmFunctionTemplate(min)
2024-08-10T20:59:11.773-05:00 DEBUG 40026 --- [rapidsecure] [           main] o.h.q.sqm.function.SqmFunctionRegistry   : Registered SqmFunctionTemplate [org.hibernate.dialect.function.PostgreSQLMinMaxFunction@46ee7013] under max; prior registration was NamedSqmFunctionTemplate(max)
2024-08-10T20:59:11.773-05:00 DEBUG 40026 --- [rapidsecure] [           main] o.h.q.sqm.function.SqmFunctionRegistry   : Registered SqmFunctionTemplate [org.hibernate.query.sqm.function.PatternBasedSqmFunctionDescriptor@69d58731] under bitxor; prior registration was org.hibernate.query.sqm.function.PatternBasedSqmFunctionDescriptor@213ceb4e
2024-08-10T20:59:11.774-05:00 DEBUG 40026 --- [rapidsecure] [           main] o.h.q.sqm.function.SqmFunctionRegistry   : Registered SqmFunctionTemplate [org.hibernate.dialect.function.PostgreSQLTruncRoundFunction@6b289535] under round; prior registration was NamedSqmFunctionTemplate(round)
2024-08-10T20:59:11.776-05:00 DEBUG 40026 --- [rapidsecure] [           main] o.h.q.sqm.function.SqmFunctionRegistry   : Registered SqmFunctionTemplate [org.hibernate.dialect.function.PostgreSQLTruncFunction@e7d0db2] under trunc; prior registration was null
2024-08-10T20:59:11.777-05:00 DEBUG 40026 --- [rapidsecure] [           main] o.h.q.sqm.function.SqmFunctionRegistry   : Registering alternate key : truncate -> trunc
2024-08-10T20:59:11.777-05:00 DEBUG 40026 --- [rapidsecure] [           main] o.h.q.sqm.function.SqmFunctionRegistry   : Registered SqmFunctionTemplate [org.hibernate.query.sqm.function.PatternBasedSqmFunctionDescriptor@4a41caed] under date_trunc; prior registration was null
2024-08-10T20:59:11.785-05:00 DEBUG 40026 --- [rapidsecure] [           main] org.hibernate.HQL_FUNCTIONS              : abs(NUMERIC arg)
2024-08-10T20:59:11.785-05:00 DEBUG 40026 --- [rapidsecure] [           main] org.hibernate.HQL_FUNCTIONS              : Double acos(NUMERIC arg)
2024-08-10T20:59:11.786-05:00 DEBUG 40026 --- [rapidsecure] [           main] org.hibernate.HQL_FUNCTIONS              : Double acosh(NUMERIC arg)
2024-08-10T20:59:11.786-05:00 DEBUG 40026 --- [rapidsecure] [           main] org.hibernate.HQL_FUNCTIONS              : Boolean any(BOOLEAN predicate)
2024-08-10T20:59:11.786-05:00 DEBUG 40026 --- [rapidsecure] [           main] org.hibernate.HQL_FUNCTIONS              : array( ... )
2024-08-10T20:59:11.786-05:00 DEBUG 40026 --- [rapidsecure] [           main] org.hibernate.HQL_FUNCTIONS              : array_agg(arg)
2024-08-10T20:59:11.786-05:00 DEBUG 40026 --- [rapidsecure] [           main] org.hibernate.HQL_FUNCTIONS              : array_append( ... )
2024-08-10T20:59:11.786-05:00 DEBUG 40026 --- [rapidsecure] [           main] org.hibernate.HQL_FUNCTIONS              : array_concat( ... )
2024-08-10T20:59:11.786-05:00 DEBUG 40026 --- [rapidsecure] [           main] org.hibernate.HQL_FUNCTIONS              : Boolean array_contains(ARRAY haystackArray, OBJECT needleElementOrArray)
2024-08-10T20:59:11.786-05:00 DEBUG 40026 --- [rapidsecure] [           main] org.hibernate.HQL_FUNCTIONS              : Boolean array_contains_nullable(ARRAY haystackArray, OBJECT needleElementOrArray)
2024-08-10T20:59:11.786-05:00 DEBUG 40026 --- [rapidsecure] [           main] org.hibernate.HQL_FUNCTIONS              : array_fill(OBJECT element, INTEGER elementCount)
2024-08-10T20:59:11.786-05:00 DEBUG 40026 --- [rapidsecure] [           main] org.hibernate.HQL_FUNCTIONS              : array_fill_list(OBJECT element, INTEGER elementCount)
2024-08-10T20:59:11.786-05:00 DEBUG 40026 --- [rapidsecure] [           main] org.hibernate.HQL_FUNCTIONS              : array_get(ARRAY array, INTEGER index)
2024-08-10T20:59:11.786-05:00 DEBUG 40026 --- [rapidsecure] [           main] org.hibernate.HQL_FUNCTIONS              : Integer array_length(ARRAY array)
2024-08-10T20:59:11.787-05:00 DEBUG 40026 --- [rapidsecure] [           main] org.hibernate.HQL_FUNCTIONS              : array_list( ... )
2024-08-10T20:59:11.787-05:00 DEBUG 40026 --- [rapidsecure] [           main] org.hibernate.HQL_FUNCTIONS              : Boolean array_overlaps(ARRAY array0, OBJECT array1)
2024-08-10T20:59:11.787-05:00 DEBUG 40026 --- [rapidsecure] [           main] org.hibernate.HQL_FUNCTIONS              : Boolean array_overlaps_nullable(ARRAY array0, OBJECT array1)
2024-08-10T20:59:11.787-05:00 DEBUG 40026 --- [rapidsecure] [           main] org.hibernate.HQL_FUNCTIONS              : Integer array_position(ARRAY array, OBJECT element[, INTEGER startPosition])
2024-08-10T20:59:11.787-05:00 DEBUG 40026 --- [rapidsecure] [           main] org.hibernate.HQL_FUNCTIONS              : int[] array_positions(ARRAY array, OBJECT element)
2024-08-10T20:59:11.787-05:00 DEBUG 40026 --- [rapidsecure] [           main] org.hibernate.HQL_FUNCTIONS              : List array_positions_list(ARRAY array, OBJECT element)
2024-08-10T20:59:11.787-05:00 DEBUG 40026 --- [rapidsecure] [           main] org.hibernate.HQL_FUNCTIONS              : array_prepend( ... )
2024-08-10T20:59:11.787-05:00 DEBUG 40026 --- [rapidsecure] [           main] org.hibernate.HQL_FUNCTIONS              : array_remove( ... )
2024-08-10T20:59:11.787-05:00 DEBUG 40026 --- [rapidsecure] [           main] org.hibernate.HQL_FUNCTIONS              : array_remove_index( ... )
2024-08-10T20:59:11.787-05:00 DEBUG 40026 --- [rapidsecure] [           main] org.hibernate.HQL_FUNCTIONS              : array_replace(ARRAY array, OBJECT old, OBJECT new)
2024-08-10T20:59:11.787-05:00 DEBUG 40026 --- [rapidsecure] [           main] org.hibernate.HQL_FUNCTIONS              : array_set( ... )
2024-08-10T20:59:11.787-05:00 DEBUG 40026 --- [rapidsecure] [           main] org.hibernate.HQL_FUNCTIONS              : array_slice(ARRAY array, INTEGER start, INTEGER end)
2024-08-10T20:59:11.787-05:00 DEBUG 40026 --- [rapidsecure] [           main] org.hibernate.HQL_FUNCTIONS              : String array_to_string( ... )
2024-08-10T20:59:11.788-05:00 DEBUG 40026 --- [rapidsecure] [           main] org.hibernate.HQL_FUNCTIONS              : array_trim(ARRAY array, INTEGER elementsToRemove)
2024-08-10T20:59:11.788-05:00 DEBUG 40026 --- [rapidsecure] [           main] org.hibernate.HQL_FUNCTIONS              : Integer ascii(STRING arg)
2024-08-10T20:59:11.788-05:00 DEBUG 40026 --- [rapidsecure] [           main] org.hibernate.HQL_FUNCTIONS              : Double asin(NUMERIC arg)
2024-08-10T20:59:11.788-05:00 DEBUG 40026 --- [rapidsecure] [           main] org.hibernate.HQL_FUNCTIONS              : Double asinh(NUMERIC arg)
2024-08-10T20:59:11.788-05:00 DEBUG 40026 --- [rapidsecure] [           main] org.hibernate.HQL_FUNCTIONS              : Double atan(NUMERIC arg)
2024-08-10T20:59:11.788-05:00 DEBUG 40026 --- [rapidsecure] [           main] org.hibernate.HQL_FUNCTIONS              : Double atan2(NUMERIC arg0, NUMERIC arg1)
2024-08-10T20:59:11.788-05:00 DEBUG 40026 --- [rapidsecure] [           main] org.hibernate.HQL_FUNCTIONS              : Double atanh(NUMERIC arg)
2024-08-10T20:59:11.788-05:00 DEBUG 40026 --- [rapidsecure] [           main] org.hibernate.HQL_FUNCTIONS              : avg(arg)
2024-08-10T20:59:11.789-05:00 DEBUG 40026 --- [rapidsecure] [           main] org.hibernate.HQL_FUNCTIONS              : bit_and(arg)
2024-08-10T20:59:11.789-05:00 DEBUG 40026 --- [rapidsecure] [           main] org.hibernate.HQL_FUNCTIONS              : Integer bit_length(STRING_OR_CLOB arg)
2024-08-10T20:59:11.789-05:00 DEBUG 40026 --- [rapidsecure] [           main] org.hibernate.HQL_FUNCTIONS              : bit_or(arg)
2024-08-10T20:59:11.789-05:00 DEBUG 40026 --- [rapidsecure] [           main] org.hibernate.HQL_FUNCTIONS              : bitand(arg0, arg1)
2024-08-10T20:59:11.789-05:00 DEBUG 40026 --- [rapidsecure] [           main] org.hibernate.HQL_FUNCTIONS              : bitnot(arg)
2024-08-10T20:59:11.789-05:00 DEBUG 40026 --- [rapidsecure] [           main] org.hibernate.HQL_FUNCTIONS              : bitor(arg0, arg1)
2024-08-10T20:59:11.789-05:00 DEBUG 40026 --- [rapidsecure] [           main] org.hibernate.HQL_FUNCTIONS              : bitxor(arg0, arg1)
2024-08-10T20:59:11.789-05:00 DEBUG 40026 --- [rapidsecure] [           main] org.hibernate.HQL_FUNCTIONS              : Boolean bool_and(BOOLEAN predicate)
2024-08-10T20:59:11.789-05:00 DEBUG 40026 --- [rapidsecure] [           main] org.hibernate.HQL_FUNCTIONS              : Boolean bool_or(BOOLEAN predicate)
2024-08-10T20:59:11.789-05:00 DEBUG 40026 --- [rapidsecure] [           main] org.hibernate.HQL_FUNCTIONS              : cast(arg as Type)
2024-08-10T20:59:11.789-05:00 DEBUG 40026 --- [rapidsecure] [           main] org.hibernate.HQL_FUNCTIONS              : Double cbrt(NUMERIC arg)
2024-08-10T20:59:11.789-05:00 DEBUG 40026 --- [rapidsecure] [           main] org.hibernate.HQL_FUNCTIONS              : ceiling(NUMERIC arg)
2024-08-10T20:59:11.789-05:00 DEBUG 40026 --- [rapidsecure] [           main] org.hibernate.HQL_FUNCTIONS              : Character char(INTEGER arg)
2024-08-10T20:59:11.789-05:00 DEBUG 40026 --- [rapidsecure] [           main] org.hibernate.HQL_FUNCTIONS              : Integer character_length(STRING_OR_CLOB arg)
2024-08-10T20:59:11.790-05:00 DEBUG 40026 --- [rapidsecure] [           main] org.hibernate.HQL_FUNCTIONS              : Character chr(INTEGER arg)
2024-08-10T20:59:11.790-05:00 DEBUG 40026 --- [rapidsecure] [           main] org.hibernate.HQL_FUNCTIONS              : coalesce(arg0[, arg1[, ...]])
2024-08-10T20:59:11.790-05:00 DEBUG 40026 --- [rapidsecure] [           main] org.hibernate.HQL_FUNCTIONS              : String collate(STRING string as COLLATION collation)
2024-08-10T20:59:11.790-05:00 DEBUG 40026 --- [rapidsecure] [           main] org.hibernate.HQL_FUNCTIONS              : (STRING string0[, STRING string1[, ...]])
2024-08-10T20:59:11.790-05:00 DEBUG 40026 --- [rapidsecure] [           main] org.hibernate.HQL_FUNCTIONS              : Double corr(NUMERIC arg0, NUMERIC arg1)
2024-08-10T20:59:11.790-05:00 DEBUG 40026 --- [rapidsecure] [           main] org.hibernate.HQL_FUNCTIONS              : Double cos(NUMERIC arg)
2024-08-10T20:59:11.790-05:00 DEBUG 40026 --- [rapidsecure] [           main] org.hibernate.HQL_FUNCTIONS              : Double cosh(NUMERIC arg)
2024-08-10T20:59:11.790-05:00 DEBUG 40026 --- [rapidsecure] [           main] org.hibernate.HQL_FUNCTIONS              : Double cot(NUMERIC arg)
2024-08-10T20:59:11.790-05:00 DEBUG 40026 --- [rapidsecure] [           main] org.hibernate.HQL_FUNCTIONS              : Long count([distinct ]{arg|*})
2024-08-10T20:59:11.790-05:00 DEBUG 40026 --- [rapidsecure] [           main] org.hibernate.HQL_FUNCTIONS              : Double covar_pop(NUMERIC arg0, NUMERIC arg1)
2024-08-10T20:59:11.791-05:00 DEBUG 40026 --- [rapidsecure] [           main] org.hibernate.HQL_FUNCTIONS              : Double covar_samp(NUMERIC arg0, NUMERIC arg1)
2024-08-10T20:59:11.791-05:00 DEBUG 40026 --- [rapidsecure] [           main] org.hibernate.HQL_FUNCTIONS              : Double cume_dist([arg0[, ...]])
2024-08-10T20:59:11.791-05:00 DEBUG 40026 --- [rapidsecure] [           main] org.hibernate.HQL_FUNCTIONS              : Date current date
2024-08-10T20:59:11.791-05:00 DEBUG 40026 --- [rapidsecure] [           main] org.hibernate.HQL_FUNCTIONS              : Time current time
2024-08-10T20:59:11.791-05:00 DEBUG 40026 --- [rapidsecure] [           main] org.hibernate.HQL_FUNCTIONS              : Timestamp current timestamp
2024-08-10T20:59:11.791-05:00 DEBUG 40026 --- [rapidsecure] [           main] org.hibernate.HQL_FUNCTIONS              : Date current_date
2024-08-10T20:59:11.791-05:00 DEBUG 40026 --- [rapidsecure] [           main] org.hibernate.HQL_FUNCTIONS              : Instant current_instant
2024-08-10T20:59:11.791-05:00 DEBUG 40026 --- [rapidsecure] [           main] org.hibernate.HQL_FUNCTIONS              : Time current_time
2024-08-10T20:59:11.791-05:00 DEBUG 40026 --- [rapidsecure] [           main] org.hibernate.HQL_FUNCTIONS              : Timestamp current_timestamp
2024-08-10T20:59:11.791-05:00 DEBUG 40026 --- [rapidsecure] [           main] org.hibernate.HQL_FUNCTIONS              : date_trunc(STRING field, TEMPORAL datetime)
2024-08-10T20:59:11.791-05:00 DEBUG 40026 --- [rapidsecure] [           main] org.hibernate.HQL_FUNCTIONS              : dateadd(TEMPORAL_UNIT field, INTEGER magnitude, TEMPORAL datetime)
2024-08-10T20:59:11.792-05:00 DEBUG 40026 --- [rapidsecure] [           main] org.hibernate.HQL_FUNCTIONS              : Long|Double datediff(TEMPORAL_UNIT field, TEMPORAL start, TEMPORAL end)
2024-08-10T20:59:11.792-05:00 DEBUG 40026 --- [rapidsecure] [           main] org.hibernate.HQL_FUNCTIONS              : Double degrees(NUMERIC arg)
2024-08-10T20:59:11.792-05:00 DEBUG 40026 --- [rapidsecure] [           main] org.hibernate.HQL_FUNCTIONS              : Long dense_rank([arg0[, ...]])
2024-08-10T20:59:11.792-05:00 DEBUG 40026 --- [rapidsecure] [           main] org.hibernate.HQL_FUNCTIONS              : Boolean every(BOOLEAN predicate)
2024-08-10T20:59:11.792-05:00 DEBUG 40026 --- [rapidsecure] [           main] org.hibernate.HQL_FUNCTIONS              : Double exp(NUMERIC arg)
2024-08-10T20:59:11.793-05:00 DEBUG 40026 --- [rapidsecure] [           main] org.hibernate.HQL_FUNCTIONS              : extract(TEMPORAL_UNIT field from TEMPORAL arg)
2024-08-10T20:59:11.793-05:00 DEBUG 40026 --- [rapidsecure] [           main] org.hibernate.HQL_FUNCTIONS              : first_valueANY value
2024-08-10T20:59:11.793-05:00 DEBUG 40026 --- [rapidsecure] [           main] org.hibernate.HQL_FUNCTIONS              : floor(NUMERIC arg)
2024-08-10T20:59:11.793-05:00 DEBUG 40026 --- [rapidsecure] [           main] org.hibernate.HQL_FUNCTIONS              : String format(TEMPORAL datetime as STRING pattern)
2024-08-10T20:59:11.793-05:00 DEBUG 40026 --- [rapidsecure] [           main] org.hibernate.HQL_FUNCTIONS              : greatest(COMPARABLE arg0, COMPARABLE arg1[, arg2[, ...]])
2024-08-10T20:59:11.793-05:00 DEBUG 40026 --- [rapidsecure] [           main] org.hibernate.HQL_FUNCTIONS              : ifnull(arg0, arg1)
2024-08-10T20:59:11.793-05:00 DEBUG 40026 --- [rapidsecure] [           main] org.hibernate.HQL_FUNCTIONS              : String initcap(arg)
2024-08-10T20:59:11.793-05:00 DEBUG 40026 --- [rapidsecure] [           main] org.hibernate.HQL_FUNCTIONS              : String insert(STRING string, INTEGER start, INTEGER length, STRING replacement)
2024-08-10T20:59:11.794-05:00 DEBUG 40026 --- [rapidsecure] [           main] org.hibernate.HQL_FUNCTIONS              : Instant instant
2024-08-10T20:59:11.794-05:00 DEBUG 40026 --- [rapidsecure] [           main] org.hibernate.HQL_FUNCTIONS              : lagANY value[, INTEGER offset[, ANY default]]
2024-08-10T20:59:11.794-05:00 DEBUG 40026 --- [rapidsecure] [           main] org.hibernate.HQL_FUNCTIONS              : last_valueANY value
2024-08-10T20:59:11.794-05:00 DEBUG 40026 --- [rapidsecure] [           main] org.hibernate.HQL_FUNCTIONS              : leadANY value[, INTEGER offset[, ANY default]]
2024-08-10T20:59:11.794-05:00 DEBUG 40026 --- [rapidsecure] [           main] org.hibernate.HQL_FUNCTIONS              : least(COMPARABLE arg0, COMPARABLE arg1[, arg2[, ...]])
2024-08-10T20:59:11.794-05:00 DEBUG 40026 --- [rapidsecure] [           main] org.hibernate.HQL_FUNCTIONS              : String left(STRING string, INTEGER length)
2024-08-10T20:59:11.794-05:00 DEBUG 40026 --- [rapidsecure] [           main] org.hibernate.HQL_FUNCTIONS              : Integer length(STRING_OR_CLOB arg)
2024-08-10T20:59:11.794-05:00 DEBUG 40026 --- [rapidsecure] [           main] org.hibernate.HQL_FUNCTIONS              : String listagg(STRING arg0, STRING arg1)
2024-08-10T20:59:11.794-05:00 DEBUG 40026 --- [rapidsecure] [           main] org.hibernate.HQL_FUNCTIONS              : Double ln(NUMERIC arg)
2024-08-10T20:59:11.794-05:00 DEBUG 40026 --- [rapidsecure] [           main] org.hibernate.HQL_FUNCTIONS              : LocalDate local date
2024-08-10T20:59:11.794-05:00 DEBUG 40026 --- [rapidsecure] [           main] org.hibernate.HQL_FUNCTIONS              : LocalDateTime local datetime
2024-08-10T20:59:11.794-05:00 DEBUG 40026 --- [rapidsecure] [           main] org.hibernate.HQL_FUNCTIONS              : LocalTime local time
2024-08-10T20:59:11.794-05:00 DEBUG 40026 --- [rapidsecure] [           main] org.hibernate.HQL_FUNCTIONS              : LocalDate local_date
2024-08-10T20:59:11.794-05:00 DEBUG 40026 --- [rapidsecure] [           main] org.hibernate.HQL_FUNCTIONS              : LocalDateTime local_datetime
2024-08-10T20:59:11.795-05:00 DEBUG 40026 --- [rapidsecure] [           main] org.hibernate.HQL_FUNCTIONS              : LocalTime local_time
2024-08-10T20:59:11.795-05:00 DEBUG 40026 --- [rapidsecure] [           main] org.hibernate.HQL_FUNCTIONS              : Time localtime
2024-08-10T20:59:11.795-05:00 DEBUG 40026 --- [rapidsecure] [           main] org.hibernate.HQL_FUNCTIONS              : Timestamp localtimestamp
2024-08-10T20:59:11.795-05:00 DEBUG 40026 --- [rapidsecure] [           main] org.hibernate.HQL_FUNCTIONS              : Integer locate(STRING pattern, STRING string[, INTEGER start])
2024-08-10T20:59:11.795-05:00 DEBUG 40026 --- [rapidsecure] [           main] org.hibernate.HQL_FUNCTIONS              : Double log(NUMERIC arg0[, NUMERIC arg1])
2024-08-10T20:59:11.795-05:00 DEBUG 40026 --- [rapidsecure] [           main] org.hibernate.HQL_FUNCTIONS              : Double log10(NUMERIC arg)
2024-08-10T20:59:11.795-05:00 DEBUG 40026 --- [rapidsecure] [           main] org.hibernate.HQL_FUNCTIONS              : String lower(STRING string)
2024-08-10T20:59:11.795-05:00 DEBUG 40026 --- [rapidsecure] [           main] org.hibernate.HQL_FUNCTIONS              : String lpad(STRING string, INTEGER length[, STRING padding])
2024-08-10T20:59:11.795-05:00 DEBUG 40026 --- [rapidsecure] [           main] org.hibernate.HQL_FUNCTIONS              : String ltrim(STRING string[, STRING characters])
2024-08-10T20:59:11.795-05:00 DEBUG 40026 --- [rapidsecure] [           main] org.hibernate.HQL_FUNCTIONS              : Date make_date(INTEGER arg0, INTEGER arg1, INTEGER arg2)
2024-08-10T20:59:11.796-05:00 DEBUG 40026 --- [rapidsecure] [           main] org.hibernate.HQL_FUNCTIONS              : Time make_time(INTEGER arg0, INTEGER arg1, INTEGER arg2)
2024-08-10T20:59:11.796-05:00 DEBUG 40026 --- [rapidsecure] [           main] org.hibernate.HQL_FUNCTIONS              : Timestamp make_timestamp(INTEGER arg0, INTEGER arg1, INTEGER arg2, INTEGER arg3, INTEGER arg4, INTEGER arg5)
2024-08-10T20:59:11.796-05:00 DEBUG 40026 --- [rapidsecure] [           main] org.hibernate.HQL_FUNCTIONS              : Timestamp make_timestamptz(INTEGER arg0, INTEGER arg1, INTEGER arg2, INTEGER arg3, INTEGER arg4, INTEGER arg5[, INTEGER arg6])
2024-08-10T20:59:11.796-05:00 DEBUG 40026 --- [rapidsecure] [           main] org.hibernate.HQL_FUNCTIONS              : max(COMPARABLE arg)
2024-08-10T20:59:11.796-05:00 DEBUG 40026 --- [rapidsecure] [           main] org.hibernate.HQL_FUNCTIONS              : String md5(arg)
2024-08-10T20:59:11.796-05:00 DEBUG 40026 --- [rapidsecure] [           main] org.hibernate.HQL_FUNCTIONS              : Double median(NUMERIC arg)
2024-08-10T20:59:11.796-05:00 DEBUG 40026 --- [rapidsecure] [           main] org.hibernate.HQL_FUNCTIONS              : min(COMPARABLE arg)
2024-08-10T20:59:11.796-05:00 DEBUG 40026 --- [rapidsecure] [           main] org.hibernate.HQL_FUNCTIONS              : Integer mod(INTEGER arg0, INTEGER arg1)
2024-08-10T20:59:11.797-05:00 DEBUG 40026 --- [rapidsecure] [           main] org.hibernate.HQL_FUNCTIONS              : mode()
2024-08-10T20:59:11.797-05:00 DEBUG 40026 --- [rapidsecure] [           main] org.hibernate.HQL_FUNCTIONS              : nth_valueANY value, INTEGER nth
2024-08-10T20:59:11.797-05:00 DEBUG 40026 --- [rapidsecure] [           main] org.hibernate.HQL_FUNCTIONS              : nullif(arg0, arg1)
2024-08-10T20:59:11.797-05:00 DEBUG 40026 --- [rapidsecure] [           main] org.hibernate.HQL_FUNCTIONS              : Integer octet_length(STRING_OR_CLOB arg)
2024-08-10T20:59:11.797-05:00 DEBUG 40026 --- [rapidsecure] [           main] org.hibernate.HQL_FUNCTIONS              : OffsetDateTime offset datetime
2024-08-10T20:59:11.797-05:00 DEBUG 40026 --- [rapidsecure] [           main] org.hibernate.HQL_FUNCTIONS              : OffsetDateTime offset_datetime
2024-08-10T20:59:11.797-05:00 DEBUG 40026 --- [rapidsecure] [           main] org.hibernate.HQL_FUNCTIONS              : String overlay(string placing replacement from start[ for length])
2024-08-10T20:59:11.797-05:00 DEBUG 40026 --- [rapidsecure] [           main] org.hibernate.HQL_FUNCTIONS              : String pad(STRING string with INTEGER length {leading|trailing}[ STRING character])
2024-08-10T20:59:11.797-05:00 DEBUG 40026 --- [rapidsecure] [           main] org.hibernate.HQL_FUNCTIONS              : Double percent_rank([arg0[, ...]])
2024-08-10T20:59:11.797-05:00 DEBUG 40026 --- [rapidsecure] [           main] org.hibernate.HQL_FUNCTIONS              : percentile_cont(NUMERIC arg)
2024-08-10T20:59:11.797-05:00 DEBUG 40026 --- [rapidsecure] [           main] org.hibernate.HQL_FUNCTIONS              : percentile_disc(NUMERIC arg)
2024-08-10T20:59:11.797-05:00 DEBUG 40026 --- [rapidsecure] [           main] org.hibernate.HQL_FUNCTIONS              : Double pi
2024-08-10T20:59:11.797-05:00 DEBUG 40026 --- [rapidsecure] [           main] org.hibernate.HQL_FUNCTIONS              : Integer position(STRING pattern in STRING string)
2024-08-10T20:59:11.797-05:00 DEBUG 40026 --- [rapidsecure] [           main] org.hibernate.HQL_FUNCTIONS              : Double power(NUMERIC arg0, NUMERIC arg1)
2024-08-10T20:59:11.798-05:00 DEBUG 40026 --- [rapidsecure] [           main] org.hibernate.HQL_FUNCTIONS              : Double radians(NUMERIC arg)
2024-08-10T20:59:11.798-05:00 DEBUG 40026 --- [rapidsecure] [           main] org.hibernate.HQL_FUNCTIONS              : Long rank([arg0[, ...]])
2024-08-10T20:59:11.798-05:00 DEBUG 40026 --- [rapidsecure] [           main] org.hibernate.HQL_FUNCTIONS              : Double regr_avgx(NUMERIC arg0, NUMERIC arg1)
2024-08-10T20:59:11.798-05:00 DEBUG 40026 --- [rapidsecure] [           main] org.hibernate.HQL_FUNCTIONS              : Double regr_avgy(NUMERIC arg0, NUMERIC arg1)
2024-08-10T20:59:11.798-05:00 DEBUG 40026 --- [rapidsecure] [           main] org.hibernate.HQL_FUNCTIONS              : Double regr_count(NUMERIC arg0, NUMERIC arg1)
2024-08-10T20:59:11.798-05:00 DEBUG 40026 --- [rapidsecure] [           main] org.hibernate.HQL_FUNCTIONS              : Double regr_intercept(NUMERIC arg0, NUMERIC arg1)
2024-08-10T20:59:11.798-05:00 DEBUG 40026 --- [rapidsecure] [           main] org.hibernate.HQL_FUNCTIONS              : Double regr_r2(NUMERIC arg0, NUMERIC arg1)
2024-08-10T20:59:11.798-05:00 DEBUG 40026 --- [rapidsecure] [           main] org.hibernate.HQL_FUNCTIONS              : Double regr_slope(NUMERIC arg0, NUMERIC arg1)
2024-08-10T20:59:11.798-05:00 DEBUG 40026 --- [rapidsecure] [           main] org.hibernate.HQL_FUNCTIONS              : Double regr_sxx(NUMERIC arg0, NUMERIC arg1)
2024-08-10T20:59:11.798-05:00 DEBUG 40026 --- [rapidsecure] [           main] org.hibernate.HQL_FUNCTIONS              : Double regr_sxy(NUMERIC arg0, NUMERIC arg1)
2024-08-10T20:59:11.799-05:00 DEBUG 40026 --- [rapidsecure] [           main] org.hibernate.HQL_FUNCTIONS              : Double regr_syy(NUMERIC arg0, NUMERIC arg1)
2024-08-10T20:59:11.799-05:00 DEBUG 40026 --- [rapidsecure] [           main] org.hibernate.HQL_FUNCTIONS              : String repeat(STRING string, INTEGER times)
2024-08-10T20:59:11.799-05:00 DEBUG 40026 --- [rapidsecure] [           main] org.hibernate.HQL_FUNCTIONS              : String replace(STRING string, STRING pattern, STRING replacement)
2024-08-10T20:59:11.799-05:00 DEBUG 40026 --- [rapidsecure] [           main] org.hibernate.HQL_FUNCTIONS              : String right(STRING string, INTEGER length)
2024-08-10T20:59:11.799-05:00 DEBUG 40026 --- [rapidsecure] [           main] org.hibernate.HQL_FUNCTIONS              : round(NUMERIC number[, INTEGER places])
2024-08-10T20:59:11.799-05:00 DEBUG 40026 --- [rapidsecure] [           main] org.hibernate.HQL_FUNCTIONS              : Long row_number()
2024-08-10T20:59:11.799-05:00 DEBUG 40026 --- [rapidsecure] [           main] org.hibernate.HQL_FUNCTIONS              : String rpad(STRING string, INTEGER length[, STRING padding])
2024-08-10T20:59:11.799-05:00 DEBUG 40026 --- [rapidsecure] [           main] org.hibernate.HQL_FUNCTIONS              : String rtrim(STRING string[, STRING characters])
2024-08-10T20:59:11.799-05:00 DEBUG 40026 --- [rapidsecure] [           main] org.hibernate.HQL_FUNCTIONS              : Integer sign(NUMERIC arg)
2024-08-10T20:59:11.799-05:00 DEBUG 40026 --- [rapidsecure] [           main] org.hibernate.HQL_FUNCTIONS              : Double sin(NUMERIC arg)
2024-08-10T20:59:11.799-05:00 DEBUG 40026 --- [rapidsecure] [           main] org.hibernate.HQL_FUNCTIONS              : Double sinh(NUMERIC arg)
2024-08-10T20:59:11.799-05:00 DEBUG 40026 --- [rapidsecure] [           main] org.hibernate.HQL_FUNCTIONS              : String soundex(arg)
2024-08-10T20:59:11.799-05:00 DEBUG 40026 --- [rapidsecure] [           main] org.hibernate.HQL_FUNCTIONS              : Object sql
2024-08-10T20:59:11.799-05:00 DEBUG 40026 --- [rapidsecure] [           main] org.hibernate.HQL_FUNCTIONS              : Double sqrt(NUMERIC arg)
2024-08-10T20:59:11.800-05:00 DEBUG 40026 --- [rapidsecure] [           main] org.hibernate.HQL_FUNCTIONS              : Double stddev(NUMERIC arg)
2024-08-10T20:59:11.800-05:00 DEBUG 40026 --- [rapidsecure] [           main] org.hibernate.HQL_FUNCTIONS              : Double stddev_pop(NUMERIC arg)
2024-08-10T20:59:11.800-05:00 DEBUG 40026 --- [rapidsecure] [           main] org.hibernate.HQL_FUNCTIONS              : Double stddev_samp(NUMERIC arg)
2024-08-10T20:59:11.800-05:00 DEBUG 40026 --- [rapidsecure] [           main] org.hibernate.HQL_FUNCTIONS              : String str(arg)
2024-08-10T20:59:11.800-05:00 DEBUG 40026 --- [rapidsecure] [           main] org.hibernate.HQL_FUNCTIONS              : String substr(STRING string, INTEGER start[, INTEGER length])
2024-08-10T20:59:11.800-05:00 DEBUG 40026 --- [rapidsecure] [           main] org.hibernate.HQL_FUNCTIONS              : String substring(STRING string{ from|,} INTEGER start[{ for|,} INTEGER length])
2024-08-10T20:59:11.800-05:00 DEBUG 40026 --- [rapidsecure] [           main] org.hibernate.HQL_FUNCTIONS              : sum(arg)
2024-08-10T20:59:11.800-05:00 DEBUG 40026 --- [rapidsecure] [           main] org.hibernate.HQL_FUNCTIONS              : Double tan(NUMERIC arg)
2024-08-10T20:59:11.800-05:00 DEBUG 40026 --- [rapidsecure] [           main] org.hibernate.HQL_FUNCTIONS              : Double tanh(NUMERIC arg)
2024-08-10T20:59:11.800-05:00 DEBUG 40026 --- [rapidsecure] [           main] org.hibernate.HQL_FUNCTIONS              : timestampadd(TEMPORAL_UNIT field, INTEGER magnitude, TEMPORAL datetime)
2024-08-10T20:59:11.800-05:00 DEBUG 40026 --- [rapidsecure] [           main] org.hibernate.HQL_FUNCTIONS              : Long|Double timestampdiff(TEMPORAL_UNIT field, TEMPORAL start, TEMPORAL end)
2024-08-10T20:59:11.800-05:00 DEBUG 40026 --- [rapidsecure] [           main] org.hibernate.HQL_FUNCTIONS              : String to_char(ANY arg0[, STRING arg1, STRING arg2])
2024-08-10T20:59:11.800-05:00 DEBUG 40026 --- [rapidsecure] [           main] org.hibernate.HQL_FUNCTIONS              : Date to_date(STRING arg0[, STRING arg1, STRING arg2])
2024-08-10T20:59:11.800-05:00 DEBUG 40026 --- [rapidsecure] [           main] org.hibernate.HQL_FUNCTIONS              : Double to_number(STRING arg0[, STRING arg1, STRING arg2])
2024-08-10T20:59:11.801-05:00 DEBUG 40026 --- [rapidsecure] [           main] org.hibernate.HQL_FUNCTIONS              : Timestamp to_timestamp(STRING arg0[, STRING arg1, STRING arg2])
2024-08-10T20:59:11.801-05:00 DEBUG 40026 --- [rapidsecure] [           main] org.hibernate.HQL_FUNCTIONS              : String translate(STRING arg0, STRING arg1, STRING arg2)
2024-08-10T20:59:11.801-05:00 DEBUG 40026 --- [rapidsecure] [           main] org.hibernate.HQL_FUNCTIONS              : String trim([[{leading|trailing|both} ][STRING arg0 ]from] STRING arg1)
2024-08-10T20:59:11.801-05:00 DEBUG 40026 --- [rapidsecure] [           main] org.hibernate.HQL_FUNCTIONS              : trunc( ... )
2024-08-10T20:59:11.801-05:00 DEBUG 40026 --- [rapidsecure] [           main] org.hibernate.HQL_FUNCTIONS              : truncate( ... )
2024-08-10T20:59:11.801-05:00 DEBUG 40026 --- [rapidsecure] [           main] org.hibernate.HQL_FUNCTIONS              : String upper(STRING string)
2024-08-10T20:59:11.801-05:00 DEBUG 40026 --- [rapidsecure] [           main] org.hibernate.HQL_FUNCTIONS              : Double var_pop(NUMERIC arg)
2024-08-10T20:59:11.801-05:00 DEBUG 40026 --- [rapidsecure] [           main] org.hibernate.HQL_FUNCTIONS              : Double var_samp(NUMERIC arg)
2024-08-10T20:59:11.801-05:00 DEBUG 40026 --- [rapidsecure] [           main] org.hibernate.HQL_FUNCTIONS              : Double variance(NUMERIC arg)
2024-08-10T20:59:11.807-05:00 DEBUG 40026 --- [rapidsecure] [           main] org.hibernate.orm.query.plan.cache       : Starting QueryInterpretationCache(2048)
2024-08-10T20:59:11.945-05:00 DEBUG 40026 --- [rapidsecure] [           main] .h.s.i.SessionFactoryServiceRegistryImpl : EventListenerRegistry access via ServiceRegistry is deprecated.  Use `sessionFactory.getEventEngine().getListenerRegistry()` instead
2024-08-10T20:59:11.947-05:00 DEBUG 40026 --- [rapidsecure] [           main] h.e.i.EntityCopyObserverFactoryInitiator : Configured EntityCopyObserver strategy: disallow
2024-08-10T20:59:12.158-05:00 DEBUG 40026 --- [rapidsecure] [           main] o.h.boot.internal.ClassLoaderAccessImpl  : Not known whether passed class name [com.rapidsecure.rapidsecure.entity.Persona] is safe
2024-08-10T20:59:12.162-05:00 DEBUG 40026 --- [rapidsecure] [           main] o.h.boot.internal.ClassLoaderAccessImpl  : No temp ClassLoader provided; using live ClassLoader for loading potentially unsafe class : com.rapidsecure.rapidsecure.entity.Persona
2024-08-10T20:59:12.535-05:00 DEBUG 40026 --- [rapidsecure] [           main] o.h.b.i.bytebuddy.BytecodeProviderImpl   : HHH000513: Unable to create the ReflectionOptimizer for [com.rapidsecure.rapidsecure.entity.Persona]: private accessor [cedula]
2024-08-10T20:59:12.581-05:00 DEBUG 40026 --- [rapidsecure] [           main] o.h.boot.internal.ClassLoaderAccessImpl  : Not known whether passed class name [com.rapidsecure.rapidsecure.entity.Rol] is safe
2024-08-10T20:59:12.581-05:00 DEBUG 40026 --- [rapidsecure] [           main] o.h.boot.internal.ClassLoaderAccessImpl  : No temp ClassLoader provided; using live ClassLoader for loading potentially unsafe class : com.rapidsecure.rapidsecure.entity.Rol
2024-08-10T20:59:12.614-05:00 DEBUG 40026 --- [rapidsecure] [           main] o.h.b.i.bytebuddy.BytecodeProviderImpl   : HHH000513: Unable to create the ReflectionOptimizer for [com.rapidsecure.rapidsecure.entity.Rol]: private accessor [nombre]
2024-08-10T20:59:12.615-05:00 DEBUG 40026 --- [rapidsecure] [           main] o.h.boot.internal.ClassLoaderAccessImpl  : Not known whether passed class name [com.rapidsecure.rapidsecure.entity.Estado] is safe
2024-08-10T20:59:12.616-05:00 DEBUG 40026 --- [rapidsecure] [           main] o.h.boot.internal.ClassLoaderAccessImpl  : No temp ClassLoader provided; using live ClassLoader for loading potentially unsafe class : com.rapidsecure.rapidsecure.entity.Estado
2024-08-10T20:59:12.650-05:00 DEBUG 40026 --- [rapidsecure] [           main] o.h.b.i.bytebuddy.BytecodeProviderImpl   : HHH000513: Unable to create the ReflectionOptimizer for [com.rapidsecure.rapidsecure.entity.Estado]: private accessor [nombre]
2024-08-10T20:59:12.651-05:00 DEBUG 40026 --- [rapidsecure] [           main] o.h.boot.internal.ClassLoaderAccessImpl  : Not known whether passed class name [com.rapidsecure.rapidsecure.entity.TipoEmergencia] is safe
2024-08-10T20:59:12.651-05:00 DEBUG 40026 --- [rapidsecure] [           main] o.h.boot.internal.ClassLoaderAccessImpl  : No temp ClassLoader provided; using live ClassLoader for loading potentially unsafe class : com.rapidsecure.rapidsecure.entity.TipoEmergencia
2024-08-10T20:59:12.686-05:00 DEBUG 40026 --- [rapidsecure] [           main] o.h.b.i.bytebuddy.BytecodeProviderImpl   : HHH000513: Unable to create the ReflectionOptimizer for [com.rapidsecure.rapidsecure.entity.TipoEmergencia]: private accessor [descripcion]
2024-08-10T20:59:12.688-05:00 DEBUG 40026 --- [rapidsecure] [           main] org.hibernate.ormbytecode.interceptor    : To-one property `com.rapidsecure.rapidsecure.entity.ReporteEmergencia#estado` was mapped with LAZY + NO_PROXY but the class was not enhanced
2024-08-10T20:59:12.689-05:00 DEBUG 40026 --- [rapidsecure] [           main] org.hibernate.ormbytecode.interceptor    : To-one property `com.rapidsecure.rapidsecure.entity.ReporteEmergencia#estado` was mapped with LAZY + NO_PROXY but the class was not enhanced
2024-08-10T20:59:12.689-05:00 DEBUG 40026 --- [rapidsecure] [           main] org.hibernate.ormbytecode.interceptor    : To-one property `com.rapidsecure.rapidsecure.entity.ReporteEmergencia#persona` was mapped with LAZY + NO_PROXY but the class was not enhanced
2024-08-10T20:59:12.689-05:00 DEBUG 40026 --- [rapidsecure] [           main] org.hibernate.ormbytecode.interceptor    : To-one property `com.rapidsecure.rapidsecure.entity.ReporteEmergencia#persona` was mapped with LAZY + NO_PROXY but the class was not enhanced
2024-08-10T20:59:12.689-05:00 DEBUG 40026 --- [rapidsecure] [           main] org.hibernate.ormbytecode.interceptor    : To-one property `com.rapidsecure.rapidsecure.entity.ReporteEmergencia#tipoEmergencia` was mapped with LAZY + NO_PROXY but the class was not enhanced
2024-08-10T20:59:12.689-05:00 DEBUG 40026 --- [rapidsecure] [           main] org.hibernate.ormbytecode.interceptor    : To-one property `com.rapidsecure.rapidsecure.entity.ReporteEmergencia#tipoEmergencia` was mapped with LAZY + NO_PROXY but the class was not enhanced
2024-08-10T20:59:12.689-05:00 DEBUG 40026 --- [rapidsecure] [           main] o.h.boot.internal.ClassLoaderAccessImpl  : Not known whether passed class name [com.rapidsecure.rapidsecure.entity.ReporteEmergencia] is safe
2024-08-10T20:59:12.689-05:00 DEBUG 40026 --- [rapidsecure] [           main] o.h.boot.internal.ClassLoaderAccessImpl  : No temp ClassLoader provided; using live ClassLoader for loading potentially unsafe class : com.rapidsecure.rapidsecure.entity.ReporteEmergencia
2024-08-10T20:59:12.745-05:00 DEBUG 40026 --- [rapidsecure] [           main] o.h.b.i.bytebuddy.BytecodeProviderImpl   : HHH000513: Unable to create the ReflectionOptimizer for [com.rapidsecure.rapidsecure.entity.ReporteEmergencia]: private accessor [descripcion]
2024-08-10T20:59:12.745-05:00 DEBUG 40026 --- [rapidsecure] [           main] org.hibernate.ormbytecode.interceptor    : To-one property `com.rapidsecure.rapidsecure.entity.ReporteEmergencia#estado` was mapped with LAZY + NO_PROXY but the class was not enhanced
2024-08-10T20:59:12.746-05:00 DEBUG 40026 --- [rapidsecure] [           main] org.hibernate.ormbytecode.interceptor    : To-one property `com.rapidsecure.rapidsecure.entity.ReporteEmergencia#persona` was mapped with LAZY + NO_PROXY but the class was not enhanced
2024-08-10T20:59:12.746-05:00 DEBUG 40026 --- [rapidsecure] [           main] org.hibernate.ormbytecode.interceptor    : To-one property `com.rapidsecure.rapidsecure.entity.ReporteEmergencia#tipoEmergencia` was mapped with LAZY + NO_PROXY but the class was not enhanced
2024-08-10T20:59:12.783-05:00 DEBUG 40026 --- [rapidsecure] [           main] o.hibernate.orm.model.mapping.creation   : Starting post-init callbacks
2024-08-10T20:59:12.783-05:00 DEBUG 40026 --- [rapidsecure] [           main] o.hibernate.orm.model.mapping.creation   : Starting PostInitCallbackEntry : To-one key - NavigableRole[com.rapidsecure.rapidsecure.entity.Persona.rol]
2024-08-10T20:59:12.789-05:00 DEBUG 40026 --- [rapidsecure] [           main] o.hibernate.orm.model.mapping.creation   : Starting PostInitCallbackEntry : Entity(com.rapidsecure.rapidsecure.entity.Persona) `staticFetchableList` generator
2024-08-10T20:59:12.790-05:00 DEBUG 40026 --- [rapidsecure] [           main] o.hibernate.orm.model.mapping.creation   : Starting PostInitCallbackEntry : Entity(com.rapidsecure.rapidsecure.entity.Rol) `staticFetchableList` generator
2024-08-10T20:59:12.791-05:00 DEBUG 40026 --- [rapidsecure] [           main] o.hibernate.orm.model.mapping.creation   : Starting PostInitCallbackEntry : Entity(com.rapidsecure.rapidsecure.entity.Estado) `staticFetchableList` generator
2024-08-10T20:59:12.791-05:00 DEBUG 40026 --- [rapidsecure] [           main] o.hibernate.orm.model.mapping.creation   : Starting PostInitCallbackEntry : Entity(com.rapidsecure.rapidsecure.entity.TipoEmergencia) `staticFetchableList` generator
2024-08-10T20:59:12.791-05:00 DEBUG 40026 --- [rapidsecure] [           main] o.hibernate.orm.model.mapping.creation   : Starting PostInitCallbackEntry : To-one key - NavigableRole[com.rapidsecure.rapidsecure.entity.ReporteEmergencia.estado]
2024-08-10T20:59:12.791-05:00 DEBUG 40026 --- [rapidsecure] [           main] o.hibernate.orm.model.mapping.creation   : Starting PostInitCallbackEntry : To-one key - NavigableRole[com.rapidsecure.rapidsecure.entity.ReporteEmergencia.persona]
2024-08-10T20:59:12.791-05:00 DEBUG 40026 --- [rapidsecure] [           main] o.hibernate.orm.model.mapping.creation   : Starting PostInitCallbackEntry : To-one key - NavigableRole[com.rapidsecure.rapidsecure.entity.ReporteEmergencia.tipoEmergencia]
2024-08-10T20:59:12.791-05:00 DEBUG 40026 --- [rapidsecure] [           main] o.hibernate.orm.model.mapping.creation   : Starting PostInitCallbackEntry : Entity(com.rapidsecure.rapidsecure.entity.ReporteEmergencia) `staticFetchableList` generator
2024-08-10T20:59:12.911-05:00 DEBUG 40026 --- [rapidsecure] [           main] org.hibernate.orm.sql.ast.create         : Created new SQL alias : p1_0
2024-08-10T20:59:12.914-05:00 DEBUG 40026 --- [rapidsecure] [           main] org.hibernate.orm.sql.ast.create         : Registration of TableGroup [StandardTableGroup(com.rapidsecure.rapidsecure.entity.Persona)] with identifierForTableGroup [com.rapidsecure.rapidsecure.entity.Persona] for NavigablePath [com.rapidsecure.rapidsecure.entity.Persona] 
2024-08-10T20:59:12.928-05:00 DEBUG 40026 --- [rapidsecure] [           main] org.hibernate.orm.sql.ast.create         : Registration of TableGroup [org.hibernate.sql.ast.tree.from.LazyTableGroup@478fe415] with identifierForTableGroup [com.rapidsecure.rapidsecure.entity.Persona.rol] for NavigablePath [com.rapidsecure.rapidsecure.entity.Persona.rol] 
2024-08-10T20:59:12.943-05:00 DEBUG 40026 --- [rapidsecure] [           main] org.hibernate.orm.results.graph.AST      : DomainResult Graph:
 \-EntityResultImpl [com.rapidsecure.rapidsecure.entity.Persona]
 |  +-BasicFetch [com.rapidsecure.rapidsecure.entity.Persona.cedula]
 |  +-BasicFetch [com.rapidsecure.rapidsecure.entity.Persona.correo]
 |  +-BasicFetch [com.rapidsecure.rapidsecure.entity.Persona.nombre]
 |  +-BasicFetch [com.rapidsecure.rapidsecure.entity.Persona.password]
 |  +-EntityDelayedFetchImpl [com.rapidsecure.rapidsecure.entity.Persona.rol]
 |  \-BasicFetch [com.rapidsecure.rapidsecure.entity.Persona.telefono]

2024-08-10T20:59:12.950-05:00 DEBUG 40026 --- [rapidsecure] [           main] org.hibernate.orm.sql.ast.tree           : SQL AST Tree:
    SelectStatement {
      FromClause {
        StandardTableGroup (p1 : com.rapidsecure.rapidsecure.entity.Persona) {
          primaryTableReference : persona as p1_0
          TableGroupJoins {
            left  join LazyTableGroup (r1 : com.rapidsecure.rapidsecure.entity.Persona.rol) {
            }
          }
        }
      }
    }

2024-08-10T20:59:12.964-05:00 DEBUG 40026 --- [rapidsecure] [           main] o.h.p.entity.AbstractEntityPersister     : Static SQL for entity: com.rapidsecure.rapidsecure.entity.Persona
2024-08-10T20:59:12.964-05:00 DEBUG 40026 --- [rapidsecure] [           main] o.h.p.entity.AbstractEntityPersister     :  Version select: select id from persona where id=?
2024-08-10T20:59:12.964-05:00 DEBUG 40026 --- [rapidsecure] [           main] o.h.p.entity.AbstractEntityPersister     :  Insert (0): insert into persona (cedula,correo,nombre,password,rol_id,telefono) values (?,?,?,?,?,?) returning id
2024-08-10T20:59:12.964-05:00 DEBUG 40026 --- [rapidsecure] [           main] o.h.p.entity.AbstractEntityPersister     :  Update (0): update persona set cedula=?,correo=?,nombre=?,password=?,rol_id=?,telefono=? where id=?
2024-08-10T20:59:12.964-05:00 DEBUG 40026 --- [rapidsecure] [           main] o.h.p.entity.AbstractEntityPersister     :  Delete (0): delete from persona where id=?
2024-08-10T20:59:12.964-05:00 DEBUG 40026 --- [rapidsecure] [           main] org.hibernate.orm.sql.ast.create         : Created new SQL alias : r1_0
2024-08-10T20:59:12.965-05:00 DEBUG 40026 --- [rapidsecure] [           main] org.hibernate.orm.sql.ast.create         : Registration of TableGroup [StandardTableGroup(com.rapidsecure.rapidsecure.entity.Rol)] with identifierForTableGroup [com.rapidsecure.rapidsecure.entity.Rol] for NavigablePath [com.rapidsecure.rapidsecure.entity.Rol] 
2024-08-10T20:59:12.965-05:00 DEBUG 40026 --- [rapidsecure] [           main] org.hibernate.orm.results.graph.AST      : DomainResult Graph:
 \-EntityResultImpl [com.rapidsecure.rapidsecure.entity.Rol]
 |  \-BasicFetch [com.rapidsecure.rapidsecure.entity.Rol.nombre]

2024-08-10T20:59:12.965-05:00 DEBUG 40026 --- [rapidsecure] [           main] org.hibernate.orm.sql.ast.tree           : SQL AST Tree:
    SelectStatement {
      FromClause {
        StandardTableGroup (r1 : com.rapidsecure.rapidsecure.entity.Rol) {
          primaryTableReference : rol as r1_0
        }
      }
    }

2024-08-10T20:59:12.965-05:00 DEBUG 40026 --- [rapidsecure] [           main] o.h.p.entity.AbstractEntityPersister     : Static SQL for entity: com.rapidsecure.rapidsecure.entity.Rol
2024-08-10T20:59:12.965-05:00 DEBUG 40026 --- [rapidsecure] [           main] o.h.p.entity.AbstractEntityPersister     :  Version select: select id from rol where id=?
2024-08-10T20:59:12.965-05:00 DEBUG 40026 --- [rapidsecure] [           main] o.h.p.entity.AbstractEntityPersister     :  Insert (0): insert into rol (nombre) values (?) returning id
2024-08-10T20:59:12.965-05:00 DEBUG 40026 --- [rapidsecure] [           main] o.h.p.entity.AbstractEntityPersister     :  Update (0): update rol set nombre=? where id=?
2024-08-10T20:59:12.965-05:00 DEBUG 40026 --- [rapidsecure] [           main] o.h.p.entity.AbstractEntityPersister     :  Delete (0): delete from rol where id=?
2024-08-10T20:59:12.966-05:00 DEBUG 40026 --- [rapidsecure] [           main] org.hibernate.orm.sql.ast.create         : Created new SQL alias : e1_0
2024-08-10T20:59:12.966-05:00 DEBUG 40026 --- [rapidsecure] [           main] org.hibernate.orm.sql.ast.create         : Registration of TableGroup [StandardTableGroup(com.rapidsecure.rapidsecure.entity.Estado)] with identifierForTableGroup [com.rapidsecure.rapidsecure.entity.Estado] for NavigablePath [com.rapidsecure.rapidsecure.entity.Estado] 
2024-08-10T20:59:12.966-05:00 DEBUG 40026 --- [rapidsecure] [           main] org.hibernate.orm.results.graph.AST      : DomainResult Graph:
 \-EntityResultImpl [com.rapidsecure.rapidsecure.entity.Estado]
 |  \-BasicFetch [com.rapidsecure.rapidsecure.entity.Estado.nombre]

2024-08-10T20:59:12.966-05:00 DEBUG 40026 --- [rapidsecure] [           main] org.hibernate.orm.sql.ast.tree           : SQL AST Tree:
    SelectStatement {
      FromClause {
        StandardTableGroup (e1 : com.rapidsecure.rapidsecure.entity.Estado) {
          primaryTableReference : estado as e1_0
        }
      }
    }

2024-08-10T20:59:12.966-05:00 DEBUG 40026 --- [rapidsecure] [           main] o.h.p.entity.AbstractEntityPersister     : Static SQL for entity: com.rapidsecure.rapidsecure.entity.Estado
2024-08-10T20:59:12.966-05:00 DEBUG 40026 --- [rapidsecure] [           main] o.h.p.entity.AbstractEntityPersister     :  Version select: select id from estado where id=?
2024-08-10T20:59:12.966-05:00 DEBUG 40026 --- [rapidsecure] [           main] o.h.p.entity.AbstractEntityPersister     :  Insert (0): insert into estado (nombre) values (?) returning id
2024-08-10T20:59:12.966-05:00 DEBUG 40026 --- [rapidsecure] [           main] o.h.p.entity.AbstractEntityPersister     :  Update (0): update estado set nombre=? where id=?
2024-08-10T20:59:12.966-05:00 DEBUG 40026 --- [rapidsecure] [           main] o.h.p.entity.AbstractEntityPersister     :  Delete (0): delete from estado where id=?
2024-08-10T20:59:12.966-05:00 DEBUG 40026 --- [rapidsecure] [           main] org.hibernate.orm.sql.ast.create         : Created new SQL alias : te1_0
2024-08-10T20:59:12.966-05:00 DEBUG 40026 --- [rapidsecure] [           main] org.hibernate.orm.sql.ast.create         : Registration of TableGroup [StandardTableGroup(com.rapidsecure.rapidsecure.entity.TipoEmergencia)] with identifierForTableGroup [com.rapidsecure.rapidsecure.entity.TipoEmergencia] for NavigablePath [com.rapidsecure.rapidsecure.entity.TipoEmergencia] 
2024-08-10T20:59:12.967-05:00 DEBUG 40026 --- [rapidsecure] [           main] org.hibernate.orm.results.graph.AST      : DomainResult Graph:
 \-EntityResultImpl [com.rapidsecure.rapidsecure.entity.TipoEmergencia]
 |  +-BasicFetch [com.rapidsecure.rapidsecure.entity.TipoEmergencia.descripcion]
 |  \-BasicFetch [com.rapidsecure.rapidsecure.entity.TipoEmergencia.nombre]

2024-08-10T20:59:12.967-05:00 DEBUG 40026 --- [rapidsecure] [           main] org.hibernate.orm.sql.ast.tree           : SQL AST Tree:
    SelectStatement {
      FromClause {
        StandardTableGroup (te1 : com.rapidsecure.rapidsecure.entity.TipoEmergencia) {
          primaryTableReference : tipo_emergencia as te1_0
        }
      }
    }

2024-08-10T20:59:12.967-05:00 DEBUG 40026 --- [rapidsecure] [           main] o.h.p.entity.AbstractEntityPersister     : Static SQL for entity: com.rapidsecure.rapidsecure.entity.TipoEmergencia
2024-08-10T20:59:12.967-05:00 DEBUG 40026 --- [rapidsecure] [           main] o.h.p.entity.AbstractEntityPersister     :  Version select: select id from tipo_emergencia where id=?
2024-08-10T20:59:12.967-05:00 DEBUG 40026 --- [rapidsecure] [           main] o.h.p.entity.AbstractEntityPersister     :  Insert (0): insert into tipo_emergencia (descripcion,nombre) values (?,?) returning id
2024-08-10T20:59:12.967-05:00 DEBUG 40026 --- [rapidsecure] [           main] o.h.p.entity.AbstractEntityPersister     :  Update (0): update tipo_emergencia set descripcion=?,nombre=? where id=?
2024-08-10T20:59:12.967-05:00 DEBUG 40026 --- [rapidsecure] [           main] o.h.p.entity.AbstractEntityPersister     :  Delete (0): delete from tipo_emergencia where id=?
2024-08-10T20:59:12.967-05:00 DEBUG 40026 --- [rapidsecure] [           main] org.hibernate.orm.sql.ast.create         : Created new SQL alias : re1_0
2024-08-10T20:59:12.967-05:00 DEBUG 40026 --- [rapidsecure] [           main] org.hibernate.orm.sql.ast.create         : Registration of TableGroup [StandardTableGroup(com.rapidsecure.rapidsecure.entity.ReporteEmergencia)] with identifierForTableGroup [com.rapidsecure.rapidsecure.entity.ReporteEmergencia] for NavigablePath [com.rapidsecure.rapidsecure.entity.ReporteEmergencia] 
2024-08-10T20:59:12.971-05:00 DEBUG 40026 --- [rapidsecure] [           main] org.hibernate.orm.sql.ast.create         : Registration of TableGroup [org.hibernate.sql.ast.tree.from.LazyTableGroup@2d5e051e] with identifierForTableGroup [com.rapidsecure.rapidsecure.entity.ReporteEmergencia.estado] for NavigablePath [com.rapidsecure.rapidsecure.entity.ReporteEmergencia.estado] 
2024-08-10T20:59:12.972-05:00 DEBUG 40026 --- [rapidsecure] [           main] org.hibernate.orm.sql.ast.create         : Created new SQL alias : e1_0
2024-08-10T20:59:12.973-05:00 DEBUG 40026 --- [rapidsecure] [           main] org.hibernate.orm.sql.ast.create         : Registration of TableGroup [org.hibernate.sql.ast.tree.from.LazyTableGroup@2ae08750] with identifierForTableGroup [com.rapidsecure.rapidsecure.entity.ReporteEmergencia.persona] for NavigablePath [com.rapidsecure.rapidsecure.entity.ReporteEmergencia.persona] 
2024-08-10T20:59:12.973-05:00 DEBUG 40026 --- [rapidsecure] [           main] org.hibernate.orm.sql.ast.create         : Created new SQL alias : p1_0
2024-08-10T20:59:12.974-05:00 DEBUG 40026 --- [rapidsecure] [           main] org.hibernate.orm.sql.ast.create         : Registration of TableGroup [org.hibernate.sql.ast.tree.from.LazyTableGroup@44117b0d] with identifierForTableGroup [com.rapidsecure.rapidsecure.entity.ReporteEmergencia.persona.rol] for NavigablePath [com.rapidsecure.rapidsecure.entity.ReporteEmergencia.persona.rol] 
2024-08-10T20:59:12.974-05:00 DEBUG 40026 --- [rapidsecure] [           main] org.hibernate.orm.sql.ast.create         : Registration of TableGroup [org.hibernate.sql.ast.tree.from.LazyTableGroup@58679ff] with identifierForTableGroup [com.rapidsecure.rapidsecure.entity.ReporteEmergencia.tipoEmergencia] for NavigablePath [com.rapidsecure.rapidsecure.entity.ReporteEmergencia.tipoEmergencia] 
2024-08-10T20:59:12.974-05:00 DEBUG 40026 --- [rapidsecure] [           main] org.hibernate.orm.sql.ast.create         : Created new SQL alias : te1_0
2024-08-10T20:59:12.975-05:00 DEBUG 40026 --- [rapidsecure] [           main] org.hibernate.orm.results.graph.AST      : DomainResult Graph:
 \-EntityResultImpl [com.rapidsecure.rapidsecure.entity.ReporteEmergencia]
 |  +-BasicFetch [com.rapidsecure.rapidsecure.entity.ReporteEmergencia.descripcion]
 |  +-EntityFetchJoinedImpl [com.rapidsecure.rapidsecure.entity.ReporteEmergencia.estado]
 |  +-BasicFetch [com.rapidsecure.rapidsecure.entity.ReporteEmergencia.fechaHoraReporte]
 |  +-BasicFetch [com.rapidsecure.rapidsecure.entity.ReporteEmergencia.latitud]
 |  +-BasicFetch [com.rapidsecure.rapidsecure.entity.ReporteEmergencia.longitud]
 |  +-EntityFetchJoinedImpl [com.rapidsecure.rapidsecure.entity.ReporteEmergencia.persona]
 |  +-EntityFetchJoinedImpl [com.rapidsecure.rapidsecure.entity.ReporteEmergencia.tipoEmergencia]
 |  \-BasicFetch [com.rapidsecure.rapidsecure.entity.ReporteEmergencia.ubicacion]

2024-08-10T20:59:12.975-05:00 DEBUG 40026 --- [rapidsecure] [           main] org.hibernate.orm.sql.ast.tree           : SQL AST Tree:
    SelectStatement {
      FromClause {
        StandardTableGroup (re1 : com.rapidsecure.rapidsecure.entity.ReporteEmergencia) {
          primaryTableReference : reporte_emergencia as re1_0
          TableGroupJoins {
             join LazyTableGroup (e1 : com.rapidsecure.rapidsecure.entity.ReporteEmergencia.estado) {
              primaryTableReference : estado as e1_0
            }
             join LazyTableGroup (p1 : com.rapidsecure.rapidsecure.entity.ReporteEmergencia.persona) {
              primaryTableReference : persona as p1_0
              TableGroupJoins {
                left  join LazyTableGroup (r1 : com.rapidsecure.rapidsecure.entity.ReporteEmergencia.persona.rol) {
                }
              }
            }
             join LazyTableGroup (te1 : com.rapidsecure.rapidsecure.entity.ReporteEmergencia.tipoEmergencia) {
              primaryTableReference : tipo_emergencia as te1_0
            }
          }
        }
      }
    }

2024-08-10T20:59:12.975-05:00 DEBUG 40026 --- [rapidsecure] [           main] o.h.p.entity.AbstractEntityPersister     : Static SQL for entity: com.rapidsecure.rapidsecure.entity.ReporteEmergencia
2024-08-10T20:59:12.975-05:00 DEBUG 40026 --- [rapidsecure] [           main] o.h.p.entity.AbstractEntityPersister     :  Version select: select id from reporte_emergencia where id=?
2024-08-10T20:59:12.975-05:00 DEBUG 40026 --- [rapidsecure] [           main] o.h.p.entity.AbstractEntityPersister     :  Insert (0): insert into reporte_emergencia (descripcion,estado_id,fecha_hora_reporte,latitud,longitud,persona_id,tipo_emergencia_id,ubicacion) values (?,?,?,?,?,?,?,?) returning id
2024-08-10T20:59:12.976-05:00 DEBUG 40026 --- [rapidsecure] [           main] o.h.p.entity.AbstractEntityPersister     :  Update (0): update reporte_emergencia set descripcion=?,estado_id=?,fecha_hora_reporte=?,latitud=?,longitud=?,persona_id=?,tipo_emergencia_id=?,ubicacion=? where id=?
2024-08-10T20:59:12.976-05:00 DEBUG 40026 --- [rapidsecure] [           main] o.h.p.entity.AbstractEntityPersister     :  Delete (0): delete from reporte_emergencia where id=?
2024-08-10T20:59:13.015-05:00  INFO 40026 --- [rapidsecure] [           main] o.h.e.t.j.p.i.JtaPlatformInitiator       : HHH000489: No JTA platform available (set 'hibernate.transaction.jta.platform' to enable JTA platform integration)
2024-08-10T20:59:13.015-05:00 DEBUG 40026 --- [rapidsecure] [           main] o.h.type.spi.TypeConfiguration$Scope     : Scoping TypeConfiguration [org.hibernate.type.spi.TypeConfiguration@32a033b6] to SessionFactoryImplementor [org.hibernate.internal.SessionFactoryImpl@5e66733b]
2024-08-10T20:59:13.016-05:00 DEBUG 40026 --- [rapidsecure] [           main] o.h.query.named.NamedObjectRepository    : Checking 0 named HQL queries
2024-08-10T20:59:13.016-05:00 DEBUG 40026 --- [rapidsecure] [           main] o.h.query.named.NamedObjectRepository    : Checking 0 named SQL queries
2024-08-10T20:59:14.018-05:00 DEBUG 40026 --- [rapidsecure] [           main] org.hibernate.mapping.Table              : No alter strings for table : estado
2024-08-10T20:59:14.018-05:00 DEBUG 40026 --- [rapidsecure] [           main] org.hibernate.mapping.Table              : No alter strings for table : persona
2024-08-10T20:59:14.019-05:00 DEBUG 40026 --- [rapidsecure] [           main] org.hibernate.SQL                        : alter table if exists reporte_emergencia alter column descripcion set data type TEXT
2024-08-10T20:59:14.318-05:00 DEBUG 40026 --- [rapidsecure] [           main] org.hibernate.mapping.Table              : No alter strings for table : rol
2024-08-10T20:59:14.318-05:00 DEBUG 40026 --- [rapidsecure] [           main] org.hibernate.SQL                        : alter table if exists tipo_emergencia alter column descripcion set data type TEXT
2024-08-10T20:59:18.211-05:00 DEBUG 40026 --- [rapidsecure] [           main] o.h.internal.SessionFactoryRegistry      : Initializing SessionFactoryRegistry : org.hibernate.internal.SessionFactoryRegistry@56ec6ac0
2024-08-10T20:59:18.211-05:00 DEBUG 40026 --- [rapidsecure] [           main] o.h.internal.SessionFactoryRegistry      : Registering SessionFactory: afccd5cb-6967-498b-8a95-939f6cd11509 (<unnamed>)
2024-08-10T20:59:18.211-05:00 DEBUG 40026 --- [rapidsecure] [           main] o.h.internal.SessionFactoryRegistry      : Not binding SessionFactory to JNDI, no JNDI name configured
2024-08-10T20:59:18.211-05:00 DEBUG 40026 --- [rapidsecure] [           main] o.hibernate.internal.SessionFactoryImpl  : Instantiated SessionFactory
2024-08-10T20:59:18.211-05:00  INFO 40026 --- [rapidsecure] [           main] j.LocalContainerEntityManagerFactoryBean : Initialized JPA EntityManagerFactory for persistence unit 'default'
2024-08-10T20:59:18.432-05:00 DEBUG 40026 --- [rapidsecure] [           main] o.h.stat.internal.StatisticsInitiator    : Statistics initialized [enabled=false]
2024-08-10T20:59:18.695-05:00 DEBUG 40026 --- [rapidsecure] [           main] cResourceLocalTransactionCoordinatorImpl : JDBC transaction marked for rollback-only (exception provided for stack trace)

java.lang.Exception: exception just for purpose of providing stack trace
	at org.hibernate.resource.transaction.backend.jdbc.internal.JdbcResourceLocalTransactionCoordinatorImpl$TransactionDriverControlImpl.markRollbackOnly(JdbcResourceLocalTransactionCoordinatorImpl.java:309) ~[hibernate-core-6.5.2.Final.jar:6.5.2.Final]
	at org.hibernate.internal.AbstractSharedSessionContract.buildNamedQuery(AbstractSharedSessionContract.java:1109) ~[hibernate-core-6.5.2.Final.jar:6.5.2.Final]
	at org.hibernate.internal.AbstractSharedSessionContract.createNamedQuery(AbstractSharedSessionContract.java:987) ~[hibernate-core-6.5.2.Final.jar:6.5.2.Final]
	at org.hibernate.internal.AbstractSharedSessionContract.createNamedQuery(AbstractSharedSessionContract.java:140) ~[hibernate-core-6.5.2.Final.jar:6.5.2.Final]
	at java.base/jdk.internal.reflect.DirectMethodHandleAccessor.invoke(DirectMethodHandleAccessor.java:103) ~[na:na]
	at java.base/java.lang.reflect.Method.invoke(Method.java:580) ~[na:na]
	at org.springframework.orm.jpa.ExtendedEntityManagerCreator$ExtendedEntityManagerInvocationHandler.invoke(ExtendedEntityManagerCreator.java:364) ~[spring-orm-6.1.10.jar:6.1.10]
	at jdk.proxy2/jdk.proxy2.$Proxy131.createNamedQuery(Unknown Source) ~[na:na]
	at org.springframework.data.jpa.repository.query.NamedQuery.hasNamedQuery(NamedQuery.java:112) ~[spring-data-jpa-3.3.1.jar:3.3.1]
	at org.springframework.data.jpa.repository.query.NamedQuery.lookupFrom(NamedQuery.java:138) ~[spring-data-jpa-3.3.1.jar:3.3.1]
	at org.springframework.data.jpa.repository.query.JpaQueryLookupStrategy$DeclaredQueryLookupStrategy.resolveQuery(JpaQueryLookupStrategy.java:180) ~[spring-data-jpa-3.3.1.jar:3.3.1]
	at org.springframework.data.jpa.repository.query.JpaQueryLookupStrategy$CreateIfNotFoundQueryLookupStrategy.resolveQuery(JpaQueryLookupStrategy.java:252) ~[spring-data-jpa-3.3.1.jar:3.3.1]
	at org.springframework.data.jpa.repository.query.JpaQueryLookupStrategy$AbstractQueryLookupStrategy.resolveQuery(JpaQueryLookupStrategy.java:95) ~[spring-data-jpa-3.3.1.jar:3.3.1]
	at org.springframework.data.repository.core.support.QueryExecutorMethodInterceptor.lookupQuery(QueryExecutorMethodInterceptor.java:111) ~[spring-data-commons-3.3.1.jar:3.3.1]
	at org.springframework.data.repository.core.support.QueryExecutorMethodInterceptor.mapMethodsToQuery(QueryExecutorMethodInterceptor.java:99) ~[spring-data-commons-3.3.1.jar:3.3.1]
	at org.springframework.data.repository.core.support.QueryExecutorMethodInterceptor.lambda$new$0(QueryExecutorMethodInterceptor.java:88) ~[spring-data-commons-3.3.1.jar:3.3.1]
	at java.base/java.util.Optional.map(Optional.java:260) ~[na:na]
	at org.springframework.data.repository.core.support.QueryExecutorMethodInterceptor.<init>(QueryExecutorMethodInterceptor.java:88) ~[spring-data-commons-3.3.1.jar:3.3.1]
	at org.springframework.data.repository.core.support.RepositoryFactorySupport.getRepository(RepositoryFactorySupport.java:357) ~[spring-data-commons-3.3.1.jar:3.3.1]
	at org.springframework.data.repository.core.support.RepositoryFactoryBeanSupport.lambda$afterPropertiesSet$5(RepositoryFactoryBeanSupport.java:286) ~[spring-data-commons-3.3.1.jar:3.3.1]
	at org.springframework.data.util.Lazy.getNullable(Lazy.java:135) ~[spring-data-commons-3.3.1.jar:3.3.1]
	at org.springframework.data.util.Lazy.get(Lazy.java:113) ~[spring-data-commons-3.3.1.jar:3.3.1]
	at org.springframework.data.repository.core.support.RepositoryFactoryBeanSupport.afterPropertiesSet(RepositoryFactoryBeanSupport.java:292) ~[spring-data-commons-3.3.1.jar:3.3.1]
	at org.springframework.data.jpa.repository.support.JpaRepositoryFactoryBean.afterPropertiesSet(JpaRepositoryFactoryBean.java:132) ~[spring-data-jpa-3.3.1.jar:3.3.1]
	at org.springframework.beans.factory.support.AbstractAutowireCapableBeanFactory.invokeInitMethods(AbstractAutowireCapableBeanFactory.java:1835) ~[spring-beans-6.1.10.jar:6.1.10]
	at org.springframework.beans.factory.support.AbstractAutowireCapableBeanFactory.initializeBean(AbstractAutowireCapableBeanFactory.java:1784) ~[spring-beans-6.1.10.jar:6.1.10]
	at org.springframework.beans.factory.support.AbstractAutowireCapableBeanFactory.doCreateBean(AbstractAutowireCapableBeanFactory.java:600) ~[spring-beans-6.1.10.jar:6.1.10]
	at org.springframework.beans.factory.support.AbstractAutowireCapableBeanFactory.createBean(AbstractAutowireCapableBeanFactory.java:522) ~[spring-beans-6.1.10.jar:6.1.10]
	at org.springframework.beans.factory.support.AbstractBeanFactory.lambda$doGetBean$0(AbstractBeanFactory.java:337) ~[spring-beans-6.1.10.jar:6.1.10]
	at org.springframework.beans.factory.support.DefaultSingletonBeanRegistry.getSingleton(DefaultSingletonBeanRegistry.java:234) ~[spring-beans-6.1.10.jar:6.1.10]
	at org.springframework.beans.factory.support.AbstractBeanFactory.doGetBean(AbstractBeanFactory.java:335) ~[spring-beans-6.1.10.jar:6.1.10]
	at org.springframework.beans.factory.support.AbstractBeanFactory.getBean(AbstractBeanFactory.java:200) ~[spring-beans-6.1.10.jar:6.1.10]
	at org.springframework.beans.factory.config.DependencyDescriptor.resolveCandidate(DependencyDescriptor.java:254) ~[spring-beans-6.1.10.jar:6.1.10]
	at org.springframework.beans.factory.support.DefaultListableBeanFactory.doResolveDependency(DefaultListableBeanFactory.java:1443) ~[spring-beans-6.1.10.jar:6.1.10]
	at org.springframework.beans.factory.support.DefaultListableBeanFactory.resolveDependency(DefaultListableBeanFactory.java:1353) ~[spring-beans-6.1.10.jar:6.1.10]
	at org.springframework.beans.factory.annotation.AutowiredAnnotationBeanPostProcessor$AutowiredFieldElement.resolveFieldValue(AutowiredAnnotationBeanPostProcessor.java:784) ~[spring-beans-6.1.10.jar:6.1.10]
	at org.springframework.beans.factory.annotation.AutowiredAnnotationBeanPostProcessor$AutowiredFieldElement.inject(AutowiredAnnotationBeanPostProcessor.java:767) ~[spring-beans-6.1.10.jar:6.1.10]
	at org.springframework.beans.factory.annotation.InjectionMetadata.inject(InjectionMetadata.java:145) ~[spring-beans-6.1.10.jar:6.1.10]
	at org.springframework.beans.factory.annotation.AutowiredAnnotationBeanPostProcessor.postProcessProperties(AutowiredAnnotationBeanPostProcessor.java:508) ~[spring-beans-6.1.10.jar:6.1.10]
	at org.springframework.beans.factory.support.AbstractAutowireCapableBeanFactory.populateBean(AbstractAutowireCapableBeanFactory.java:1421) ~[spring-beans-6.1.10.jar:6.1.10]
	at org.springframework.beans.factory.support.AbstractAutowireCapableBeanFactory.doCreateBean(AbstractAutowireCapableBeanFactory.java:599) ~[spring-beans-6.1.10.jar:6.1.10]
	at org.springframework.beans.factory.support.AbstractAutowireCapableBeanFactory.createBean(AbstractAutowireCapableBeanFactory.java:522) ~[spring-beans-6.1.10.jar:6.1.10]
	at org.springframework.beans.factory.support.AbstractBeanFactory.lambda$doGetBean$0(AbstractBeanFactory.java:337) ~[spring-beans-6.1.10.jar:6.1.10]
	at org.springframework.beans.factory.support.DefaultSingletonBeanRegistry.getSingleton(DefaultSingletonBeanRegistry.java:234) ~[spring-beans-6.1.10.jar:6.1.10]
	at org.springframework.beans.factory.support.AbstractBeanFactory.doGetBean(AbstractBeanFactory.java:335) ~[spring-beans-6.1.10.jar:6.1.10]
	at org.springframework.beans.factory.support.AbstractBeanFactory.getBean(AbstractBeanFactory.java:200) ~[spring-beans-6.1.10.jar:6.1.10]
	at org.springframework.beans.factory.config.DependencyDescriptor.resolveCandidate(DependencyDescriptor.java:254) ~[spring-beans-6.1.10.jar:6.1.10]
	at org.springframework.beans.factory.support.DefaultListableBeanFactory.doResolveDependency(DefaultListableBeanFactory.java:1443) ~[spring-beans-6.1.10.jar:6.1.10]
	at org.springframework.beans.factory.support.DefaultListableBeanFactory.resolveDependency(DefaultListableBeanFactory.java:1353) ~[spring-beans-6.1.10.jar:6.1.10]
	at org.springframework.beans.factory.annotation.AutowiredAnnotationBeanPostProcessor$AutowiredFieldElement.resolveFieldValue(AutowiredAnnotationBeanPostProcessor.java:784) ~[spring-beans-6.1.10.jar:6.1.10]
	at org.springframework.beans.factory.annotation.AutowiredAnnotationBeanPostProcessor$AutowiredFieldElement.inject(AutowiredAnnotationBeanPostProcessor.java:767) ~[spring-beans-6.1.10.jar:6.1.10]
	at org.springframework.beans.factory.annotation.InjectionMetadata.inject(InjectionMetadata.java:145) ~[spring-beans-6.1.10.jar:6.1.10]
	at org.springframework.beans.factory.annotation.AutowiredAnnotationBeanPostProcessor.postProcessProperties(AutowiredAnnotationBeanPostProcessor.java:508) ~[spring-beans-6.1.10.jar:6.1.10]
	at org.springframework.beans.factory.support.AbstractAutowireCapableBeanFactory.populateBean(AbstractAutowireCapableBeanFactory.java:1421) ~[spring-beans-6.1.10.jar:6.1.10]
	at org.springframework.beans.factory.support.AbstractAutowireCapableBeanFactory.doCreateBean(AbstractAutowireCapableBeanFactory.java:599) ~[spring-beans-6.1.10.jar:6.1.10]
	at org.springframework.beans.factory.support.AbstractAutowireCapableBeanFactory.createBean(AbstractAutowireCapableBeanFactory.java:522) ~[spring-beans-6.1.10.jar:6.1.10]
	at org.springframework.beans.factory.support.AbstractBeanFactory.lambda$doGetBean$0(AbstractBeanFactory.java:337) ~[spring-beans-6.1.10.jar:6.1.10]
	at org.springframework.beans.factory.support.DefaultSingletonBeanRegistry.getSingleton(DefaultSingletonBeanRegistry.java:234) ~[spring-beans-6.1.10.jar:6.1.10]
	at org.springframework.beans.factory.support.AbstractBeanFactory.doGetBean(AbstractBeanFactory.java:335) ~[spring-beans-6.1.10.jar:6.1.10]
	at org.springframework.beans.factory.support.AbstractBeanFactory.getBean(AbstractBeanFactory.java:200) ~[spring-beans-6.1.10.jar:6.1.10]
	at org.springframework.beans.factory.support.DefaultListableBeanFactory.preInstantiateSingletons(DefaultListableBeanFactory.java:975) ~[spring-beans-6.1.10.jar:6.1.10]
	at org.springframework.context.support.AbstractApplicationContext.finishBeanFactoryInitialization(AbstractApplicationContext.java:962) ~[spring-context-6.1.10.jar:6.1.10]
	at org.springframework.context.support.AbstractApplicationContext.refresh(AbstractApplicationContext.java:624) ~[spring-context-6.1.10.jar:6.1.10]
	at org.springframework.boot.SpringApplication.refresh(SpringApplication.java:754) ~[spring-boot-3.3.1.jar:3.3.1]
	at org.springframework.boot.SpringApplication.refreshContext(SpringApplication.java:456) ~[spring-boot-3.3.1.jar:3.3.1]
	at org.springframework.boot.SpringApplication.run(SpringApplication.java:335) ~[spring-boot-3.3.1.jar:3.3.1]
	at org.springframework.boot.test.context.SpringBootContextLoader.lambda$loadContext$3(SpringBootContextLoader.java:137) ~[spring-boot-test-3.3.1.jar:3.3.1]
	at org.springframework.util.function.ThrowingSupplier.get(ThrowingSupplier.java:58) ~[spring-core-6.1.10.jar:6.1.10]
	at org.springframework.util.function.ThrowingSupplier.get(ThrowingSupplier.java:46) ~[spring-core-6.1.10.jar:6.1.10]
	at org.springframework.boot.SpringApplication.withHook(SpringApplication.java:1463) ~[spring-boot-3.3.1.jar:3.3.1]
	at org.springframework.boot.test.context.SpringBootContextLoader$ContextLoaderHook.run(SpringBootContextLoader.java:553) ~[spring-boot-test-3.3.1.jar:3.3.1]
	at org.springframework.boot.test.context.SpringBootContextLoader.loadContext(SpringBootContextLoader.java:137) ~[spring-boot-test-3.3.1.jar:3.3.1]
	at org.springframework.boot.test.context.SpringBootContextLoader.loadContext(SpringBootContextLoader.java:108) ~[spring-boot-test-3.3.1.jar:3.3.1]
	at org.springframework.test.context.cache.DefaultCacheAwareContextLoaderDelegate.loadContextInternal(DefaultCacheAwareContextLoaderDelegate.java:225) ~[spring-test-6.1.10.jar:6.1.10]
	at org.springframework.test.context.cache.DefaultCacheAwareContextLoaderDelegate.loadContext(DefaultCacheAwareContextLoaderDelegate.java:152) ~[spring-test-6.1.10.jar:6.1.10]
	at org.springframework.test.context.support.DefaultTestContext.getApplicationContext(DefaultTestContext.java:130) ~[spring-test-6.1.10.jar:6.1.10]
	at org.springframework.test.context.web.ServletTestExecutionListener.setUpRequestContextIfNecessary(ServletTestExecutionListener.java:191) ~[spring-test-6.1.10.jar:6.1.10]
	at org.springframework.test.context.web.ServletTestExecutionListener.prepareTestInstance(ServletTestExecutionListener.java:130) ~[spring-test-6.1.10.jar:6.1.10]
	at org.springframework.test.context.TestContextManager.prepareTestInstance(TestContextManager.java:260) ~[spring-test-6.1.10.jar:6.1.10]
	at org.springframework.test.context.junit.jupiter.SpringExtension.postProcessTestInstance(SpringExtension.java:163) ~[spring-test-6.1.10.jar:6.1.10]
	at org.junit.jupiter.engine.descriptor.ClassBasedTestDescriptor.lambda$invokeTestInstancePostProcessors$10(ClassBasedTestDescriptor.java:378) ~[junit-jupiter-engine-5.10.2.jar:5.10.2]
	at org.junit.jupiter.engine.descriptor.ClassBasedTestDescriptor.executeAndMaskThrowable(ClassBasedTestDescriptor.java:383) ~[junit-jupiter-engine-5.10.2.jar:5.10.2]
	at org.junit.jupiter.engine.descriptor.ClassBasedTestDescriptor.lambda$invokeTestInstancePostProcessors$11(ClassBasedTestDescriptor.java:378) ~[junit-jupiter-engine-5.10.2.jar:5.10.2]
	at java.base/java.util.stream.ReferencePipeline$3$1.accept(ReferencePipeline.java:197) ~[na:na]
	at java.base/java.util.stream.ReferencePipeline$2$1.accept(ReferencePipeline.java:179) ~[na:na]
	at java.base/java.util.ArrayList$ArrayListSpliterator.forEachRemaining(ArrayList.java:1708) ~[na:na]
	at java.base/java.util.stream.AbstractPipeline.copyInto(AbstractPipeline.java:509) ~[na:na]
	at java.base/java.util.stream.AbstractPipeline.wrapAndCopyInto(AbstractPipeline.java:499) ~[na:na]
	at java.base/java.util.stream.StreamSpliterators$WrappingSpliterator.forEachRemaining(StreamSpliterators.java:310) ~[na:na]
	at java.base/java.util.stream.Streams$ConcatSpliterator.forEachRemaining(Streams.java:735) ~[na:na]
	at java.base/java.util.stream.Streams$ConcatSpliterator.forEachRemaining(Streams.java:734) ~[na:na]
	at java.base/java.util.stream.ReferencePipeline$Head.forEach(ReferencePipeline.java:762) ~[na:na]
	at org.junit.jupiter.engine.descriptor.ClassBasedTestDescriptor.invokeTestInstancePostProcessors(ClassBasedTestDescriptor.java:377) ~[junit-jupiter-engine-5.10.2.jar:5.10.2]
	at org.junit.jupiter.engine.descriptor.ClassBasedTestDescriptor.lambda$instantiateAndPostProcessTestInstance$6(ClassBasedTestDescriptor.java:290) ~[junit-jupiter-engine-5.10.2.jar:5.10.2]
	at org.junit.platform.engine.support.hierarchical.ThrowableCollector.execute(ThrowableCollector.java:73) ~[junit-platform-engine-1.10.2.jar:1.10.2]
	at org.junit.jupiter.engine.descriptor.ClassBasedTestDescriptor.instantiateAndPostProcessTestInstance(ClassBasedTestDescriptor.java:289) ~[junit-jupiter-engine-5.10.2.jar:5.10.2]
	at org.junit.jupiter.engine.descriptor.ClassBasedTestDescriptor.lambda$testInstancesProvider$4(ClassBasedTestDescriptor.java:279) ~[junit-jupiter-engine-5.10.2.jar:5.10.2]
	at java.base/java.util.Optional.orElseGet(Optional.java:364) ~[na:na]
	at org.junit.jupiter.engine.descriptor.ClassBasedTestDescriptor.lambda$testInstancesProvider$5(ClassBasedTestDescriptor.java:278) ~[junit-jupiter-engine-5.10.2.jar:5.10.2]
	at org.junit.jupiter.engine.execution.TestInstancesProvider.getTestInstances(TestInstancesProvider.java:31) ~[junit-jupiter-engine-5.10.2.jar:5.10.2]
	at org.junit.jupiter.engine.descriptor.TestMethodTestDescriptor.lambda$prepare$0(TestMethodTestDescriptor.java:106) ~[junit-jupiter-engine-5.10.2.jar:5.10.2]
	at org.junit.platform.engine.support.hierarchical.ThrowableCollector.execute(ThrowableCollector.java:73) ~[junit-platform-engine-1.10.2.jar:1.10.2]
	at org.junit.jupiter.engine.descriptor.TestMethodTestDescriptor.prepare(TestMethodTestDescriptor.java:105) ~[junit-jupiter-engine-5.10.2.jar:5.10.2]
	at org.junit.jupiter.engine.descriptor.TestMethodTestDescriptor.prepare(TestMethodTestDescriptor.java:69) ~[junit-jupiter-engine-5.10.2.jar:5.10.2]
	at org.junit.platform.engine.support.hierarchical.NodeTestTask.lambda$prepare$2(NodeTestTask.java:123) ~[junit-platform-engine-1.10.2.jar:1.10.2]
	at org.junit.platform.engine.support.hierarchical.ThrowableCollector.execute(ThrowableCollector.java:73) ~[junit-platform-engine-1.10.2.jar:1.10.2]
	at org.junit.platform.engine.support.hierarchical.NodeTestTask.prepare(NodeTestTask.java:123) ~[junit-platform-engine-1.10.2.jar:1.10.2]
	at org.junit.platform.engine.support.hierarchical.NodeTestTask.execute(NodeTestTask.java:90) ~[junit-platform-engine-1.10.2.jar:1.10.2]
	at java.base/java.util.ArrayList.forEach(ArrayList.java:1596) ~[na:na]
	at org.junit.platform.engine.support.hierarchical.SameThreadHierarchicalTestExecutorService.invokeAll(SameThreadHierarchicalTestExecutorService.java:41) ~[junit-platform-engine-1.10.2.jar:1.10.2]
	at org.junit.platform.engine.support.hierarchical.NodeTestTask.lambda$executeRecursively$6(NodeTestTask.java:155) ~[junit-platform-engine-1.10.2.jar:1.10.2]
	at org.junit.platform.engine.support.hierarchical.ThrowableCollector.execute(ThrowableCollector.java:73) ~[junit-platform-engine-1.10.2.jar:1.10.2]
	at org.junit.platform.engine.support.hierarchical.NodeTestTask.lambda$executeRecursively$8(NodeTestTask.java:141) ~[junit-platform-engine-1.10.2.jar:1.10.2]
	at org.junit.platform.engine.support.hierarchical.Node.around(Node.java:137) ~[junit-platform-engine-1.10.2.jar:1.10.2]
	at org.junit.platform.engine.support.hierarchical.NodeTestTask.lambda$executeRecursively$9(NodeTestTask.java:139) ~[junit-platform-engine-1.10.2.jar:1.10.2]
	at org.junit.platform.engine.support.hierarchical.ThrowableCollector.execute(ThrowableCollector.java:73) ~[junit-platform-engine-1.10.2.jar:1.10.2]
	at org.junit.platform.engine.support.hierarchical.NodeTestTask.executeRecursively(NodeTestTask.java:138) ~[junit-platform-engine-1.10.2.jar:1.10.2]
	at org.junit.platform.engine.support.hierarchical.NodeTestTask.execute(NodeTestTask.java:95) ~[junit-platform-engine-1.10.2.jar:1.10.2]
	at java.base/java.util.ArrayList.forEach(ArrayList.java:1596) ~[na:na]
	at org.junit.platform.engine.support.hierarchical.SameThreadHierarchicalTestExecutorService.invokeAll(SameThreadHierarchicalTestExecutorService.java:41) ~[junit-platform-engine-1.10.2.jar:1.10.2]
	at org.junit.platform.engine.support.hierarchical.NodeTestTask.lambda$executeRecursively$6(NodeTestTask.java:155) ~[junit-platform-engine-1.10.2.jar:1.10.2]
	at org.junit.platform.engine.support.hierarchical.ThrowableCollector.execute(ThrowableCollector.java:73) ~[junit-platform-engine-1.10.2.jar:1.10.2]
	at org.junit.platform.engine.support.hierarchical.NodeTestTask.lambda$executeRecursively$8(NodeTestTask.java:141) ~[junit-platform-engine-1.10.2.jar:1.10.2]
	at org.junit.platform.engine.support.hierarchical.Node.around(Node.java:137) ~[junit-platform-engine-1.10.2.jar:1.10.2]
	at org.junit.platform.engine.support.hierarchical.NodeTestTask.lambda$executeRecursively$9(NodeTestTask.java:139) ~[junit-platform-engine-1.10.2.jar:1.10.2]
	at org.junit.platform.engine.support.hierarchical.ThrowableCollector.execute(ThrowableCollector.java:73) ~[junit-platform-engine-1.10.2.jar:1.10.2]
	at org.junit.platform.engine.support.hierarchical.NodeTestTask.executeRecursively(NodeTestTask.java:138) ~[junit-platform-engine-1.10.2.jar:1.10.2]
	at org.junit.platform.engine.support.hierarchical.NodeTestTask.execute(NodeTestTask.java:95) ~[junit-platform-engine-1.10.2.jar:1.10.2]
	at org.junit.platform.engine.support.hierarchical.SameThreadHierarchicalTestExecutorService.submit(SameThreadHierarchicalTestExecutorService.java:35) ~[junit-platform-engine-1.10.2.jar:1.10.2]
	at org.junit.platform.engine.support.hierarchical.HierarchicalTestExecutor.execute(HierarchicalTestExecutor.java:57) ~[junit-platform-engine-1.10.2.jar:1.10.2]
	at org.junit.platform.engine.support.hierarchical.HierarchicalTestEngine.execute(HierarchicalTestEngine.java:54) ~[junit-platform-engine-1.10.2.jar:1.10.2]
	at org.junit.platform.launcher.core.EngineExecutionOrchestrator.execute(EngineExecutionOrchestrator.java:198) ~[junit-platform-launcher-1.10.2.jar:1.10.2]
	at org.junit.platform.launcher.core.EngineExecutionOrchestrator.execute(EngineExecutionOrchestrator.java:169) ~[junit-platform-launcher-1.10.2.jar:1.10.2]
	at org.junit.platform.launcher.core.EngineExecutionOrchestrator.execute(EngineExecutionOrchestrator.java:93) ~[junit-platform-launcher-1.10.2.jar:1.10.2]
	at org.junit.platform.launcher.core.EngineExecutionOrchestrator.lambda$execute$0(EngineExecutionOrchestrator.java:58) ~[junit-platform-launcher-1.10.2.jar:1.10.2]
	at org.junit.platform.launcher.core.EngineExecutionOrchestrator.withInterceptedStreams(EngineExecutionOrchestrator.java:141) ~[junit-platform-launcher-1.10.2.jar:1.10.2]
	at org.junit.platform.launcher.core.EngineExecutionOrchestrator.execute(EngineExecutionOrchestrator.java:57) ~[junit-platform-launcher-1.10.2.jar:1.10.2]
	at org.junit.platform.launcher.core.DefaultLauncher.execute(DefaultLauncher.java:103) ~[junit-platform-launcher-1.10.2.jar:1.10.2]
	at org.junit.platform.launcher.core.DefaultLauncher.execute(DefaultLauncher.java:85) ~[junit-platform-launcher-1.10.2.jar:1.10.2]
	at org.junit.platform.launcher.core.DelegatingLauncher.execute(DelegatingLauncher.java:47) ~[junit-platform-launcher-1.10.2.jar:1.10.2]
	at org.apache.maven.surefire.junitplatform.LazyLauncher.execute(LazyLauncher.java:56) ~[surefire-junit-platform-3.2.5.jar:3.2.5]
	at org.apache.maven.surefire.junitplatform.JUnitPlatformProvider.execute(JUnitPlatformProvider.java:184) ~[surefire-junit-platform-3.2.5.jar:3.2.5]
	at org.apache.maven.surefire.junitplatform.JUnitPlatformProvider.invokeAllTests(JUnitPlatformProvider.java:148) ~[surefire-junit-platform-3.2.5.jar:3.2.5]
	at org.apache.maven.surefire.junitplatform.JUnitPlatformProvider.invoke(JUnitPlatformProvider.java:122) ~[surefire-junit-platform-3.2.5.jar:3.2.5]
	at org.apache.maven.surefire.booter.ForkedBooter.runSuitesInProcess(ForkedBooter.java:385) ~[surefire-booter-3.2.5.jar:3.2.5]
	at org.apache.maven.surefire.booter.ForkedBooter.execute(ForkedBooter.java:162) ~[surefire-booter-3.2.5.jar:3.2.5]
	at org.apache.maven.surefire.booter.ForkedBooter.run(ForkedBooter.java:507) ~[surefire-booter-3.2.5.jar:3.2.5]
	at org.apache.maven.surefire.booter.ForkedBooter.main(ForkedBooter.java:495) ~[surefire-booter-3.2.5.jar:3.2.5]

2024-08-10T20:59:20.061-05:00  WARN 40026 --- [rapidsecure] [           main] JpaBaseConfiguration$JpaWebConfiguration : spring.jpa.open-in-view is enabled by default. Therefore, database queries may be performed during view rendering. Explicitly configure spring.jpa.open-in-view to disable this warning
2024-08-10T20:59:20.339-05:00 DEBUG 40026 --- [rapidsecure] [           main] s.w.s.m.m.a.RequestMappingHandlerMapping : 29 mappings in 'requestMappingHandlerMapping'
2024-08-10T20:59:20.708-05:00 DEBUG 40026 --- [rapidsecure] [           main] o.s.w.s.handler.SimpleUrlHandlerMapping  : Patterns [/webjars/**, /**, /swagger-ui*/*swagger-initializer.js, /swagger-ui*/**] in 'resourceHandlerMapping'
2024-08-10T20:59:20.796-05:00 DEBUG 40026 --- [rapidsecure] [           main] s.w.s.m.m.a.RequestMappingHandlerAdapter : ControllerAdvice beans: 0 @ModelAttribute, 0 @InitBinder, 1 RequestBodyAdvice, 1 ResponseBodyAdvice
2024-08-10T20:59:20.861-05:00 DEBUG 40026 --- [rapidsecure] [           main] .m.m.a.ExceptionHandlerExceptionResolver : ControllerAdvice beans: 1 @ExceptionHandler, 1 ResponseBodyAdvice
2024-08-10T20:59:21.163-05:00  INFO 40026 --- [rapidsecure] [           main] c.r.r.RapidsecureApplicationTests        : Started RapidsecureApplicationTests in 18.795 seconds (process running for 20.395)
]]></system-out>
    <system-err><![CDATA[WARNING: A Java agent has been loaded dynamically (/home/sucode/.m2/repository/net/bytebuddy/byte-buddy-agent/1.14.17/byte-buddy-agent-1.14.17.jar)
WARNING: If a serviceability tool is in use, please run with -XX:+EnableDynamicAgentLoading to hide this warning
WARNING: If a serviceability tool is not in use, please run with -Djdk.instrument.traceUsage for more information
WARNING: Dynamic loading of agents will be disallowed by default in a future release
]]></system-err>
  </testcase>
</testsuite>